2024-06-24 12:28:12,693 - 2024-06-24 08:28:12.693718-04:00 - 08:28:12
2024-06-24 13:28:12,709 - 2024-06-24 09:28:12.709491-04:00 - 09:28:12
2024-06-24 14:28:12,810 - 2024-06-24 10:28:12.810018-04:00 - 10:28:12
2024-06-24 14:28:12,810 - Go selling...
2024-06-24 15:28:12,910 - 2024-06-24 11:28:12.910554-04:00 - 11:28:12
2024-06-24 16:28:13,011 - 2024-06-24 12:28:13.010977-04:00 - 12:28:13
2024-06-24 17:28:13,061 - 2024-06-24 13:28:13.061477-04:00 - 13:28:13
2024-06-24 18:28:13,161 - 2024-06-24 14:28:13.161889-04:00 - 14:28:13
2024-06-24 18:28:13,162 - Go buying...
2024-06-24 18:28:14,623 - 2024-06-24 14:28:13.161889-04:00 Predit on buy: spxl, 0.9, 0.02, 0, 146.37989807128906
2024-06-24 18:28:16,131 - 2024-06-24 14:28:13.161889-04:00 Predit on buy: tqqq, 0.9, 0.7249806973376482, 0, 72.23999786376953
2024-06-24 18:28:17,503 - 2024-06-24 14:28:13.161889-04:00 Predit on buy: tecl, 0.9, 0.9268962231040134, 1, 93.66999816894531
2024-06-24 18:28:18,901 - 2024-06-24 14:28:13.161889-04:00 Predit on buy: soxl, 0.9, 0.9353479853479854, 1, 53.90010070800781
2024-06-24 18:28:20,287 - 2024-06-24 14:28:13.161889-04:00 Predit on buy: nvdl, 0.9, 0.9532229965156794, 1, 64.7699966430664
2024-06-24 18:28:21,612 - 2024-06-24 14:28:13.161889-04:00 Predit on buy: fngu, 0.9, 0.9063343175107882, 1, 408.9549865722656
2024-06-24 18:28:21,618 - Stock to buy: [('nvdl', 64.7699966430664, 0.9532229965156794), ('soxl', 53.90010070800781, 0.9353479853479854), ('tecl', 93.66999816894531, 0.9268962231040134), ('fngu', 408.9549865722656, 0.9063343175107882)]
2024-06-24 18:28:23,341 - Email error: (535, b'5.7.8 Username and Password not accepted. For more information, go to\n5.7.8  https://support.google.com/mail/?p=BadCredentials af79cd13be357-79bce89a43fsm336318085a.14 - gsmtp')
2024-06-24 18:28:23,342 - nvdl is bought at 64.7699966430664 with 50.0 on 2024-06-24 14:28:13.161889-04:00
2024-06-24 18:28:24,783 - Email error: (535, b'5.7.8 Username and Password not accepted. For more information, go to\n5.7.8  https://support.google.com/mail/?p=BadCredentials af79cd13be357-79bce89d612sm336199385a.5 - gsmtp')
2024-06-24 18:28:24,783 - soxl is bought at 53.90010070800781 with 61.0 on 2024-06-24 14:28:13.161889-04:00
2024-06-24 18:28:26,383 - Email error: (535, b'5.7.8 Username and Password not accepted. For more information, go to\n5.7.8  https://support.google.com/mail/?p=BadCredentials 6a1803df08f44-6b51ed16142sm36974956d6.31 - gsmtp')
2024-06-24 18:28:26,384 - tecl is bought at 93.66999816894531 with 36.0 on 2024-06-24 14:28:13.161889-04:00
2024-06-24 19:28:26,425 - 2024-06-24 15:28:26.425472-04:00 - 15:28:26
2024-06-24 20:28:26,526 - 2024-06-24 16:28:26.525880-04:00 - 16:28:26
2024-06-24 21:28:26,626 - 2024-06-24 17:28:26.626286-04:00 - 17:28:26
2024-06-24 22:28:26,644 - 2024-06-24 18:28:26.644132-04:00 - 18:28:26
2024-06-24 23:28:26,744 - 2024-06-24 19:28:26.744550-04:00 - 19:28:26
2024-06-25 00:28:26,758 - 2024-06-24 20:28:26.758828-04:00 - 20:28:26
2024-06-25 01:28:26,857 - 2024-06-24 21:28:26.857480-04:00 - 21:28:26
2024-06-25 02:28:26,873 - 2024-06-24 22:28:26.873491-04:00 - 22:28:26
2024-06-25 02:28:26,873 - Go logging...
2024-06-25 02:28:28,510 - Email error: (535, b'5.7.8 Username and Password not accepted. For more information, go to\n5.7.8  https://support.google.com/mail/?p=BadCredentials 6a1803df08f44-6b529eb3decsm32039066d6.12 - gsmtp')
2024-06-25 02:28:28,510 - ==== 2024-06-24 22:28:26.873491-04:00 ====
2024-06-25 02:28:28,510 - == Holds:
2024-06-25 02:28:28,661 - nvdl, [50.0, 64.7699966430664, 3238.4998321533203, 64.7699966430664], |, 3202.9998779296875, -35.49995422363281
2024-06-25 02:28:28,726 - soxl, [61.0, 53.90010070800781, 3287.9061431884766, 53.90010070800781], |, 3246.4200744628906, -41.48606872558594
2024-06-25 02:28:28,769 - tecl, [36.0, 93.66999816894531, 3372.1199340820312, 93.66999816894531], |, 3344.4000549316406, -27.719879150390625
2024-06-25 02:28:28,769 - == Cash: 101.47409057617188
2024-06-25 02:28:28,769 - == Total: 9895.29409790039
2024-06-25 03:28:28,870 - 2024-06-24 23:28:28.869995-04:00 - 23:28:28
2024-06-25 04:28:28,881 - 2024-06-25 00:28:28.881479-04:00 - 00:28:28
2024-06-25 05:28:28,982 - 2024-06-25 01:28:28.981926-04:00 - 01:28:28
2024-06-25 06:28:28,985 - 2024-06-25 02:28:28.985485-04:00 - 02:28:28
2024-06-25 07:28:29,086 - 2024-06-25 03:28:29.085934-04:00 - 03:28:29
2024-06-25 08:28:29,089 - 2024-06-25 04:28:29.089477-04:00 - 04:28:29
2024-06-25 09:28:29,190 - 2024-06-25 05:28:29.189917-04:00 - 05:28:29
2024-06-25 10:28:29,245 - 2024-06-25 06:28:29.245480-04:00 - 06:28:29
2024-06-25 11:28:29,346 - 2024-06-25 07:28:29.345885-04:00 - 07:28:29
