2024-06-25 12:28:29,449 - 2024-06-25 08:28:29.449584-04:00 - 08:28:29
2024-06-25 13:28:29,550 - 2024-06-25 09:28:29.550073-04:00 - 09:28:29
2024-06-25 14:28:29,650 - 2024-06-25 10:28:29.650501-04:00 - 10:28:29
2024-06-25 14:28:29,650 - Go selling...
2024-06-25 14:28:31,108 - 2024-06-25 10:28:29.650501-04:00 Predit on buy: spxl, 0.9, 0.0, 0, 146.05999755859375
2024-06-25 14:28:32,431 - 2024-06-25 10:28:29.650501-04:00 Predit on buy: tqqq, 0.9, 0.02, 0, 73.26000213623047
2024-06-25 14:28:33,807 - 2024-06-25 10:28:29.650501-04:00 Predit on buy: tecl, 0.9, 0.1284393807232897, 0, 94.90499877929688
2024-06-25 14:28:35,301 - 2024-06-25 10:28:29.650501-04:00 Predit on buy: soxl, 0.9, 0.7512550773420339, 0, 54.060001373291016
2024-06-25 14:28:36,695 - 2024-06-25 10:28:29.650501-04:00 Predit on buy: nvdl, 0.9, 0.7370486032250738, 0, 67.97219848632812
2024-06-25 14:28:38,035 - 2024-06-25 10:28:29.650501-04:00 Predit on buy: fngu, 0.9, 0.04, 0, 418.9664001464844
2024-06-25 14:28:38,035 - Stock to buy: []
2024-06-25 14:28:39,689 - 2024-06-25 10:28:29.650501-04:00 To sell for predict: nvdl, 0.9, [0.         0.11439092], 0, 68.01439666748047
2024-06-25 14:28:41,096 - 2024-06-25 10:28:29.650501-04:00 To sell for predict: soxl, 0.9, [0. 0.], 0, 54.11000061035156
2024-06-25 14:28:42,499 - 2024-06-25 10:28:29.650501-04:00 To sell for predict: tecl, 0.9, [0.         0.02618832], 0, 94.90499877929688
2024-06-25 15:28:42,599 - 2024-06-25 11:28:42.599713-04:00 - 11:28:42
2024-06-25 16:28:42,681 - 2024-06-25 12:28:42.681493-04:00 - 12:28:42
2024-06-25 17:28:42,749 - 2024-06-25 13:28:42.749503-04:00 - 13:28:42
2024-06-25 18:28:42,809 - 2024-06-25 14:28:42.809474-04:00 - 14:28:42
2024-06-25 18:28:42,809 - Go buying...
2024-06-25 19:28:42,909 - 2024-06-25 15:28:42.909475-04:00 - 15:28:42
2024-06-25 20:28:43,010 - 2024-06-25 16:28:43.009907-04:00 - 16:28:43
2024-06-25 21:28:43,110 - 2024-06-25 17:28:43.110359-04:00 - 17:28:43
2024-06-25 22:28:43,210 - 2024-06-25 18:28:43.210806-04:00 - 18:28:43
2024-06-25 23:28:43,311 - 2024-06-25 19:28:43.311250-04:00 - 19:28:43
2024-06-26 00:28:43,365 - 2024-06-25 20:28:43.364968-04:00 - 20:28:43
2024-06-26 01:28:43,465 - 2024-06-25 21:28:43.465447-04:00 - 21:28:43
2024-06-26 02:28:43,572 - 2024-06-25 22:28:43.572763-04:00 - 22:28:43
2024-06-26 02:28:43,573 - Go logging...
2024-06-26 02:28:45,145 - Email error: (535, b'5.7.8 Username and Password not accepted. For more information, go to\n5.7.8  https://support.google.com/mail/?p=BadCredentials d75a77b69052e-44500d44b68sm9781511cf.48 - gsmtp')
2024-06-26 02:28:45,145 - ==== 2024-06-25 22:28:43.572763-04:00 ====
2024-06-26 02:28:45,145 - == Holds:
2024-06-26 02:28:45,360 - nvdl, [50.0, 64.7699966430664, 3238.4998321533203, 68.01439666748047], |, 3643.5001373291016, 405.00030517578125
2024-06-26 02:28:45,433 - soxl, [61.0, 53.90010070800781, 3287.9061431884766, 54.11000061035156], |, 3373.2999534606934, 85.3938102722168
2024-06-26 02:28:45,498 - tecl, [36.0, 93.66999816894531, 3372.1199340820312, 94.90499877929688], |, 3519.7198791503906, 147.59994506835938
2024-06-26 02:28:45,499 - == Cash: 101.47409057617188
2024-06-26 02:28:45,499 - == Total: 10637.994060516357
2024-06-26 03:28:45,561 - 2024-06-25 23:28:45.561487-04:00 - 23:28:45
2024-06-26 04:28:45,662 - 2024-06-26 00:28:45.661944-04:00 - 00:28:45
2024-06-26 05:28:45,735 - 2024-06-26 01:28:45.735410-04:00 - 01:28:45
2024-06-26 06:28:45,835 - 2024-06-26 02:28:45.835838-04:00 - 02:28:45
2024-06-26 07:28:45,933 - 2024-06-26 03:28:45.933478-04:00 - 03:28:45
2024-06-26 08:28:46,041 - 2024-06-26 04:28:46.041639-04:00 - 04:28:46
2024-06-26 09:28:46,142 - 2024-06-26 05:28:46.142100-04:00 - 05:28:46
2024-06-26 10:28:46,197 - 2024-06-26 06:28:46.197555-04:00 - 06:28:46
2024-06-26 11:28:46,201 - 2024-06-26 07:28:46.201525-04:00 - 07:28:46
