2024-07-30 12:36:19,262 - 2024-07-30 08:36:19.262282-04:00 - 08:36:19
2024-07-30 13:36:19,273 - 2024-07-30 09:36:19.273481-04:00 - 09:36:19
2024-07-30 14:36:19,374 - 2024-07-30 10:36:19.373900-04:00 - 10:36:19
2024-07-30 14:36:19,374 - Go selling...
2024-07-30 14:36:20,901 - 2024-07-30 10:36:19.373900-04:00 Predit on buy: spxl, 0.9, 0.08, 0, 143.78990173339844
2024-07-30 14:36:22,233 - 2024-07-30 10:36:19.373900-04:00 Predit on buy: tqqq, 0.9, 0.8816080977845685, 0, 64.59500122070312
2024-07-30 14:36:23,638 - 2024-07-30 10:36:19.373900-04:00 Predit on buy: tecl, 0.9, 0.9388038051018937, 1, 78.69219970703125
2024-07-30 14:36:25,092 - 2024-07-30 10:36:19.373900-04:00 Predit on buy: soxl, 0.9, 0.9637362637362639, 1, 39.68000030517578
2024-07-30 14:36:26,424 - 2024-07-30 10:36:19.373900-04:00 Predit on buy: nvdl, 0.9, 1.0, 1, 50.2599983215332
2024-07-30 14:36:27,912 - 2024-07-30 10:36:19.373900-04:00 Predit on buy: fngu, 0.9, 0.856876931663472, 0, 384.7749938964844
2024-07-30 14:36:27,912 - Stock to buy: [('nvdl', 50.2599983215332, 1.0), ('soxl', 39.68000030517578, 0.9637362637362639), ('tecl', 78.69219970703125, 0.9388038051018937)]
2024-07-30 14:36:29,387 - 2024-07-30 10:36:19.373900-04:00 To sell for predict: fngu, 0.9, [0. 0.], 0, 384.7749938964844
2024-07-30 15:36:29,487 - 2024-07-30 11:36:29.487503-04:00 - 11:36:29
2024-07-30 16:36:29,588 - 2024-07-30 12:36:29.588079-04:00 - 12:36:29
2024-07-30 17:36:29,682 - 2024-07-30 13:36:29.682132-04:00 - 13:36:29
2024-07-30 18:36:29,765 - 2024-07-30 14:36:29.765485-04:00 - 14:36:29
2024-07-30 18:36:29,765 - Go buying...
2024-07-30 18:36:31,318 - 2024-07-30 14:36:29.765485-04:00 Predit on buy: spxl, 0.9, 0.22763736263736262, 0, 142.0
2024-07-30 18:36:32,794 - 2024-07-30 14:36:29.765485-04:00 Predit on buy: tqqq, 0.9, 0.8973223834988542, 0, 63.11009979248047
2024-07-30 18:36:34,316 - 2024-07-30 14:36:29.765485-04:00 Predit on buy: tecl, 0.9, 0.9033928792484293, 1, 76.37000274658203
2024-07-30 18:36:35,889 - 2024-07-30 14:36:29.765485-04:00 Predit on buy: soxl, 0.9, 0.9453206047897584, 1, 38.660301208496094
2024-07-30 18:36:37,314 - 2024-07-30 14:36:29.765485-04:00 Predit on buy: nvdl, 0.9, 0.9453206047897584, 1, 49.64929962158203
2024-07-30 18:36:38,737 - 2024-07-30 14:36:29.765485-04:00 Predit on buy: fngu, 0.9, 0.8884771746536453, 0, 373.739990234375
2024-07-30 18:36:38,737 - Stock to buy: [('soxl', 38.660301208496094, 0.9453206047897584), ('nvdl', 49.64929962158203, 0.9453206047897584), ('tecl', 76.37000274658203, 0.9033928792484293)]
2024-07-30 19:36:38,772 - 2024-07-30 15:36:38.772704-04:00 - 15:36:38
2024-07-30 20:36:38,873 - 2024-07-30 16:36:38.873160-04:00 - 16:36:38
2024-07-30 21:36:38,969 - 2024-07-30 17:36:38.969489-04:00 - 17:36:38
2024-07-30 22:36:39,017 - 2024-07-30 18:36:39.017493-04:00 - 18:36:39
2024-07-30 23:36:39,033 - 2024-07-30 19:36:39.033521-04:00 - 19:36:39
2024-07-31 00:36:39,097 - 2024-07-30 20:36:39.097476-04:00 - 20:36:39
2024-07-31 01:36:39,198 - 2024-07-30 21:36:39.197943-04:00 - 21:36:39
2024-07-31 02:36:39,253 - 2024-07-30 22:36:39.253500-04:00 - 22:36:39
2024-07-31 02:36:39,253 - Go logging...
2024-07-31 02:36:40,430 - Email error: (535, b'5.7.8 Username and Password not accepted. For more information, go to\n5.7.8  https://support.google.com/mail/?p=BadCredentials af79cd13be357-7a1d73ed346sm697013185a.68 - gsmtp')
2024-07-31 02:36:40,430 - ==== 2024-07-30 22:36:39.253500-04:00 ====
2024-07-31 02:36:40,430 - == Holds:
2024-07-31 02:36:40,564 - fngu, [7.0, 391.25, 2738.75, 397.75], |, 2595.9500427246094, -142.79995727539062
2024-07-31 02:36:40,632 - nvdl, [101.0, 55.16999816894531, 5572.169815063477, 55.16999816894531], |, 4757.0998458862305, -815.0699691772461
2024-07-31 02:36:40,632 - == Cash: 131.6599235534668
2024-07-31 02:36:40,632 - == Total: 7484.709812164307
2024-07-31 03:36:40,652 - 2024-07-30 23:36:40.652048-04:00 - 23:36:40
2024-07-31 04:36:40,752 - 2024-07-31 00:36:40.752447-04:00 - 00:36:40
2024-07-31 05:36:40,853 - 2024-07-31 01:36:40.852915-04:00 - 01:36:40
2024-07-31 06:36:40,953 - 2024-07-31 02:36:40.953430-04:00 - 02:36:40
2024-07-31 07:36:41,017 - 2024-07-31 03:36:41.017488-04:00 - 03:36:41
2024-07-31 08:36:41,081 - 2024-07-31 04:36:41.081474-04:00 - 04:36:41
2024-07-31 09:36:41,181 - 2024-07-31 05:36:41.181847-04:00 - 05:36:41
2024-07-31 10:36:41,282 - 2024-07-31 06:36:41.282348-04:00 - 06:36:41
2024-07-31 11:36:41,337 - 2024-07-31 07:36:41.337502-04:00 - 07:36:41
