2024-06-21 12:27:57,246 - 2024-06-21 08:27:57.246208-04:00 - 08:27:57
2024-06-21 13:27:57,346 - 2024-06-21 09:27:57.346736-04:00 - 09:27:57
2024-06-21 14:27:57,433 - 2024-06-21 10:27:57.433493-04:00 - 10:27:57
2024-06-21 14:27:57,433 - Go selling...
2024-06-21 15:27:57,457 - 2024-06-21 11:27:57.457459-04:00 - 11:27:57
2024-06-21 16:27:57,477 - 2024-06-21 12:27:57.477481-04:00 - 12:27:57
2024-06-21 17:27:57,578 - 2024-06-21 13:27:57.577956-04:00 - 13:27:57
2024-06-21 18:27:57,581 - 2024-06-21 14:27:57.581300-04:00 - 14:27:57
2024-06-21 18:27:57,581 - Go buying...
2024-06-21 18:27:59,108 - 2024-06-21 14:27:57.581300-04:00 Predit on buy: spxl, 0.9, 0.02, 0, 147.05999755859375
2024-06-21 18:28:00,433 - 2024-06-21 14:27:57.581300-04:00 Predit on buy: tqqq, 0.9, 0.02, 0, 74.62010192871094
2024-06-21 18:28:01,826 - 2024-06-21 14:27:57.581300-04:00 Predit on buy: tecl, 0.9, 0.045, 0, 100.56999969482422
2024-06-21 18:28:03,291 - 2024-06-21 14:27:57.581300-04:00 Predit on buy: soxl, 0.9, 0.8126967679153594, 0, 58.170101165771484
2024-06-21 18:28:04,699 - 2024-06-21 14:27:57.581300-04:00 Predit on buy: nvdl, 0.9, 0.8944295556060263, 0, 73.80000305175781
2024-06-21 18:28:06,100 - 2024-06-21 14:27:57.581300-04:00 Predit on buy: fngu, 0.9, 0.17097106354385588, 0, 429.7381896972656
2024-06-21 18:28:06,100 - Stock to buy: []
2024-06-21 19:28:06,200 - 2024-06-21 15:28:06.200536-04:00 - 15:28:06
2024-06-21 20:28:06,301 - 2024-06-21 16:28:06.300968-04:00 - 16:28:06
2024-06-21 21:28:06,329 - 2024-06-21 17:28:06.329470-04:00 - 17:28:06
2024-06-21 22:28:06,430 - 2024-06-21 18:28:06.429965-04:00 - 18:28:06
2024-06-21 23:28:06,530 - 2024-06-21 19:28:06.530368-04:00 - 19:28:06
2024-06-22 00:28:06,630 - 2024-06-21 20:28:06.630772-04:00 - 20:28:06
2024-06-22 01:28:06,681 - 2024-06-21 21:28:06.681480-04:00 - 21:28:06
2024-06-22 02:28:06,782 - 2024-06-21 22:28:06.781928-04:00 - 22:28:06
2024-06-22 02:28:06,782 - Go logging...
2024-06-22 02:28:08,425 - Email error: (535, b'5.7.8 Username and Password not accepted. For more information, go to\n5.7.8  https://support.google.com/mail/?p=BadCredentials af79cd13be357-79bce9344ffsm132723885a.121 - gsmtp')
2024-06-22 02:28:08,426 - ==== 2024-06-21 22:28:06.781928-04:00 ====
2024-06-22 02:28:08,426 - == Holds:
2024-06-22 02:28:08,426 - == Cash: 10000
2024-06-22 02:28:08,426 - == Total: 10000.0
2024-06-22 03:28:08,444 - 2024-06-21 23:28:08.444728-04:00 - 23:28:08
2024-06-22 04:28:08,545 - 2024-06-22 00:28:08.545168-04:00 - 00:28:08
2024-06-22 05:28:08,577 - 2024-06-22 01:28:08.577495-04:00 - 01:28:08
2024-06-22 06:28:08,678 - 2024-06-22 02:28:08.677967-04:00 - 02:28:08
2024-06-22 07:28:08,697 - 2024-06-22 03:28:08.697464-04:00 - 03:28:08
2024-06-22 08:28:08,793 - 2024-06-22 04:28:08.793506-04:00 - 04:28:08
2024-06-22 09:28:08,894 - 2024-06-22 05:28:08.893988-04:00 - 05:28:08
2024-06-22 10:28:08,909 - 2024-06-22 06:28:08.909487-04:00 - 06:28:08
2024-06-22 11:28:09,012 - 2024-06-22 07:28:09.012713-04:00 - 07:28:09
