2024-07-23 12:34:22,009 - 2024-07-23 08:34:22.009492-04:00 - 08:34:22
2024-07-23 13:34:22,110 - 2024-07-23 09:34:22.109988-04:00 - 09:34:22
2024-07-23 14:34:22,210 - 2024-07-23 10:34:22.210426-04:00 - 10:34:22
2024-07-23 14:34:22,210 - Go selling...
2024-07-23 14:34:23,791 - 2024-07-23 10:34:22.210426-04:00 Predit on buy: spxl, 0.9, 0.0, 0, 154.13999938964844
2024-07-23 14:34:25,435 - 2024-07-23 10:34:22.210426-04:00 Predit on buy: tqqq, 0.9, 0.02, 0, 74.2249984741211
2024-07-23 14:34:26,987 - 2024-07-23 10:34:22.210426-04:00 Predit on buy: tecl, 0.9, 0.04, 0, 95.0
2024-07-23 14:34:28,392 - 2024-07-23 10:34:22.210426-04:00 Predit on buy: soxl, 0.9, 0.7019804942426038, 0, 50.900001525878906
2024-07-23 14:34:29,925 - 2024-07-23 10:34:22.210426-04:00 Predit on buy: nvdl, 0.9, 0.0, 0, 67.8550033569336
2024-07-23 14:34:31,526 - 2024-07-23 10:34:22.210426-04:00 Predit on buy: fngu, 0.9, 0.0, 0, 465.5150146484375
2024-07-23 14:34:31,531 - Stock to buy: []
2024-07-23 14:34:33,144 - 2024-07-23 10:34:22.210426-04:00 To sell for predict: tqqq, 0.9, [0.03986737 0.        ], 0, 74.19999694824219
2024-07-23 14:34:34,727 - 2024-07-23 10:34:22.210426-04:00 To sell for predict: tecl, 0.9, [0.165 0.   ], 0, 95.0
2024-07-23 14:34:36,297 - 2024-07-23 10:34:22.210426-04:00 To sell for predict: fngu, 0.9, [0.09444041 0.075     ], 0, 465.5150146484375
2024-07-23 15:34:36,341 - 2024-07-23 11:34:36.341455-04:00 - 11:34:36
2024-07-23 16:34:36,442 - 2024-07-23 12:34:36.441913-04:00 - 12:34:36
2024-07-23 17:34:36,542 - 2024-07-23 13:34:36.542348-04:00 - 13:34:36
2024-07-23 18:34:36,638 - 2024-07-23 14:34:36.638791-04:00 - 14:34:36
2024-07-23 18:34:36,639 - Go buying...
2024-07-23 19:34:36,661 - 2024-07-23 15:34:36.661490-04:00 - 15:34:36
2024-07-23 20:34:36,762 - 2024-07-23 16:34:36.761873-04:00 - 16:34:36
2024-07-23 21:34:36,862 - 2024-07-23 17:34:36.862335-04:00 - 17:34:36
2024-07-23 22:34:36,962 - 2024-07-23 18:34:36.962740-04:00 - 18:34:36
2024-07-23 23:34:37,005 - 2024-07-23 19:34:37.005480-04:00 - 19:34:37
2024-07-24 00:34:37,021 - 2024-07-23 20:34:37.021488-04:00 - 20:34:37
2024-07-24 01:34:37,121 - 2024-07-23 21:34:37.121890-04:00 - 21:34:37
2024-07-24 02:34:37,222 - 2024-07-23 22:34:37.222310-04:00 - 22:34:37
2024-07-24 02:34:37,222 - Go logging...
2024-07-24 02:34:38,384 - Email error: (535, b'5.7.8 Username and Password not accepted. For more information, go to\n5.7.8  https://support.google.com/mail/?p=BadCredentials d75a77b69052e-44f9cbedf9csm50300561cf.11 - gsmtp')
2024-07-24 02:34:38,384 - ==== 2024-07-23 22:34:37.222310-04:00 ====
2024-07-24 02:34:38,384 - == Holds:
2024-07-24 02:34:38,595 - tqqq, [41.0, 72.41999816894531, 2969.219924926758, 74.19999694824219], |, 3007.760025024414, 38.54010009765625
2024-07-24 02:34:38,661 - tecl, [33.0, 91.7699966430664, 3028.4098892211914, 95.0], |, 3105.960090637207, 77.55020141601562
2024-07-24 02:34:38,715 - fngu, [6.0, 443.7200012207031, 2662.3200073242188, 465.5150146484375], |, 2761.7999267578125, 99.47991943359375
2024-07-24 02:34:38,715 - == Cash: 515.6199836730957
2024-07-24 02:34:38,715 - == Total: 9391.14002609253
2024-07-24 03:34:38,805 - 2024-07-23 23:34:38.805528-04:00 - 23:34:38
2024-07-24 04:34:38,906 - 2024-07-24 00:34:38.905968-04:00 - 00:34:38
2024-07-24 05:34:39,006 - 2024-07-24 01:34:39.006433-04:00 - 01:34:39
2024-07-24 06:34:39,107 - 2024-07-24 02:34:39.106970-04:00 - 02:34:39
2024-07-24 07:34:39,207 - 2024-07-24 03:34:39.207474-04:00 - 03:34:39
2024-07-24 08:34:39,322 - 2024-07-24 04:34:39.322510-04:00 - 04:34:39
2024-07-24 09:34:39,423 - 2024-07-24 05:34:39.422969-04:00 - 05:34:39
2024-07-24 10:34:39,523 - 2024-07-24 06:34:39.523419-04:00 - 06:34:39
2024-07-24 11:34:39,617 - 2024-07-24 07:34:39.617491-04:00 - 07:34:39
