2024-07-09 12:31:08,990 - 2024-07-09 08:31:08.990237-04:00 - 08:31:08
2024-07-09 13:31:09,090 - 2024-07-09 09:31:09.090744-04:00 - 09:31:09
2024-07-09 14:31:09,113 - 2024-07-09 10:31:09.113492-04:00 - 10:31:09
2024-07-09 14:31:09,113 - Go selling...
2024-07-09 15:31:09,214 - 2024-07-09 11:31:09.214010-04:00 - 11:31:09
2024-07-09 16:31:09,273 - 2024-07-09 12:31:09.273467-04:00 - 12:31:09
2024-07-09 17:31:09,374 - 2024-07-09 13:31:09.373901-04:00 - 13:31:09
2024-07-09 18:31:09,474 - 2024-07-09 14:31:09.474328-04:00 - 14:31:09
2024-07-09 18:31:09,474 - Go buying...
2024-07-09 18:31:11,112 - 2024-07-09 14:31:09.474328-04:00 Predit on buy: spxl, 0.9, 0.0, 0, 155.02000427246094
2024-07-09 18:31:12,585 - 2024-07-09 14:31:09.474328-04:00 Predit on buy: tqqq, 0.9, 0.0, 0, 82.03990173339844
2024-07-09 18:31:13,998 - 2024-07-09 14:31:09.474328-04:00 Predit on buy: tecl, 0.9, 0.0, 0, 106.5
2024-07-09 18:31:15,403 - 2024-07-09 14:31:09.474328-04:00 Predit on buy: soxl, 0.9, 0.0, 0, 63.359901428222656
2024-07-09 18:31:16,903 - 2024-07-09 14:31:09.474328-04:00 Predit on buy: nvdl, 0.9, 0.0, 0, 76.7300033569336
2024-07-09 18:31:18,402 - 2024-07-09 14:31:09.474328-04:00 Predit on buy: fngu, 0.9, 0.0, 0, 545.1699829101562
2024-07-09 18:31:18,402 - Stock to buy: []
2024-07-09 19:31:18,502 - 2024-07-09 15:31:18.502866-04:00 - 15:31:18
2024-07-09 20:31:18,553 - 2024-07-09 16:31:18.553480-04:00 - 16:31:18
2024-07-09 21:31:18,598 - 2024-07-09 17:31:18.597888-04:00 - 17:31:18
2024-07-09 22:31:18,698 - 2024-07-09 18:31:18.698331-04:00 - 18:31:18
2024-07-09 23:31:18,713 - 2024-07-09 19:31:18.713525-04:00 - 19:31:18
2024-07-10 00:31:18,814 - 2024-07-09 20:31:18.813959-04:00 - 20:31:18
2024-07-10 01:31:18,823 - 2024-07-09 21:31:18.823179-04:00 - 21:31:18
2024-07-10 02:31:18,923 - 2024-07-09 22:31:18.923629-04:00 - 22:31:18
2024-07-10 02:31:18,924 - Go logging...
2024-07-10 02:31:20,243 - Email error: (535, b'5.7.8 Username and Password not accepted. For more information, go to\n5.7.8  https://support.google.com/mail/?p=BadCredentials af79cd13be357-79f18ff834csm153924285a.5 - gsmtp')
2024-07-10 02:31:20,243 - ==== 2024-07-09 22:31:18.923629-04:00 ====
2024-07-10 02:31:20,243 - == Holds:
2024-07-10 02:31:20,243 - == Cash: 10214.649517059326
2024-07-10 02:31:20,244 - == Total: 10214.649517059326
2024-07-10 03:31:20,344 - 2024-07-09 23:31:20.344224-04:00 - 23:31:20
2024-07-10 04:31:20,345 - 2024-07-10 00:31:20.345471-04:00 - 00:31:20
2024-07-10 05:31:20,424 - 2024-07-10 01:31:20.424872-04:00 - 01:31:20
2024-07-10 06:31:20,525 - 2024-07-10 02:31:20.525436-04:00 - 02:31:20
2024-07-10 07:31:20,607 - 2024-07-10 03:31:20.607332-04:00 - 03:31:20
2024-07-10 08:31:20,651 - 2024-07-10 04:31:20.651646-04:00 - 04:31:20
2024-07-10 09:31:20,752 - 2024-07-10 05:31:20.752107-04:00 - 05:31:20
2024-07-10 10:31:20,823 - 2024-07-10 06:31:20.823787-04:00 - 06:31:20
2024-07-10 11:31:20,863 - 2024-07-10 07:31:20.863608-04:00 - 07:31:20
