2024-07-17 12:32:58,021 - 2024-07-17 08:32:58.021488-04:00 - 08:32:58
2024-07-17 13:32:58,113 - 2024-07-17 09:32:58.113460-04:00 - 09:32:58
2024-07-17 14:32:58,137 - 2024-07-17 10:32:58.137473-04:00 - 10:32:58
2024-07-17 14:32:58,137 - Go selling...
2024-07-17 14:32:59,811 - 2024-07-17 10:32:58.137473-04:00 Predit on buy: spxl, 0.9, 0.02, 0, 156.6999969482422
2024-07-17 14:33:01,412 - 2024-07-17 10:32:58.137473-04:00 Predit on buy: tqqq, 0.9, 0.9078118939883646, 1, 75.87000274658203
2024-07-17 14:33:03,089 - 2024-07-17 10:32:58.137473-04:00 Predit on buy: tecl, 0.9, 0.660827588990946, 0, 96.3499984741211
2024-07-17 14:33:04,732 - 2024-07-17 10:32:58.137473-04:00 Predit on buy: soxl, 0.9, 0.894912332503839, 0, 57.16600036621094
2024-07-17 14:33:06,336 - 2024-07-17 10:32:58.137473-04:00 Predit on buy: nvdl, 0.9, 0.9191301285992821, 1, 63.739898681640625
2024-07-17 14:33:08,033 - 2024-07-17 10:32:58.137473-04:00 Predit on buy: fngu, 0.9, 0.8997954092645628, 0, 461.2250061035156
2024-07-17 14:33:08,035 - Stock to buy: [('nvdl', 63.739898681640625, 0.9191301285992821), ('tqqq', 75.87000274658203, 0.9078118939883646)]
2024-07-17 15:33:08,057 - 2024-07-17 11:33:08.057472-04:00 - 11:33:08
2024-07-17 16:33:08,105 - 2024-07-17 12:33:08.105518-04:00 - 12:33:08
2024-07-17 17:33:08,113 - 2024-07-17 13:33:08.113583-04:00 - 13:33:08
2024-07-17 18:33:08,214 - 2024-07-17 14:33:08.214017-04:00 - 14:33:08
2024-07-17 18:33:08,216 - Go buying...
2024-07-17 18:33:10,110 - 2024-07-17 14:33:08.214017-04:00 Predit on buy: spxl, 0.9, 0.04, 0, 156.3498992919922
2024-07-17 18:33:11,705 - 2024-07-17 14:33:08.214017-04:00 Predit on buy: tqqq, 0.9, 0.7696189357058923, 0, 74.95010375976562
2024-07-17 18:33:13,287 - 2024-07-17 14:33:08.214017-04:00 Predit on buy: tecl, 0.9, 0.9163523508215043, 1, 94.95999908447266
2024-07-17 18:33:14,719 - 2024-07-17 14:33:08.214017-04:00 Predit on buy: soxl, 0.9, 0.9022046627607727, 1, 53.47520065307617
2024-07-17 18:33:16,314 - 2024-07-17 14:33:08.214017-04:00 Predit on buy: nvdl, 0.9, 0.9191301285992821, 1, 62.809898376464844
2024-07-17 18:33:17,822 - 2024-07-17 14:33:08.214017-04:00 Predit on buy: fngu, 0.9, 0.9191301285992821, 1, 454.0400085449219
2024-07-17 18:33:17,822 - Stock to buy: [('nvdl', 62.809898376464844, 0.9191301285992821), ('fngu', 454.0400085449219, 0.9191301285992821), ('tecl', 94.95999908447266, 0.9163523508215043), ('soxl', 53.47520065307617, 0.9022046627607727)]
2024-07-17 19:33:17,922 - 2024-07-17 15:33:17.922547-04:00 - 15:33:17
2024-07-17 20:33:17,961 - 2024-07-17 16:33:17.961536-04:00 - 16:33:17
2024-07-17 21:33:18,041 - 2024-07-17 17:33:18.041480-04:00 - 17:33:18
2024-07-17 22:33:18,137 - 2024-07-17 18:33:18.137477-04:00 - 18:33:18
2024-07-17 23:33:18,238 - 2024-07-17 19:33:18.237889-04:00 - 19:33:18
2024-07-18 00:33:18,273 - 2024-07-17 20:33:18.273498-04:00 - 20:33:18
2024-07-18 01:33:18,374 - 2024-07-17 21:33:18.373917-04:00 - 21:33:18
2024-07-18 02:33:18,474 - 2024-07-17 22:33:18.474323-04:00 - 22:33:18
2024-07-18 02:33:18,474 - Go logging...
2024-07-18 02:33:19,928 - Email error: (535, b'5.7.8 Username and Password not accepted. For more information, go to\n5.7.8  https://support.google.com/mail/?p=BadCredentials af79cd13be357-7a160be5e7csm464695285a.63 - gsmtp')
2024-07-18 02:33:19,928 - ==== 2024-07-17 22:33:18.474323-04:00 ====
2024-07-18 02:33:19,928 - == Holds:
2024-07-18 02:33:20,055 - nvdl, [142.0, 71.0, 10082.0, 71.0], |, 8823.879913330078, -1258.1200866699219
2024-07-18 02:33:20,055 - == Cash: 138.81772994995117
2024-07-18 02:33:20,055 - == Total: 8962.69764328003
2024-07-18 03:33:20,089 - 2024-07-17 23:33:20.089506-04:00 - 23:33:20
2024-07-18 04:33:20,181 - 2024-07-18 00:33:20.181485-04:00 - 00:33:20
2024-07-18 05:33:20,282 - 2024-07-18 01:33:20.281940-04:00 - 01:33:20
2024-07-18 06:33:20,329 - 2024-07-18 02:33:20.329471-04:00 - 02:33:20
2024-07-18 07:33:20,417 - 2024-07-18 03:33:20.417489-04:00 - 03:33:20
2024-07-18 08:33:20,518 - 2024-07-18 04:33:20.517936-04:00 - 04:33:20
2024-07-18 09:33:20,601 - 2024-07-18 05:33:20.601490-04:00 - 05:33:20
2024-07-18 10:33:20,652 - 2024-07-18 06:33:20.652392-04:00 - 06:33:20
2024-07-18 11:33:20,752 - 2024-07-18 07:33:20.752848-04:00 - 07:33:20
