2024-07-15 12:32:11,057 - 2024-07-15 08:32:11.057480-04:00 - 08:32:11
2024-07-15 13:32:11,061 - 2024-07-15 09:32:11.061486-04:00 - 09:32:11
2024-07-15 14:32:11,089 - 2024-07-15 10:32:11.089493-04:00 - 10:32:11
2024-07-15 14:32:11,089 - Go selling...
2024-07-15 14:32:12,628 - 2024-07-15 10:32:11.089493-04:00 Predit on buy: spxl, 0.9, 0.0, 0, 160.6999053955078
2024-07-15 14:32:14,089 - 2024-07-15 10:32:11.089493-04:00 Predit on buy: tqqq, 0.9, 0.0, 0, 82.49009704589844
2024-07-15 14:32:15,523 - 2024-07-15 10:32:11.089493-04:00 Predit on buy: tecl, 0.9, 0.0, 0, 108.22000122070312
2024-07-15 14:32:17,092 - 2024-07-15 10:32:11.089493-04:00 Predit on buy: soxl, 0.9, 0.0, 0, 65.3687973022461
2024-07-15 14:32:18,620 - 2024-07-15 10:32:11.089493-04:00 Predit on buy: nvdl, 0.9, 0.04, 0, 75.1500015258789
2024-07-15 14:32:20,186 - 2024-07-15 10:32:11.089493-04:00 Predit on buy: fngu, 0.9, 0.0, 0, 521.9057006835938
2024-07-15 14:32:20,187 - Stock to buy: []
2024-07-15 14:32:21,807 - 2024-07-15 10:32:11.089493-04:00 To sell for predict: fngu, 0.9, [0.         0.06915538], 0, 521.9057006835938
2024-07-15 15:32:21,894 - 2024-07-15 11:32:21.894477-04:00 - 11:32:21
2024-07-15 16:32:21,933 - 2024-07-15 12:32:21.933405-04:00 - 12:32:21
2024-07-15 17:32:22,028 - 2024-07-15 13:32:22.028419-04:00 - 13:32:22
2024-07-15 18:32:22,129 - 2024-07-15 14:32:22.128889-04:00 - 14:32:22
2024-07-15 18:32:22,129 - Go buying...
2024-07-15 18:32:23,686 - 2024-07-15 14:32:22.128889-04:00 Predit on buy: spxl, 0.9, 0.0, 0, 159.85000610351562
2024-07-15 18:32:25,114 - 2024-07-15 14:32:22.128889-04:00 Predit on buy: tqqq, 0.9, 0.0, 0, 81.51170349121094
2024-07-15 18:32:26,608 - 2024-07-15 14:32:22.128889-04:00 Predit on buy: tecl, 0.9, 0.0, 0, 106.55999755859375
2024-07-15 18:32:28,113 - 2024-07-15 14:32:22.128889-04:00 Predit on buy: soxl, 0.9, 0.0, 0, 64.4406967163086
2024-07-15 18:32:29,591 - 2024-07-15 14:32:22.128889-04:00 Predit on buy: nvdl, 0.9, 0.16702876444481526, 0, 73.87000274658203
2024-07-15 18:32:31,191 - 2024-07-15 14:32:22.128889-04:00 Predit on buy: fngu, 0.9, 0.07254785654890272, 0, 510.2900085449219
2024-07-15 18:32:31,191 - Stock to buy: []
2024-07-15 19:32:31,197 - 2024-07-15 15:32:31.197513-04:00 - 15:32:31
2024-07-15 20:32:31,298 - 2024-07-15 16:32:31.297984-04:00 - 16:32:31
2024-07-15 21:32:31,356 - 2024-07-15 17:32:31.356853-04:00 - 17:32:31
2024-07-15 22:32:31,457 - 2024-07-15 18:32:31.457303-04:00 - 18:32:31
2024-07-15 23:32:31,469 - 2024-07-15 19:32:31.469195-04:00 - 19:32:31
2024-07-16 00:32:31,569 - 2024-07-15 20:32:31.569656-04:00 - 20:32:31
2024-07-16 01:32:31,613 - 2024-07-15 21:32:31.613578-04:00 - 21:32:31
2024-07-16 02:32:31,705 - 2024-07-15 22:32:31.705466-04:00 - 22:32:31
2024-07-16 02:32:31,705 - Go logging...
2024-07-16 02:32:32,792 - Email error: (535, b'5.7.8 Username and Password not accepted. For more information, go to\n5.7.8  https://support.google.com/mail/?p=BadCredentials d75a77b69052e-44f5b7f9b4asm30934051cf.54 - gsmtp')
2024-07-16 02:32:32,792 - ==== 2024-07-15 22:32:31.705466-04:00 ====
2024-07-16 02:32:32,792 - == Holds:
2024-07-16 02:32:32,996 - fngu, [20.0, 497.139892578125, 9942.7978515625, 521.9057006835938], |, 10076.400146484375, 133.602294921875
2024-07-16 02:32:32,996 - == Cash: 271.8516654968262
2024-07-16 02:32:32,996 - == Total: 10348.251811981201
2024-07-16 03:32:33,053 - 2024-07-15 23:32:33.053479-04:00 - 23:32:33
2024-07-16 04:32:33,154 - 2024-07-16 00:32:33.153889-04:00 - 00:32:33
2024-07-16 05:32:33,254 - 2024-07-16 01:32:33.254370-04:00 - 01:32:33
2024-07-16 06:32:33,273 - 2024-07-16 02:32:33.273474-04:00 - 02:32:33
2024-07-16 07:32:33,374 - 2024-07-16 03:32:33.373898-04:00 - 03:32:33
2024-07-16 08:32:33,474 - 2024-07-16 04:32:33.474335-04:00 - 04:32:33
2024-07-16 09:32:33,574 - 2024-07-16 05:32:33.574751-04:00 - 05:32:33
2024-07-16 10:32:33,675 - 2024-07-16 06:32:33.675222-04:00 - 06:32:33
2024-07-16 11:32:33,775 - 2024-07-16 07:32:33.775662-04:00 - 07:32:33
