2024-07-12 12:31:45,973 - 2024-07-12 08:31:45.973489-04:00 - 08:31:45
2024-07-12 13:31:46,074 - 2024-07-12 09:31:46.073942-04:00 - 09:31:46
2024-07-12 14:31:46,174 - 2024-07-12 10:31:46.174419-04:00 - 10:31:46
2024-07-12 14:31:46,174 - Go selling...
2024-07-12 14:31:47,811 - 2024-07-12 10:31:46.174419-04:00 Predit on buy: spxl, 0.9, 0.0, 0, 158.07000732421875
2024-07-12 14:31:49,301 - 2024-07-12 10:31:46.174419-04:00 Predit on buy: tqqq, 0.9, 0.02, 0, 80.80879974365234
2024-07-12 14:31:50,793 - 2024-07-12 10:31:46.174419-04:00 Predit on buy: tecl, 0.9, 0.0, 0, 106.40160369873047
2024-07-12 14:31:52,320 - 2024-07-12 10:31:46.174419-04:00 Predit on buy: soxl, 0.9, 0.0, 0, 64.61499786376953
2024-07-12 14:31:53,800 - 2024-07-12 10:31:46.174419-04:00 Predit on buy: nvdl, 0.9, 0.5045135086368558, 0, 75.20339965820312
2024-07-12 14:31:55,239 - 2024-07-12 10:31:46.174419-04:00 Predit on buy: fngu, 0.9, 0.9151977864316457, 1, 499.0
2024-07-12 14:31:55,239 - Stock to buy: [('fngu', 499.0, 0.9151977864316457)]
2024-07-12 15:31:55,339 - 2024-07-12 11:31:55.339702-04:00 - 11:31:55
2024-07-12 16:31:55,440 - 2024-07-12 12:31:55.440148-04:00 - 12:31:55
2024-07-12 17:31:55,540 - 2024-07-12 13:31:55.540555-04:00 - 13:31:55
2024-07-12 18:31:55,545 - 2024-07-12 14:31:55.545475-04:00 - 14:31:55
2024-07-12 18:31:55,545 - Go buying...
2024-07-12 18:31:57,301 - 2024-07-12 14:31:55.545475-04:00 Predit on buy: spxl, 0.9, 0.0, 0, 160.6300048828125
2024-07-12 18:31:58,735 - 2024-07-12 14:31:55.545475-04:00 Predit on buy: tqqq, 0.9, 0.02, 0, 82.46499633789062
2024-07-12 18:32:00,135 - 2024-07-12 14:31:55.545475-04:00 Predit on buy: tecl, 0.9, 0.008422412860742506, 0, 109.2699966430664
2024-07-12 18:32:01,723 - 2024-07-12 14:31:55.545475-04:00 Predit on buy: soxl, 0.9, 0.0, 0, 66.67009735107422
2024-07-12 18:32:03,424 - 2024-07-12 14:31:55.545475-04:00 Predit on buy: nvdl, 0.9, 0.02, 0, 77.9000015258789
2024-07-12 18:32:04,913 - 2024-07-12 14:31:55.545475-04:00 Predit on buy: fngu, 0.9, 0.4762508331171006, 0, 510.94500732421875
2024-07-12 18:32:04,913 - Stock to buy: []
2024-07-12 19:32:04,931 - 2024-07-12 15:32:04.931171-04:00 - 15:32:04
2024-07-12 20:32:05,031 - 2024-07-12 16:32:05.031604-04:00 - 16:32:05
2024-07-12 21:32:05,132 - 2024-07-12 17:32:05.132016-04:00 - 17:32:05
2024-07-12 22:32:05,137 - 2024-07-12 18:32:05.137473-04:00 - 18:32:05
2024-07-12 23:32:05,238 - 2024-07-12 19:32:05.237960-04:00 - 19:32:05
2024-07-13 00:32:05,338 - 2024-07-12 20:32:05.338363-04:00 - 20:32:05
2024-07-13 01:32:05,353 - 2024-07-12 21:32:05.353481-04:00 - 21:32:05
2024-07-13 02:32:05,454 - 2024-07-12 22:32:05.453912-04:00 - 22:32:05
2024-07-13 02:32:05,454 - Go logging...
2024-07-13 02:32:06,607 - Email error: (535, b'5.7.8 Username and Password not accepted. For more information, go to\n5.7.8  https://support.google.com/mail/?p=BadCredentials af79cd13be357-7a160be34a2sm11280485a.59 - gsmtp')
2024-07-13 02:32:06,607 - ==== 2024-07-12 22:32:05.453912-04:00 ====
2024-07-13 02:32:06,607 - == Holds:
2024-07-13 02:32:06,769 - fngu, [20.0, 497.139892578125, 9942.7978515625, 497.139892578125], |, 9995.999755859375, 53.201904296875
2024-07-13 02:32:06,770 - == Cash: 271.8516654968262
2024-07-13 02:32:06,770 - == Total: 10267.851421356201
2024-07-13 03:32:06,777 - 2024-07-12 23:32:06.777478-04:00 - 23:32:06
2024-07-13 04:32:06,849 - 2024-07-13 00:32:06.849482-04:00 - 00:32:06
2024-07-13 05:32:06,905 - 2024-07-13 01:32:06.905491-04:00 - 01:32:06
2024-07-13 06:32:07,006 - 2024-07-13 02:32:07.005966-04:00 - 02:32:07
2024-07-13 07:32:07,017 - 2024-07-13 03:32:07.017533-04:00 - 03:32:07
2024-07-13 08:32:07,118 - 2024-07-13 04:32:07.117965-04:00 - 04:32:07
2024-07-13 09:32:07,189 - 2024-07-13 05:32:07.189476-04:00 - 05:32:07
2024-07-13 10:32:07,232 - 2024-07-13 06:32:07.232170-04:00 - 06:32:07
2024-07-13 11:32:07,262 - 2024-07-13 07:32:07.262800-04:00 - 07:32:07
