2024-06-19 12:27:32,162 - 2024-06-19 08:27:32.162350-04:00 - 08:27:32
2024-06-19 13:27:32,185 - 2024-06-19 09:27:32.185480-04:00 - 09:27:32
2024-06-19 14:27:32,286 - 2024-06-19 10:27:32.285872-04:00 - 10:27:32
2024-06-19 14:27:32,286 - Go selling...
2024-06-19 15:27:32,386 - 2024-06-19 11:27:32.386434-04:00 - 11:27:32
2024-06-19 16:27:32,441 - 2024-06-19 12:27:32.441542-04:00 - 12:27:32
2024-06-19 17:27:32,542 - 2024-06-19 13:27:32.541941-04:00 - 13:27:32
2024-06-19 18:27:32,545 - 2024-06-19 14:27:32.545480-04:00 - 14:27:32
2024-06-19 18:27:32,545 - Go buying...
2024-06-19 18:27:35,009 - 2024-06-19 14:27:32.545480-04:00 Predit on buy: spxl, 0.9, 0.0, 0, 149.02999877929688
2024-06-19 18:27:36,506 - 2024-06-19 14:27:32.545480-04:00 Predit on buy: tqqq, 0.9, 0.0, 0, 76.9000015258789
2024-06-19 18:27:37,894 - 2024-06-19 14:27:32.545480-04:00 Predit on buy: tecl, 0.9, 0.0, 0, 104.37999725341797
2024-06-19 18:27:39,301 - 2024-06-19 14:27:32.545480-04:00 Predit on buy: soxl, 0.9, 0.0, 0, 65.23999786376953
2024-06-19 18:27:40,715 - 2024-06-19 14:27:32.545480-04:00 Predit on buy: nvdl, 0.9, 0.0, 0, 85.25
2024-06-19 18:27:42,122 - 2024-06-19 14:27:32.545480-04:00 Predit on buy: fngu, 0.9, 0.0, 0, 451.9100036621094
2024-06-19 18:27:42,122 - Stock to buy: []
2024-06-19 19:27:42,222 - 2024-06-19 15:27:42.222498-04:00 - 15:27:42
2024-06-19 20:27:42,323 - 2024-06-19 16:27:42.322948-04:00 - 16:27:42
2024-06-19 21:27:42,423 - 2024-06-19 17:27:42.423411-04:00 - 17:27:42
2024-06-19 22:27:42,512 - 2024-06-19 18:27:42.512261-04:00 - 18:27:42
2024-06-19 23:27:42,612 - 2024-06-19 19:27:42.612715-04:00 - 19:27:42
2024-06-20 00:27:42,649 - 2024-06-19 20:27:42.649492-04:00 - 20:27:42
2024-06-20 01:27:42,681 - 2024-06-19 21:27:42.681475-04:00 - 21:27:42
2024-06-20 02:27:42,743 - 2024-06-19 22:27:42.743480-04:00 - 22:27:42
2024-06-20 02:27:42,743 - Go logging...
2024-06-20 02:27:44,864 - Email sent: 2024-06-19 22:27:42.743480-04:00 Log
2024-06-20 02:27:44,864 - ==== 2024-06-19 22:27:42.743480-04:00 ====
2024-06-20 02:27:44,864 - == Holds:
2024-06-20 02:27:44,864 - == Cash: 10000
2024-06-20 02:27:44,864 - == Total: 10000.0
2024-06-20 03:27:44,965 - 2024-06-19 23:27:44.964981-04:00 - 23:27:44
2024-06-20 04:27:45,041 - 2024-06-20 00:27:45.041496-04:00 - 00:27:45
2024-06-20 05:27:45,081 - 2024-06-20 01:27:45.081477-04:00 - 01:27:45
2024-06-20 06:27:45,145 - 2024-06-20 02:27:45.145477-04:00 - 02:27:45
2024-06-20 07:27:45,209 - 2024-06-20 03:27:45.209476-04:00 - 03:27:45
2024-06-20 08:27:45,310 - 2024-06-20 04:27:45.309901-04:00 - 04:27:45
2024-06-20 09:27:45,337 - 2024-06-20 05:27:45.337475-04:00 - 05:27:45
2024-06-20 10:27:45,421 - 2024-06-20 06:27:45.421473-04:00 - 06:27:45
2024-06-20 11:27:45,429 - 2024-06-20 07:27:45.429487-04:00 - 07:27:45
