2024-07-22 12:34:04,417 - 2024-07-22 08:34:04.417808-04:00 - 08:34:04
2024-07-22 13:34:04,517 - 2024-07-22 09:34:04.517466-04:00 - 09:34:04
2024-07-22 14:34:04,537 - 2024-07-22 10:34:04.537473-04:00 - 10:34:04
2024-07-22 14:34:04,537 - Go selling...
2024-07-22 14:34:06,407 - 2024-07-22 10:34:04.537473-04:00 Predit on buy: spxl, 0.9, 0.0, 0, 151.78500366210938
2024-07-22 14:34:08,216 - 2024-07-22 10:34:04.537473-04:00 Predit on buy: tqqq, 0.9, 0.1247799567574011, 0, 73.68000030517578
2024-07-22 14:34:09,632 - 2024-07-22 10:34:04.537473-04:00 Predit on buy: tecl, 0.9, 0.0804454021889637, 0, 93.76000213623047
2024-07-22 14:34:11,196 - 2024-07-22 10:34:04.537473-04:00 Predit on buy: soxl, 0.9, 0.14192307692307693, 0, 50.61989974975586
2024-07-22 14:34:12,691 - 2024-07-22 10:34:04.537473-04:00 Predit on buy: nvdl, 0.9, 0.0, 0, 66.98999786376953
2024-07-22 14:34:14,019 - 2024-07-22 10:34:04.537473-04:00 Predit on buy: fngu, 0.9, 0.045, 0, 454.7349853515625
2024-07-22 14:34:14,019 - Stock to buy: []
2024-07-22 14:34:15,594 - 2024-07-22 10:34:04.537473-04:00 To sell for predict: tqqq, 0.9, [0.         0.03333333], 0, 73.66999816894531
2024-07-22 14:34:17,290 - 2024-07-22 10:34:04.537473-04:00 To sell for predict: tecl, 0.9, [0.         0.06666667], 0, 93.88999938964844
2024-07-22 14:34:18,706 - 2024-07-22 10:34:04.537473-04:00 To sell for predict: fngu, 0.9, [0.    0.075], 0, 454.7349853515625
2024-07-22 15:34:18,806 - 2024-07-22 11:34:18.806398-04:00 - 11:34:18
2024-07-22 16:34:18,899 - 2024-07-22 12:34:18.899880-04:00 - 12:34:18
2024-07-22 17:34:18,980 - 2024-07-22 13:34:18.979938-04:00 - 13:34:18
2024-07-22 18:34:19,080 - 2024-07-22 14:34:19.080386-04:00 - 14:34:19
2024-07-22 18:34:19,080 - Go buying...
2024-07-22 19:34:19,105 - 2024-07-22 15:34:19.105477-04:00 - 15:34:19
2024-07-22 20:34:19,141 - 2024-07-22 16:34:19.141492-04:00 - 16:34:19
2024-07-22 21:34:19,242 - 2024-07-22 17:34:19.241893-04:00 - 17:34:19
2024-07-22 22:34:19,245 - 2024-07-22 18:34:19.245478-04:00 - 18:34:19
2024-07-22 23:34:19,346 - 2024-07-22 19:34:19.345931-04:00 - 19:34:19
2024-07-23 00:34:19,417 - 2024-07-22 20:34:19.417482-04:00 - 20:34:19
2024-07-23 01:34:19,445 - 2024-07-22 21:34:19.445526-04:00 - 21:34:19
2024-07-23 02:34:19,489 - 2024-07-22 22:34:19.489470-04:00 - 22:34:19
2024-07-23 02:34:19,489 - Go logging...
2024-07-23 02:34:21,063 - Email error: (535, b'5.7.8 Username and Password not accepted. For more information, go to\n5.7.8  https://support.google.com/mail/?p=BadCredentials d75a77b69052e-44f9cda2dbfsm39449841cf.76 - gsmtp')
2024-07-23 02:34:21,063 - ==== 2024-07-22 22:34:19.489470-04:00 ====
2024-07-23 02:34:21,063 - == Holds:
2024-07-23 02:34:21,241 - tqqq, [41.0, 72.41999816894531, 2969.219924926758, 73.66999816894531], |, 3040.5601501464844, 71.34022521972656
2024-07-23 02:34:21,291 - tecl, [33.0, 91.7699966430664, 3028.4098892211914, 93.88999938964844], |, 3142.5901107788086, 114.18022155761719
2024-07-23 02:34:21,333 - fngu, [6.0, 443.7200012207031, 2662.3200073242188, 454.7349853515625], |, 2751.3599853515625, 89.03997802734375
2024-07-23 02:34:21,334 - == Cash: 515.6199836730957
2024-07-23 02:34:21,334 - == Total: 9450.130229949951
2024-07-23 03:34:21,434 - 2024-07-22 23:34:21.434355-04:00 - 23:34:21
2024-07-23 04:34:21,534 - 2024-07-23 00:34:21.534813-04:00 - 00:34:21
2024-07-23 05:34:21,635 - 2024-07-23 01:34:21.635233-04:00 - 01:34:21
2024-07-23 06:34:21,664 - 2024-07-23 02:34:21.664778-04:00 - 02:34:21
2024-07-23 07:34:21,689 - 2024-07-23 03:34:21.689487-04:00 - 03:34:21
2024-07-23 08:34:21,790 - 2024-07-23 04:34:21.789934-04:00 - 04:34:21
2024-07-23 09:34:21,890 - 2024-07-23 05:34:21.890401-04:00 - 05:34:21
2024-07-23 10:34:21,929 - 2024-07-23 06:34:21.929424-04:00 - 06:34:21
2024-07-23 11:34:21,989 - 2024-07-23 07:34:21.989480-04:00 - 07:34:21
