2024-07-25 12:35:06,329 - 2024-07-25 08:35:06.329485-04:00 - 08:35:06
2024-07-25 13:35:06,430 - 2024-07-25 09:35:06.429910-04:00 - 09:35:06
2024-07-25 14:35:06,442 - 2024-07-25 10:35:06.442258-04:00 - 10:35:06
2024-07-25 14:35:06,442 - Go selling...
2024-07-25 14:35:08,013 - 2024-07-25 10:35:06.442258-04:00 Predit on buy: spxl, 0.9, 0.8644088516722788, 0, 141.44000244140625
2024-07-25 14:35:09,411 - 2024-07-25 10:35:06.442258-04:00 Predit on buy: tqqq, 0.9, 0.9026882371573907, 1, 64.16000366210938
2024-07-25 14:35:10,832 - 2024-07-25 10:35:06.442258-04:00 Predit on buy: tecl, 0.9, 0.9086406181097717, 1, 79.7509994506836
2024-07-25 14:35:12,300 - 2024-07-25 10:35:06.442258-04:00 Predit on buy: soxl, 0.9, 0.9011319073083779, 1, 40.22999954223633
2024-07-25 14:35:13,715 - 2024-07-25 10:35:06.442258-04:00 Predit on buy: nvdl, 0.9, 0.8991914603679309, 0, 54.79999923706055
2024-07-25 14:35:15,192 - 2024-07-25 10:35:06.442258-04:00 Predit on buy: fngu, 0.9, 0.8835715208349478, 0, 379.0426025390625
2024-07-25 14:35:15,195 - Stock to buy: [('tecl', 79.7509994506836, 0.9086406181097717), ('tqqq', 64.16000366210938, 0.9026882371573907), ('soxl', 40.22999954223633, 0.9011319073083779)]
2024-07-25 14:35:16,832 - 2024-07-25 10:35:06.442258-04:00 To sell for predict: fngu, 0.9, [0. 0.], 0, 379.0426025390625
2024-07-25 15:35:16,933 - 2024-07-25 11:35:16.932894-04:00 - 11:35:16
2024-07-25 16:35:17,033 - 2024-07-25 12:35:17.033340-04:00 - 12:35:17
2024-07-25 17:35:17,081 - 2024-07-25 13:35:17.081480-04:00 - 13:35:17
2024-07-25 18:35:17,182 - 2024-07-25 14:35:17.181934-04:00 - 14:35:17
2024-07-25 18:35:17,184 - Go buying...
2024-07-25 18:35:18,913 - 2024-07-25 14:35:17.181934-04:00 Predit on buy: spxl, 0.9, 0.35181108419955176, 0, 143.52999877929688
2024-07-25 18:35:20,410 - 2024-07-25 14:35:17.181934-04:00 Predit on buy: tqqq, 0.9, 0.691551708815136, 0, 65.79109954833984
2024-07-25 18:35:21,889 - 2024-07-25 14:35:17.181934-04:00 Predit on buy: tecl, 0.9, 0.6487653703169893, 0, 83.66999816894531
2024-07-25 18:35:23,326 - 2024-07-25 14:35:17.181934-04:00 Predit on buy: soxl, 0.9, 0.9026882371573907, 1, 42.19179916381836
2024-07-25 18:35:24,736 - 2024-07-25 14:35:17.181934-04:00 Predit on buy: nvdl, 0.9, 0.655016539322436, 0, 58.47999954223633
2024-07-25 18:35:26,329 - 2024-07-25 14:35:17.181934-04:00 Predit on buy: fngu, 0.9, 0.644191460367931, 0, 396.8599853515625
2024-07-25 18:35:26,330 - Stock to buy: [('soxl', 42.19179916381836, 0.9026882371573907)]
2024-07-25 19:35:26,393 - 2024-07-25 15:35:26.393771-04:00 - 15:35:26
2024-07-25 20:35:26,494 - 2024-07-25 16:35:26.494224-04:00 - 16:35:26
2024-07-25 21:35:26,501 - 2024-07-25 17:35:26.501509-04:00 - 17:35:26
2024-07-25 22:35:26,517 - 2024-07-25 18:35:26.517440-04:00 - 18:35:26
2024-07-25 23:35:26,597 - 2024-07-25 19:35:26.597504-04:00 - 19:35:26
2024-07-26 00:35:26,649 - 2024-07-25 20:35:26.649485-04:00 - 20:35:26
2024-07-26 01:35:26,686 - 2024-07-25 21:35:26.686303-04:00 - 21:35:26
2024-07-26 02:35:26,777 - 2024-07-25 22:35:26.777467-04:00 - 22:35:26
2024-07-26 02:35:26,777 - Go logging...
2024-07-26 02:35:27,961 - Email error: (535, b'5.7.8 Username and Password not accepted. For more information, go to\n5.7.8  https://support.google.com/mail/?p=BadCredentials 6a1803df08f44-6bb3fae79d9sm12422756d6.125 - gsmtp')
2024-07-26 02:35:27,961 - ==== 2024-07-25 22:35:26.777467-04:00 ====
2024-07-26 02:35:27,961 - == Holds:
2024-07-26 02:35:28,143 - tqqq, [87.0, 69.19206939346489, 6019.710037231445, 74.19999694824219], |, 5504.490039825439, -515.2199974060059
2024-07-26 02:35:28,173 - fngu, [7.0, 391.25, 2738.75, 391.25], |, 2648.0999145507812, -90.65008544921875
2024-07-26 02:35:28,173 - == Cash: 130.6099510192871
2024-07-26 02:35:28,173 - == Total: 8283.199905395508
2024-07-26 03:35:28,273 - 2024-07-25 23:35:28.273676-04:00 - 23:35:28
2024-07-26 04:35:28,313 - 2024-07-26 00:35:28.313484-04:00 - 00:35:28
2024-07-26 05:35:28,414 - 2024-07-26 01:35:28.413987-04:00 - 01:35:28
2024-07-26 06:35:28,514 - 2024-07-26 02:35:28.514497-04:00 - 02:35:28
2024-07-26 07:35:28,615 - 2024-07-26 03:35:28.614951-04:00 - 03:35:28
2024-07-26 08:35:28,633 - 2024-07-26 04:35:28.633505-04:00 - 04:35:28
2024-07-26 09:35:28,734 - 2024-07-26 05:35:28.733935-04:00 - 05:35:28
2024-07-26 10:35:28,834 - 2024-07-26 06:35:28.834447-04:00 - 06:35:28
2024-07-26 11:35:28,935 - 2024-07-26 07:35:28.934928-04:00 - 07:35:28
