2024-07-02 12:30:05,593 - 2024-07-02 08:30:05.593121-04:00 - 08:30:05
2024-07-02 13:30:05,625 - 2024-07-02 09:30:05.625496-04:00 - 09:30:05
2024-07-02 14:30:05,697 - 2024-07-02 10:30:05.697499-04:00 - 10:30:05
2024-07-02 14:30:05,697 - Go selling...
2024-07-02 15:30:05,798 - 2024-07-02 11:30:05.798085-04:00 - 11:30:05
2024-07-02 16:30:05,818 - 2024-07-02 12:30:05.818199-04:00 - 12:30:05
2024-07-02 17:30:05,918 - 2024-07-02 13:30:05.918604-04:00 - 13:30:05
2024-07-02 18:30:06,009 - 2024-07-02 14:30:06.009501-04:00 - 14:30:06
2024-07-02 18:30:06,009 - Go buying...
2024-07-02 18:30:07,796 - 2024-07-02 14:30:06.009501-04:00 Predit on buy: spxl, 0.9, 0.0, 0, 148.8000030517578
2024-07-02 18:30:09,305 - 2024-07-02 14:30:06.009501-04:00 Predit on buy: tqqq, 0.9, 0.0, 0, 76.9800033569336
2024-07-02 18:30:10,814 - 2024-07-02 14:30:06.009501-04:00 Predit on buy: tecl, 0.9, 0.0, 0, 100.39949798583984
2024-07-02 18:30:12,325 - 2024-07-02 14:30:06.009501-04:00 Predit on buy: soxl, 0.9, 0.0, 0, 57.040000915527344
2024-07-02 18:30:13,816 - 2024-07-02 14:30:06.009501-04:00 Predit on buy: nvdl, 0.9, 0.8444088516722787, 0, 68.5999984741211
2024-07-02 18:30:15,325 - 2024-07-02 14:30:06.009501-04:00 Predit on buy: fngu, 0.9, 0.0, 0, 496.510009765625
2024-07-02 18:30:15,325 - Stock to buy: []
2024-07-02 19:30:15,362 - 2024-07-02 15:30:15.362186-04:00 - 15:30:15
2024-07-02 20:30:15,437 - 2024-07-02 16:30:15.437506-04:00 - 16:30:15
2024-07-02 21:30:15,538 - 2024-07-02 17:30:15.537954-04:00 - 17:30:15
2024-07-02 22:30:15,605 - 2024-07-02 18:30:15.605515-04:00 - 18:30:15
2024-07-02 23:30:15,707 - 2024-07-02 19:30:15.706884-04:00 - 19:30:15
2024-07-03 00:30:15,769 - 2024-07-02 20:30:15.769497-04:00 - 20:30:15
2024-07-03 01:30:15,865 - 2024-07-02 21:30:15.865500-04:00 - 21:30:15
2024-07-03 02:30:15,961 - 2024-07-02 22:30:15.961476-04:00 - 22:30:15
2024-07-03 02:30:15,961 - Go logging...
2024-07-03 02:30:17,015 - Email error: (535, b'5.7.8 Username and Password not accepted. For more information, go to\n5.7.8  https://support.google.com/mail/?p=BadCredentials af79cd13be357-79d69260004sm517773585a.27 - gsmtp')
2024-07-03 02:30:17,015 - ==== 2024-07-02 22:30:15.961476-04:00 ====
2024-07-03 02:30:17,015 - == Holds:
2024-07-03 02:30:17,015 - == Cash: 10214.649517059326
2024-07-03 02:30:17,015 - == Total: 10214.649517059326
2024-07-03 03:30:17,089 - 2024-07-02 23:30:17.089483-04:00 - 23:30:17
2024-07-03 04:30:17,113 - 2024-07-03 00:30:17.113488-04:00 - 00:30:17
2024-07-03 05:30:17,214 - 2024-07-03 01:30:17.213929-04:00 - 01:30:17
2024-07-03 06:30:17,314 - 2024-07-03 02:30:17.314399-04:00 - 02:30:17
2024-07-03 07:30:17,373 - 2024-07-03 03:30:17.373505-04:00 - 03:30:17
2024-07-03 08:30:17,377 - 2024-07-03 04:30:17.377492-04:00 - 04:30:17
2024-07-03 09:30:17,478 - 2024-07-03 05:30:17.478026-04:00 - 05:30:17
2024-07-03 10:30:17,578 - 2024-07-03 06:30:17.578461-04:00 - 06:30:17
2024-07-03 11:30:17,625 - 2024-07-03 07:30:17.625508-04:00 - 07:30:17
