2024-07-24 12:34:39,681 - 2024-07-24 08:34:39.681489-04:00 - 08:34:39
2024-07-24 13:34:39,753 - 2024-07-24 09:34:39.753481-04:00 - 09:34:39
2024-07-24 14:34:39,854 - 2024-07-24 10:34:39.853910-04:00 - 10:34:39
2024-07-24 14:34:39,854 - Go selling...
2024-07-24 14:34:41,993 - 2024-07-24 10:34:39.853910-04:00 Predit on buy: spxl, 0.9, 0.9315004137342479, 1, 145.6999969482422
2024-07-24 14:34:44,056 - 2024-07-24 10:34:39.853910-04:00 Predit on buy: tqqq, 0.9, 0.9264977609669145, 1, 68.51499938964844
2024-07-24 14:34:45,598 - 2024-07-24 10:34:39.853910-04:00 Predit on buy: tecl, 0.9, 0.9237199831891367, 1, 88.6500015258789
2024-07-24 14:34:47,034 - 2024-07-24 10:34:39.853910-04:00 Predit on buy: soxl, 0.9, 0.9423428399112155, 1, 47.0
2024-07-24 14:34:48,519 - 2024-07-24 10:34:39.853910-04:00 Predit on buy: nvdl, 0.9, 0.8919747899159663, 0, 62.600101470947266
2024-07-24 14:34:49,998 - 2024-07-24 10:34:39.853910-04:00 Predit on buy: fngu, 0.9, 0.9264977609669145, 1, 413.1300048828125
2024-07-24 14:34:50,011 - Stock to buy: [('soxl', 47.0, 0.9423428399112155), ('spxl', 145.6999969482422, 0.9315004137342479), ('tqqq', 68.51499938964844, 0.9264977609669145), ('fngu', 413.1300048828125, 0.9264977609669145), ('tecl', 88.6500015258789, 0.9237199831891367)]
2024-07-24 14:34:50,069 - 2024-07-24 10:34:39.853910-04:00 To sell for stop-loss: tecl, at price 88.6500015258789, max is 95.0
2024-07-24 14:34:51,233 - Email error: (535, b'5.7.8 Username and Password not accepted. For more information, go to\n5.7.8  https://support.google.com/mail/?p=BadCredentials 6a1803df08f44-6b7ac7bd446sm59285036d6.19 - gsmtp')
2024-07-24 14:34:51,283 - 2024-07-24 10:34:39.853910-04:00 To sell for stop-loss: fngu, at price 413.1300048828125, max is 465.5150146484375
2024-07-24 14:34:52,402 - Email error: (535, b'5.7.8 Username and Password not accepted. For more information, go to\n5.7.8  https://support.google.com/mail/?p=BadCredentials 6a1803df08f44-6b96740cbdasm41422956d6.109 - gsmtp')
2024-07-24 15:34:52,409 - 2024-07-24 11:34:52.409485-04:00 - 11:34:52
2024-07-24 16:34:52,510 - 2024-07-24 12:34:52.510006-04:00 - 12:34:52
2024-07-24 17:34:52,610 - 2024-07-24 13:34:52.610464-04:00 - 13:34:52
2024-07-24 18:34:52,665 - 2024-07-24 14:34:52.665494-04:00 - 14:34:52
2024-07-24 18:34:52,665 - Go buying...
2024-07-24 18:34:54,197 - 2024-07-24 14:34:52.665494-04:00 Predit on buy: spxl, 0.9, 0.9516214177978884, 1, 143.5406036376953
2024-07-24 18:34:55,792 - 2024-07-24 14:34:52.665494-04:00 Predit on buy: tqqq, 0.9, 0.9857142857142858, 1, 66.31500244140625
2024-07-24 18:34:57,219 - 2024-07-24 14:34:52.665494-04:00 Predit on buy: tecl, 0.9, 0.9676470588235293, 1, 83.82140350341797
2024-07-24 18:34:58,693 - 2024-07-24 14:34:52.665494-04:00 Predit on buy: soxl, 0.9, 0.946031746031746, 1, 44.0
2024-07-24 18:35:00,291 - 2024-07-24 14:34:52.665494-04:00 Predit on buy: nvdl, 0.9, 0.8625296319092713, 0, 59.36000061035156
2024-07-24 18:35:01,633 - 2024-07-24 14:34:52.665494-04:00 Predit on buy: fngu, 0.9, 1.0, 1, 391.25
2024-07-24 18:35:01,634 - Stock to buy: [('fngu', 391.25, 1.0), ('tqqq', 66.31500244140625, 0.9857142857142858), ('tecl', 83.82140350341797, 0.9676470588235293), ('spxl', 143.5406036376953, 0.9516214177978884), ('soxl', 44.0, 0.946031746031746)]
2024-07-24 18:35:02,840 - Email error: (535, b'5.7.8 Username and Password not accepted. For more information, go to\n5.7.8  https://support.google.com/mail/?p=BadCredentials af79cd13be357-7a198fab2bfsm604740885a.6 - gsmtp')
2024-07-24 18:35:02,841 - fngu is bought at 391.25 with 7.0 on 2024-07-24 14:34:52.665494-04:00
2024-07-24 18:35:03,848 - Email error: (535, b'5.7.8 Username and Password not accepted. For more information, go to\n5.7.8  https://support.google.com/mail/?p=BadCredentials d75a77b69052e-44f9d705431sm56687891cf.51 - gsmtp')
2024-07-24 18:35:03,848 - tqqq is bought at 66.31500244140625 with 46.0 on 2024-07-24 14:34:52.665494-04:00
2024-07-24 19:35:03,881 - 2024-07-24 15:35:03.881479-04:00 - 15:35:03
2024-07-24 20:35:03,961 - 2024-07-24 16:35:03.961472-04:00 - 16:35:03
2024-07-24 21:35:04,062 - 2024-07-24 17:35:04.061900-04:00 - 17:35:04
2024-07-24 22:35:04,162 - 2024-07-24 18:35:04.162330-04:00 - 18:35:04
2024-07-24 23:35:04,262 - 2024-07-24 19:35:04.262750-04:00 - 19:35:04
2024-07-25 00:35:04,345 - 2024-07-24 20:35:04.345458-04:00 - 20:35:04
2024-07-25 01:35:04,446 - 2024-07-24 21:35:04.445899-04:00 - 21:35:04
2024-07-25 02:35:04,545 - 2024-07-24 22:35:04.545005-04:00 - 22:35:04
2024-07-25 02:35:04,545 - Go logging...
2024-07-25 02:35:05,713 - Email error: (535, b'5.7.8 Username and Password not accepted. For more information, go to\n5.7.8  https://support.google.com/mail/?p=BadCredentials 6a1803df08f44-6bb3f9194f4sm2240876d6.54 - gsmtp')
2024-07-25 02:35:05,713 - ==== 2024-07-24 22:35:04.545005-04:00 ====
2024-07-25 02:35:05,713 - == Holds:
2024-07-25 02:35:05,881 - tqqq, [87.0, 69.19206939346489, 6019.710037231445, 74.19999694824219], |, 5694.14973449707, -325.560302734375
2024-07-25 02:35:05,921 - fngu, [7.0, 391.25, 2738.75, 391.25], |, 2688.6299743652344, -50.120025634765625
2024-07-25 02:35:05,921 - == Cash: 130.6099510192871
2024-07-25 02:35:05,921 - == Total: 8513.389659881592
2024-07-25 03:35:05,929 - 2024-07-24 23:35:05.929431-04:00 - 23:35:05
2024-07-25 04:35:05,945 - 2024-07-25 00:35:05.945467-04:00 - 00:35:05
2024-07-25 05:35:06,001 - 2024-07-25 01:35:06.001502-04:00 - 01:35:06
2024-07-25 06:35:06,009 - 2024-07-25 02:35:06.009488-04:00 - 02:35:06
2024-07-25 07:35:06,105 - 2024-07-25 03:35:06.105479-04:00 - 03:35:06
2024-07-25 08:35:06,117 - 2024-07-25 04:35:06.117476-04:00 - 04:35:06
2024-07-25 09:35:06,169 - 2024-07-25 05:35:06.169471-04:00 - 05:35:06
2024-07-25 10:35:06,270 - 2024-07-25 06:35:06.269877-04:00 - 06:35:06
2024-07-25 11:35:06,313 - 2024-07-25 07:35:06.313491-04:00 - 07:35:06
