2024-07-11 12:31:32,473 - 2024-07-11 08:31:32.473474-04:00 - 08:31:32
2024-07-11 13:31:32,505 - 2024-07-11 09:31:32.505524-04:00 - 09:31:32
2024-07-11 14:31:32,569 - 2024-07-11 10:31:32.569500-04:00 - 10:31:32
2024-07-11 14:31:32,569 - Go selling...
2024-07-11 15:31:32,665 - 2024-07-11 11:31:32.665464-04:00 - 11:31:32
2024-07-11 16:31:32,765 - 2024-07-11 12:31:32.765861-04:00 - 12:31:32
2024-07-11 17:31:32,825 - 2024-07-11 13:31:32.825473-04:00 - 13:31:32
2024-07-11 18:31:32,926 - 2024-07-11 14:31:32.925932-04:00 - 14:31:32
2024-07-11 18:31:32,926 - Go buying...
2024-07-11 18:31:34,420 - 2024-07-11 14:31:32.925932-04:00 Predit on buy: spxl, 0.9, 0.0, 0, 155.47999572753906
2024-07-11 18:31:35,821 - 2024-07-11 14:31:32.925932-04:00 Predit on buy: tqqq, 0.9, 0.7353884083569757, 0, 79.27999877929688
2024-07-11 18:31:37,323 - 2024-07-11 14:31:32.925932-04:00 Predit on buy: tecl, 0.9, 0.7618425326517746, 0, 103.94000244140625
2024-07-11 18:31:39,014 - 2024-07-11 14:31:32.925932-04:00 Predit on buy: soxl, 0.9, 0.8558374231008502, 0, 61.974998474121094
2024-07-11 18:31:40,592 - 2024-07-11 14:31:32.925932-04:00 Predit on buy: nvdl, 0.9, 0.7898777348777348, 0, 74.24870300292969
2024-07-11 18:31:42,014 - 2024-07-11 14:31:32.925932-04:00 Predit on buy: fngu, 0.9, 0.9196234011196263, 1, 497.139892578125
2024-07-11 18:31:42,032 - Stock to buy: [('fngu', 497.139892578125, 0.9196234011196263)]
2024-07-11 18:31:43,225 - Email error: (535, b'5.7.8 Username and Password not accepted. For more information, go to\n5.7.8  https://support.google.com/mail/?p=BadCredentials d75a77b69052e-447f9b2818esm32377341cf.10 - gsmtp')
2024-07-11 18:31:43,225 - fngu is bought at 497.139892578125 with 20.0 on 2024-07-11 14:31:32.925932-04:00
2024-07-11 19:31:43,257 - 2024-07-11 15:31:43.257477-04:00 - 15:31:43
2024-07-11 20:31:43,357 - 2024-07-11 16:31:43.357889-04:00 - 16:31:43
2024-07-11 21:31:43,458 - 2024-07-11 17:31:43.458328-04:00 - 17:31:43
2024-07-11 22:31:43,558 - 2024-07-11 18:31:43.558769-04:00 - 18:31:43
2024-07-11 23:31:43,659 - 2024-07-11 19:31:43.659198-04:00 - 19:31:43
2024-07-12 00:31:43,689 - 2024-07-11 20:31:43.689482-04:00 - 20:31:43
2024-07-12 01:31:43,790 - 2024-07-11 21:31:43.789967-04:00 - 21:31:43
2024-07-12 02:31:43,813 - 2024-07-11 22:31:43.813489-04:00 - 22:31:43
2024-07-12 02:31:43,813 - Go logging...
2024-07-12 02:31:44,967 - Email error: (535, b'5.7.8 Username and Password not accepted. For more information, go to\n5.7.8  https://support.google.com/mail/?p=BadCredentials 6a1803df08f44-6b61ba74cc3sm30721006d6.100 - gsmtp')
2024-07-12 02:31:44,967 - ==== 2024-07-11 22:31:43.813489-04:00 ====
2024-07-12 02:31:44,967 - == Holds:
2024-07-12 02:31:45,152 - fngu, [20.0, 497.139892578125, 9942.7978515625, 497.139892578125], |, 10028.599853515625, 85.802001953125
2024-07-12 02:31:45,152 - == Cash: 271.8516654968262
2024-07-12 02:31:45,152 - == Total: 10300.451519012451
2024-07-12 03:31:45,241 - 2024-07-11 23:31:45.241493-04:00 - 23:31:45
2024-07-12 04:31:45,342 - 2024-07-12 00:31:45.341924-04:00 - 00:31:45
2024-07-12 05:31:45,442 - 2024-07-12 01:31:45.442372-04:00 - 01:31:45
2024-07-12 06:31:45,542 - 2024-07-12 02:31:45.542787-04:00 - 02:31:45
2024-07-12 07:31:45,643 - 2024-07-12 03:31:45.643225-04:00 - 03:31:45
2024-07-12 08:31:45,743 - 2024-07-12 04:31:45.743646-04:00 - 04:31:45
2024-07-12 09:31:45,844 - 2024-07-12 05:31:45.844067-04:00 - 05:31:45
2024-07-12 10:31:45,933 - 2024-07-12 06:31:45.933414-04:00 - 06:31:45
2024-07-12 11:31:45,969 - 2024-07-12 07:31:45.969480-04:00 - 07:31:45
