2024-08-08 12:38:59,919 - 2024-08-08 08:38:59.919576-04:00 - 08:38:59
2024-08-08 13:38:59,969 - 2024-08-08 09:38:59.969502-04:00 - 09:38:59
2024-08-08 14:38:59,997 - 2024-08-08 10:38:59.997482-04:00 - 10:38:59
2024-08-08 14:38:59,997 - Go selling...
2024-08-08 14:39:01,532 - 2024-08-08 10:38:59.997482-04:00 Predit on buy: spxl, 0.9, 0.02, 0, 130.08389282226562
2024-08-08 14:39:03,217 - 2024-08-08 10:38:59.997482-04:00 Predit on buy: tqqq, 0.9, 0.02, 0, 57.000099182128906
2024-08-08 14:39:04,688 - 2024-08-08 10:38:59.997482-04:00 Predit on buy: tecl, 0.9, 0.04, 0, 66.5
2024-08-08 14:39:06,091 - 2024-08-08 10:38:59.997482-04:00 Predit on buy: soxl, 0.9, 0.07692307692307693, 0, 29.797100067138672
2024-08-08 14:39:07,517 - 2024-08-08 10:38:59.997482-04:00 Predit on buy: nvdl, 0.9, 0.06297343035950362, 0, 44.650001525878906
2024-08-08 14:39:09,001 - 2024-08-08 10:38:59.997482-04:00 Predit on buy: fngu, 0.9, 0.0, 0, 327.20001220703125
2024-08-08 14:39:09,011 - Stock to buy: []
2024-08-08 14:39:10,611 - 2024-08-08 10:38:59.997482-04:00 To sell for predict: tqqq, 0.9, [0.         0.17477643], 0, 56.979000091552734
2024-08-08 14:39:12,210 - 2024-08-08 10:38:59.997482-04:00 To sell for predict: spxl, 0.9, [0.    0.075], 0, 130.0102996826172
2024-08-08 14:39:13,900 - 2024-08-08 10:38:59.997482-04:00 To sell for predict: soxl, 0.9, [0.         0.79277132], 0, 29.790000915527344
2024-08-08 15:39:13,929 - 2024-08-08 11:39:13.929391-04:00 - 11:39:13
2024-08-08 16:39:13,945 - 2024-08-08 12:39:13.945458-04:00 - 12:39:13
2024-08-08 17:39:14,009 - 2024-08-08 13:39:14.009553-04:00 - 13:39:14
2024-08-08 18:39:14,110 - 2024-08-08 14:39:14.109977-04:00 - 14:39:14
2024-08-08 18:39:14,110 - Go buying...
2024-08-08 19:39:14,211 - 2024-08-08 15:39:14.211316-04:00 - 15:39:14
2024-08-08 20:39:14,311 - 2024-08-08 16:39:14.311741-04:00 - 16:39:14
2024-08-08 21:39:14,412 - 2024-08-08 17:39:14.412209-04:00 - 17:39:14
2024-08-08 22:39:14,429 - 2024-08-08 18:39:14.429501-04:00 - 18:39:14
2024-08-08 23:39:14,441 - 2024-08-08 19:39:14.441478-04:00 - 19:39:14
2024-08-09 00:39:14,458 - 2024-08-08 20:39:14.457910-04:00 - 20:39:14
2024-08-09 01:39:14,519 - 2024-08-08 21:39:14.519186-04:00 - 21:39:14
2024-08-09 02:39:14,553 - 2024-08-08 22:39:14.553506-04:00 - 22:39:14
2024-08-09 02:39:14,553 - Go logging...
2024-08-09 02:39:15,799 - Email error: (535, b'5.7.8 Username and Password not accepted. For more information, go to\n5.7.8  https://support.google.com/mail/?p=BadCredentials 6a1803df08f44-6bb9c79c84esm72592236d6.50 - gsmtp')
2024-08-09 02:39:15,799 - ==== 2024-08-08 22:39:14.553506-04:00 ====
2024-08-09 02:39:15,799 - == Holds:
2024-08-09 02:39:15,968 - soxl, [75.0, 27.89349937438965, 2092.0124530792236, 29.9950008392334], |, 2359.499931335449, 267.4874782562256
2024-08-09 02:39:16,032 - spxl, [17.0, 123.3916015625, 2097.6572265625, 130.97000122070312], |, 2240.9401245117188, 143.28289794921875
2024-08-09 02:39:16,085 - tqqq, [40.0, 53.70000076293945, 2148.000030517578, 57.579898834228516], |, 2322.4000549316406, 174.4000244140625
2024-08-09 02:39:16,085 - == Cash: 100.86229515075684
2024-08-09 02:39:16,085 - == Total: 7023.702405929565
2024-08-09 03:39:16,160 - 2024-08-08 23:39:16.160371-04:00 - 23:39:16
2024-08-09 04:39:16,177 - 2024-08-09 00:39:16.177470-04:00 - 00:39:16
2024-08-09 05:39:16,277 - 2024-08-09 01:39:16.277871-04:00 - 01:39:16
2024-08-09 06:39:16,378 - 2024-08-09 02:39:16.378282-04:00 - 02:39:16
2024-08-09 07:39:16,393 - 2024-08-09 03:39:16.393785-04:00 - 03:39:16
2024-08-09 08:39:16,494 - 2024-08-09 04:39:16.494302-04:00 - 04:39:16
2024-08-09 09:39:16,594 - 2024-08-09 05:39:16.594737-04:00 - 05:39:16
2024-08-09 10:39:16,653 - 2024-08-09 06:39:16.653475-04:00 - 06:39:16
2024-08-09 11:39:16,754 - 2024-08-09 07:39:16.753889-04:00 - 07:39:16
