2024-08-05 12:37:59,303 - 2024-08-05 08:37:59.303317-04:00 - 08:37:59
2024-08-05 13:37:59,345 - 2024-08-05 09:37:59.345475-04:00 - 09:37:59
2024-08-05 14:37:59,446 - 2024-08-05 10:37:59.445882-04:00 - 10:37:59
2024-08-05 14:37:59,446 - Go selling...
2024-08-05 14:38:01,323 - 2024-08-05 10:37:59.445882-04:00 Predit on buy: spxl, 0.9, 0.9385709818636648, 1, 121.79010009765625
2024-08-05 14:38:02,835 - 2024-08-05 10:37:59.445882-04:00 Predit on buy: tqqq, 0.9, 0.9280814713741542, 1, 53.11989974975586
2024-08-05 14:38:04,299 - 2024-08-05 10:37:59.445882-04:00 Predit on buy: tecl, 0.9, 0.9087582132663018, 1, 61.68009948730469
2024-08-05 14:38:05,891 - 2024-08-05 10:37:59.445882-04:00 Predit on buy: soxl, 0.9, 0.8541634491634491, 0, 27.309900283813477
2024-08-05 14:38:07,418 - 2024-08-05 10:37:59.445882-04:00 Predit on buy: nvdl, 0.9, 0.8661112033746304, 0, 42.71500015258789
2024-08-05 14:38:08,826 - 2024-08-05 10:37:59.445882-04:00 Predit on buy: fngu, 0.9, 0.8931165509682133, 0, 302.625
2024-08-05 14:38:08,827 - Stock to buy: [('spxl', 121.79010009765625, 0.9385709818636648), ('tqqq', 53.11989974975586, 0.9280814713741542), ('tecl', 61.68009948730469, 0.9087582132663018)]
2024-08-05 14:38:08,895 - 2024-08-05 10:37:59.445882-04:00 To sell for stop-loss: fngu, at price 303.1061096191406, max is 409.6300048828125
2024-08-05 14:38:09,985 - Email error: (535, b'5.7.8 Username and Password not accepted. For more information, go to\n5.7.8  https://support.google.com/mail/?p=BadCredentials d75a77b69052e-4518a75807dsm30101041cf.76 - gsmtp')
2024-08-05 14:38:10,056 - 2024-08-05 10:37:59.445882-04:00 To sell for stop-loss: soxl, at price 27.4197998046875, max is 29.049999237060547
2024-08-05 14:38:11,367 - Email error: (535, b'5.7.8 Username and Password not accepted. For more information, go to\n5.7.8  https://support.google.com/mail/?p=BadCredentials d75a77b69052e-4518a6c46d2sm29815661cf.23 - gsmtp')
2024-08-05 15:38:11,468 - 2024-08-05 11:38:11.467968-04:00 - 11:38:11
2024-08-05 16:38:11,529 - 2024-08-05 12:38:11.529508-04:00 - 12:38:11
2024-08-05 17:38:11,545 - 2024-08-05 13:38:11.545483-04:00 - 13:38:11
2024-08-05 18:38:11,645 - 2024-08-05 14:38:11.645884-04:00 - 14:38:11
2024-08-05 18:38:11,646 - Go buying...
2024-08-05 18:38:13,200 - 2024-08-05 14:38:11.645884-04:00 Predit on buy: spxl, 0.9, 0.9019731854227764, 1, 123.3916015625
2024-08-05 18:38:14,810 - 2024-08-05 14:38:11.645884-04:00 Predit on buy: tqqq, 0.9, 0.9004969866734573, 1, 53.70000076293945
2024-08-05 18:38:16,222 - 2024-08-05 14:38:11.645884-04:00 Predit on buy: tecl, 0.9, 0.8973223834988542, 0, 61.970001220703125
2024-08-05 18:38:17,702 - 2024-08-05 14:38:11.645884-04:00 Predit on buy: soxl, 0.9, 0.9089066182323355, 1, 27.89349937438965
2024-08-05 18:38:19,187 - 2024-08-05 14:38:11.645884-04:00 Predit on buy: nvdl, 0.9, 0.8496214971567297, 0, 43.36000061035156
2024-08-05 18:38:20,644 - 2024-08-05 14:38:11.645884-04:00 Predit on buy: fngu, 0.9, 0.8951493930905695, 0, 303.7850036621094
2024-08-05 18:38:20,645 - Stock to buy: [('soxl', 27.89349937438965, 0.9089066182323355), ('spxl', 123.3916015625, 0.9019731854227764), ('tqqq', 53.70000076293945, 0.9004969866734573)]
2024-08-05 18:38:21,763 - Email error: (535, b'5.7.8 Username and Password not accepted. For more information, go to\n5.7.8  https://support.google.com/mail/?p=BadCredentials 6a1803df08f44-6bb9c78ad54sm38254996d6.31 - gsmtp')
2024-08-05 18:38:21,763 - soxl is bought at 27.89349937438965 with 75.0 on 2024-08-05 14:38:11.645884-04:00
2024-08-05 18:38:22,858 - Email error: (535, b'5.7.8 Username and Password not accepted. For more information, go to\n5.7.8  https://support.google.com/mail/?p=BadCredentials 6a1803df08f44-6bb9c87e59bsm37935766d6.134 - gsmtp')
2024-08-05 18:38:22,859 - spxl is bought at 123.3916015625 with 17.0 on 2024-08-05 14:38:11.645884-04:00
2024-08-05 18:38:23,933 - Email error: (535, b'5.7.8 Username and Password not accepted. For more information, go to\n5.7.8  https://support.google.com/mail/?p=BadCredentials 6a1803df08f44-6bb9c83970dsm37836686d6.77 - gsmtp')
2024-08-05 18:38:23,933 - tqqq is bought at 53.70000076293945 with 40.0 on 2024-08-05 14:38:11.645884-04:00
2024-08-05 19:38:24,025 - 2024-08-05 15:38:24.025475-04:00 - 15:38:24
2024-08-05 20:38:24,077 - 2024-08-05 16:38:24.077478-04:00 - 16:38:24
2024-08-05 21:38:24,178 - 2024-08-05 17:38:24.177934-04:00 - 17:38:24
2024-08-05 22:38:24,278 - 2024-08-05 18:38:24.278406-04:00 - 18:38:24
2024-08-05 23:38:24,378 - 2024-08-05 19:38:24.378796-04:00 - 19:38:24
2024-08-06 00:38:24,479 - 2024-08-05 20:38:24.479250-04:00 - 20:38:24
2024-08-06 01:38:24,579 - 2024-08-05 21:38:24.579667-04:00 - 21:38:24
2024-08-06 02:38:24,637 - 2024-08-05 22:38:24.637478-04:00 - 22:38:24
2024-08-06 02:38:24,637 - Go logging...
2024-08-06 02:38:25,807 - Email error: (535, b'5.7.8 Username and Password not accepted. For more information, go to\n5.7.8  https://support.google.com/mail/?p=BadCredentials 6a1803df08f44-6bb9c8a9379sm40676826d6.145 - gsmtp')
2024-08-06 02:38:25,807 - ==== 2024-08-05 22:38:24.637478-04:00 ====
2024-08-06 02:38:25,807 - == Holds:
2024-08-06 02:38:25,986 - soxl, [75.0, 27.89349937438965, 2092.0124530792236, 27.89349937438965], |, 2091.749954223633, -0.2624988555908203
2024-08-06 02:38:26,036 - spxl, [17.0, 123.3916015625, 2097.6572265625, 123.3916015625], |, 2086.579963684082, -11.077262878417969
2024-08-06 02:38:26,084 - tqqq, [40.0, 53.70000076293945, 2148.000030517578, 53.70000076293945], |, 2144.7999572753906, -3.2000732421875
2024-08-06 02:38:26,084 - == Cash: 100.86229515075684
2024-08-06 02:38:26,084 - == Total: 6423.992170333862
2024-08-06 03:38:26,184 - 2024-08-05 23:38:26.184673-04:00 - 23:38:26
2024-08-06 04:38:26,285 - 2024-08-06 00:38:26.285129-04:00 - 00:38:26
2024-08-06 05:38:26,297 - 2024-08-06 01:38:26.297499-04:00 - 01:38:26
2024-08-06 06:38:26,361 - 2024-08-06 02:38:26.361499-04:00 - 02:38:26
2024-08-06 07:38:26,465 - 2024-08-06 03:38:26.465593-04:00 - 03:38:26
2024-08-06 08:38:26,485 - 2024-08-06 04:38:26.485172-04:00 - 04:38:26
2024-08-06 09:38:26,585 - 2024-08-06 05:38:26.585632-04:00 - 05:38:26
2024-08-06 10:38:26,681 - 2024-08-06 06:38:26.681469-04:00 - 06:38:26
2024-08-06 11:38:26,689 - 2024-08-06 07:38:26.689502-04:00 - 07:38:26
