2024-07-08 12:30:56,651 - 2024-07-08 08:30:56.651444-04:00 - 08:30:56
2024-07-08 13:30:56,752 - 2024-07-08 09:30:56.751930-04:00 - 09:30:56
2024-07-08 14:30:56,761 - 2024-07-08 10:30:56.761474-04:00 - 10:30:56
2024-07-08 14:30:56,761 - Go selling...
2024-07-08 15:30:56,862 - 2024-07-08 11:30:56.861943-04:00 - 11:30:56
2024-07-08 16:30:56,962 - 2024-07-08 12:30:56.962351-04:00 - 12:30:56
2024-07-08 17:30:56,981 - 2024-07-08 13:30:56.981476-04:00 - 13:30:56
2024-07-08 18:30:57,082 - 2024-07-08 14:30:57.081897-04:00 - 14:30:57
2024-07-08 18:30:57,082 - Go buying...
2024-07-08 18:30:58,727 - 2024-07-08 14:30:57.081897-04:00 Predit on buy: spxl, 0.9, 0.0, 0, 154.51499938964844
2024-07-08 18:31:00,197 - 2024-07-08 14:30:57.081897-04:00 Predit on buy: tqqq, 0.9, 0.0, 0, 81.94499969482422
2024-07-08 18:31:01,743 - 2024-07-08 14:30:57.081897-04:00 Predit on buy: tecl, 0.9, 0.0, 0, 108.02999877929688
2024-07-08 18:31:03,426 - 2024-07-08 14:30:57.081897-04:00 Predit on buy: soxl, 0.9, 0.0, 0, 63.88999938964844
2024-07-08 18:31:04,930 - 2024-07-08 14:30:57.081897-04:00 Predit on buy: nvdl, 0.9, 0.0, 0, 75.25
2024-07-08 18:31:06,411 - 2024-07-08 14:30:57.081897-04:00 Predit on buy: fngu, 0.9, 0.0, 0, 543.1099853515625
2024-07-08 18:31:06,411 - Stock to buy: []
2024-07-08 19:31:06,512 - 2024-07-08 15:31:06.512089-04:00 - 15:31:06
2024-07-08 20:31:06,589 - 2024-07-08 16:31:06.589569-04:00 - 16:31:06
2024-07-08 21:31:06,649 - 2024-07-08 17:31:06.649492-04:00 - 17:31:06
2024-07-08 22:31:06,750 - 2024-07-08 18:31:06.749902-04:00 - 18:31:06
2024-07-08 23:31:06,850 - 2024-07-08 19:31:06.850309-04:00 - 19:31:06
2024-07-09 00:31:06,937 - 2024-07-08 20:31:06.937475-04:00 - 20:31:06
2024-07-09 01:31:06,969 - 2024-07-08 21:31:06.969470-04:00 - 21:31:06
2024-07-09 02:31:07,070 - 2024-07-08 22:31:07.069878-04:00 - 22:31:07
2024-07-09 02:31:07,070 - Go logging...
2024-07-09 02:31:08,198 - Email error: (535, b'5.7.8 Username and Password not accepted. For more information, go to\n5.7.8  https://support.google.com/mail/?p=BadCredentials af79cd13be357-79f190b4468sm49710285a.128 - gsmtp')
2024-07-09 02:31:08,198 - ==== 2024-07-08 22:31:07.069878-04:00 ====
2024-07-09 02:31:08,198 - == Holds:
2024-07-09 02:31:08,198 - == Cash: 10214.649517059326
2024-07-09 02:31:08,199 - == Total: 10214.649517059326
2024-07-09 03:31:08,299 - 2024-07-08 23:31:08.299273-04:00 - 23:31:08
2024-07-09 04:31:08,399 - 2024-07-09 00:31:08.399720-04:00 - 00:31:08
2024-07-09 05:31:08,500 - 2024-07-09 01:31:08.500176-04:00 - 01:31:08
2024-07-09 06:31:08,600 - 2024-07-09 02:31:08.600771-04:00 - 02:31:08
2024-07-09 07:31:08,633 - 2024-07-09 03:31:08.633494-04:00 - 03:31:08
2024-07-09 08:31:08,665 - 2024-07-09 04:31:08.665451-04:00 - 04:31:08
2024-07-09 09:31:08,700 - 2024-07-09 05:31:08.700545-04:00 - 05:31:08
2024-07-09 10:31:08,801 - 2024-07-09 06:31:08.800969-04:00 - 06:31:08
2024-07-09 11:31:08,889 - 2024-07-09 07:31:08.889485-04:00 - 07:31:08
