2024-07-03 12:30:17,726 - 2024-07-03 08:30:17.726190-04:00 - 08:30:17
2024-07-03 13:30:17,818 - 2024-07-03 09:30:17.818300-04:00 - 09:30:17
2024-07-03 14:30:17,918 - 2024-07-03 10:30:17.918750-04:00 - 10:30:17
2024-07-03 14:30:17,919 - Go selling...
2024-07-03 15:30:17,929 - 2024-07-03 11:30:17.929425-04:00 - 11:30:17
2024-07-03 16:30:17,965 - 2024-07-03 12:30:17.965478-04:00 - 12:30:17
2024-07-03 17:30:18,069 - 2024-07-03 13:30:18.069188-04:00 - 13:30:18
2024-07-03 18:30:18,169 - 2024-07-03 14:30:18.169674-04:00 - 14:30:18
2024-07-03 18:30:18,169 - Go buying...
2024-07-03 18:30:19,905 - 2024-07-03 14:30:18.169674-04:00 Predit on buy: spxl, 0.9, 0.0, 0, 151.6699981689453
2024-07-03 18:30:21,438 - 2024-07-03 14:30:18.169674-04:00 Predit on buy: tqqq, 0.9, 0.0, 0, 79.2300033569336
2024-07-03 18:30:22,999 - 2024-07-03 14:30:18.169674-04:00 Predit on buy: tecl, 0.9, 0.0, 0, 104.91999816894531
2024-07-03 18:30:24,614 - 2024-07-03 14:30:18.169674-04:00 Predit on buy: soxl, 0.9, 0.0, 0, 60.38999938964844
2024-07-03 18:30:26,088 - 2024-07-03 14:30:18.169674-04:00 Predit on buy: nvdl, 0.9, 0.0, 0, 74.68000030517578
2024-07-03 18:30:27,528 - 2024-07-03 14:30:18.169674-04:00 Predit on buy: fngu, 0.9, 0.0, 0, 521.7999877929688
2024-07-03 18:30:27,528 - Stock to buy: []
2024-07-03 19:30:27,609 - 2024-07-03 15:30:27.609480-04:00 - 15:30:27
2024-07-03 20:30:27,710 - 2024-07-03 16:30:27.709918-04:00 - 16:30:27
2024-07-03 21:30:27,761 - 2024-07-03 17:30:27.761475-04:00 - 17:30:27
2024-07-03 22:30:27,818 - 2024-07-03 18:30:27.818325-04:00 - 18:30:27
2024-07-03 23:30:27,918 - 2024-07-03 19:30:27.918796-04:00 - 19:30:27
2024-07-04 00:30:28,019 - 2024-07-03 20:30:28.019260-04:00 - 20:30:28
2024-07-04 01:30:28,025 - 2024-07-03 21:30:28.025502-04:00 - 21:30:28
2024-07-04 02:30:28,113 - 2024-07-03 22:30:28.113483-04:00 - 22:30:28
2024-07-04 02:30:28,113 - Go logging...
2024-07-04 02:30:29,272 - Email error: (535, b'5.7.8 Username and Password not accepted. For more information, go to\n5.7.8  https://support.google.com/mail/?p=BadCredentials 6a1803df08f44-6b59e609542sm58779866d6.105 - gsmtp')
2024-07-04 02:30:29,272 - ==== 2024-07-03 22:30:28.113483-04:00 ====
2024-07-04 02:30:29,273 - == Holds:
2024-07-04 02:30:29,273 - == Cash: 10214.649517059326
2024-07-04 02:30:29,273 - == Total: 10214.649517059326
2024-07-04 03:30:29,373 - 2024-07-03 23:30:29.373438-04:00 - 23:30:29
2024-07-04 04:30:29,393 - 2024-07-04 00:30:29.393499-04:00 - 00:30:29
2024-07-04 05:30:29,494 - 2024-07-04 01:30:29.493933-04:00 - 01:30:29
2024-07-04 06:30:29,537 - 2024-07-04 02:30:29.537485-04:00 - 02:30:29
2024-07-04 07:30:29,638 - 2024-07-04 03:30:29.637944-04:00 - 03:30:29
2024-07-04 08:30:29,738 - 2024-07-04 04:30:29.738354-04:00 - 04:30:29
2024-07-04 09:30:29,818 - 2024-07-04 05:30:29.818840-04:00 - 05:30:29
2024-07-04 10:30:29,881 - 2024-07-04 06:30:29.881473-04:00 - 06:30:29
2024-07-04 11:30:29,977 - 2024-07-04 07:30:29.977469-04:00 - 07:30:29
