2024-08-09 12:39:16,841 - 2024-08-09 08:39:16.841481-04:00 - 08:39:16
2024-08-09 13:39:16,942 - 2024-08-09 09:39:16.941916-04:00 - 09:39:16
2024-08-09 14:39:17,042 - 2024-08-09 10:39:17.042335-04:00 - 10:39:17
2024-08-09 14:39:17,042 - Go selling...
2024-08-09 14:39:18,819 - 2024-08-09 10:39:17.042335-04:00 Predit on buy: spxl, 0.9, 0.02, 0, 131.14999389648438
2024-08-09 14:39:20,229 - 2024-08-09 10:39:17.042335-04:00 Predit on buy: tqqq, 0.9, 0.02, 0, 57.439998626708984
2024-08-09 14:39:21,609 - 2024-08-09 10:39:17.042335-04:00 Predit on buy: tecl, 0.9, 0.15071428571428572, 0, 67.19000244140625
2024-08-09 14:39:23,000 - 2024-08-09 10:39:17.042335-04:00 Predit on buy: soxl, 0.9, 0.18494857828948885, 0, 30.059999465942383
2024-08-09 14:39:24,432 - 2024-08-09 10:39:17.042335-04:00 Predit on buy: nvdl, 0.9, 0.12789222018229102, 0, 45.779998779296875
2024-08-09 14:39:25,908 - 2024-08-09 10:39:17.042335-04:00 Predit on buy: fngu, 0.9, 0.04608619767357443, 0, 332.0600891113281
2024-08-09 14:39:25,913 - Stock to buy: []
2024-08-09 14:39:27,421 - 2024-08-09 10:39:17.042335-04:00 To sell for predict: tqqq, 0.9, [0.85541889 0.        ], 0, 57.505001068115234
2024-08-09 14:39:28,826 - 2024-08-09 10:39:17.042335-04:00 To sell for predict: spxl, 0.9, [0.21655595 0.        ], 0, 131.35000610351562
2024-08-09 14:39:30,304 - 2024-08-09 10:39:17.042335-04:00 To sell for predict: soxl, 0.9, [0.99927305 0.        ], 0, 30.110000610351562
2024-08-09 15:39:30,405 - 2024-08-09 11:39:30.405271-04:00 - 11:39:30
2024-08-09 16:39:30,505 - 2024-08-09 12:39:30.505781-04:00 - 12:39:30
2024-08-09 17:39:30,585 - 2024-08-09 13:39:30.585517-04:00 - 13:39:30
2024-08-09 18:39:30,652 - 2024-08-09 14:39:30.652119-04:00 - 14:39:30
2024-08-09 18:39:30,652 - Go buying...
2024-08-09 19:39:30,752 - 2024-08-09 15:39:30.752666-04:00 - 15:39:30
2024-08-09 20:39:30,777 - 2024-08-09 16:39:30.777490-04:00 - 16:39:30
2024-08-09 21:39:30,803 - 2024-08-09 17:39:30.803819-04:00 - 17:39:30
2024-08-09 22:39:30,904 - 2024-08-09 18:39:30.904272-04:00 - 18:39:30
2024-08-09 23:39:30,921 - 2024-08-09 19:39:30.920930-04:00 - 19:39:30
2024-08-10 00:39:31,021 - 2024-08-09 20:39:31.021353-04:00 - 20:39:31
2024-08-10 01:39:31,121 - 2024-08-09 21:39:31.121864-04:00 - 21:39:31
2024-08-10 02:39:31,193 - 2024-08-09 22:39:31.193502-04:00 - 22:39:31
2024-08-10 02:39:31,193 - Go logging...
2024-08-10 02:39:32,284 - Email error: (535, b'5.7.8 Username and Password not accepted. For more information, go to\n5.7.8  https://support.google.com/mail/?p=BadCredentials 6a1803df08f44-6bd82e6ae2dsm3454756d6.131 - gsmtp')
2024-08-10 02:39:32,285 - ==== 2024-08-09 22:39:31.193502-04:00 ====
2024-08-10 02:39:32,285 - == Holds:
2024-08-10 02:39:32,487 - soxl, [75.0, 27.89349937438965, 2092.0124530792236, 30.110000610351562], |, 2325.7500171661377, 233.73756408691406
2024-08-10 02:39:32,542 - spxl, [17.0, 123.3916015625, 2097.6572265625, 131.35000610351562], |, 2266.9501037597656, 169.29287719726562
2024-08-10 02:39:32,589 - tqqq, [40.0, 53.70000076293945, 2148.000030517578, 57.579898834228516], |, 2353.9999389648438, 205.99990844726562
2024-08-10 02:39:32,589 - == Cash: 100.86229515075684
2024-08-10 02:39:32,590 - == Total: 7047.562355041504
2024-08-10 03:39:32,665 - 2024-08-09 23:39:32.665471-04:00 - 23:39:32
2024-08-10 04:39:32,673 - 2024-08-10 00:39:32.673472-04:00 - 00:39:32
2024-08-10 05:39:32,774 - 2024-08-10 01:39:32.773884-04:00 - 01:39:32
2024-08-10 06:39:32,874 - 2024-08-10 02:39:32.874324-04:00 - 02:39:32
2024-08-10 07:39:32,976 - 2024-08-10 03:39:32.976773-04:00 - 03:39:32
2024-08-10 08:39:32,985 - 2024-08-10 04:39:32.985504-04:00 - 04:39:32
2024-08-10 09:39:33,086 - 2024-08-10 05:39:33.085934-04:00 - 05:39:33
2024-08-10 10:39:33,177 - 2024-08-10 06:39:33.177476-04:00 - 06:39:33
2024-08-10 11:39:33,278 - 2024-08-10 07:39:33.277924-04:00 - 07:39:33
