2024-08-07 12:38:43,676 - 2024-08-07 08:38:43.676706-04:00 - 08:38:43
2024-08-07 13:38:43,777 - 2024-08-07 09:38:43.777139-04:00 - 09:38:43
2024-08-07 14:38:43,873 - 2024-08-07 10:38:43.873484-04:00 - 10:38:43
2024-08-07 14:38:43,873 - Go selling...
2024-08-07 14:38:45,504 - 2024-08-07 10:38:43.873484-04:00 Predit on buy: spxl, 0.9, 0.02, 0, 130.97000122070312
2024-08-07 14:38:46,912 - 2024-08-07 10:38:43.873484-04:00 Predit on buy: tqqq, 0.9, 0.02, 0, 57.54990005493164
2024-08-07 14:38:48,414 - 2024-08-07 10:38:43.873484-04:00 Predit on buy: tecl, 0.9, 0.04, 0, 67.83999633789062
2024-08-07 14:38:49,814 - 2024-08-07 10:38:43.873484-04:00 Predit on buy: soxl, 0.9, 0.065, 0, 29.96500015258789
2024-08-07 14:38:51,208 - 2024-08-07 10:38:43.873484-04:00 Predit on buy: nvdl, 0.9, 0.04, 0, 46.79999923706055
2024-08-07 14:38:52,612 - 2024-08-07 10:38:43.873484-04:00 Predit on buy: fngu, 0.9, 0.04, 0, 332.05999755859375
2024-08-07 14:38:52,612 - Stock to buy: []
2024-08-07 14:38:54,195 - 2024-08-07 10:38:43.873484-04:00 To sell for predict: tqqq, 0.9, [0.         0.06666667], 0, 57.579898834228516
2024-08-07 14:38:55,610 - 2024-08-07 10:38:43.873484-04:00 To sell for predict: spxl, 0.9, [0.         0.02755475], 0, 130.97000122070312
2024-08-07 14:38:57,025 - 2024-08-07 10:38:43.873484-04:00 To sell for predict: soxl, 0.9, [0.08       0.17982301], 0, 29.9950008392334
2024-08-07 15:38:57,081 - 2024-08-07 11:38:57.081490-04:00 - 11:38:57
2024-08-07 16:38:57,181 - 2024-08-07 12:38:57.181490-04:00 - 12:38:57
2024-08-07 17:38:57,233 - 2024-08-07 13:38:57.233491-04:00 - 13:38:57
2024-08-07 18:38:57,334 - 2024-08-07 14:38:57.333936-04:00 - 14:38:57
2024-08-07 18:38:57,334 - Go buying...
2024-08-07 19:38:57,393 - 2024-08-07 15:38:57.393613-04:00 - 15:38:57
2024-08-07 20:38:57,494 - 2024-08-07 16:38:57.494100-04:00 - 16:38:57
2024-08-07 21:38:57,594 - 2024-08-07 17:38:57.594599-04:00 - 17:38:57
2024-08-07 22:38:57,657 - 2024-08-07 18:38:57.657460-04:00 - 18:38:57
2024-08-07 23:38:57,737 - 2024-08-07 19:38:57.737461-04:00 - 19:38:57
2024-08-08 00:38:57,789 - 2024-08-07 20:38:57.789484-04:00 - 20:38:57
2024-08-08 01:38:57,890 - 2024-08-07 21:38:57.889918-04:00 - 21:38:57
2024-08-08 02:38:57,929 - 2024-08-07 22:38:57.929397-04:00 - 22:38:57
2024-08-08 02:38:57,929 - Go logging...
2024-08-08 02:38:59,008 - Email error: (535, b'5.7.8 Username and Password not accepted. For more information, go to\n5.7.8  https://support.google.com/mail/?p=BadCredentials d75a77b69052e-451c87344desm9384781cf.50 - gsmtp')
2024-08-08 02:38:59,008 - ==== 2024-08-07 22:38:57.929397-04:00 ====
2024-08-08 02:38:59,008 - == Holds:
2024-08-08 02:38:59,169 - soxl, [75.0, 27.89349937438965, 2092.0124530792236, 29.9950008392334], |, 1966.499948501587, -125.51250457763672
2024-08-08 02:38:59,229 - spxl, [17.0, 123.3916015625, 2097.6572265625, 130.97000122070312], |, 2098.4800415039062, 0.82281494140625
2024-08-08 02:38:59,272 - tqqq, [40.0, 53.70000076293945, 2148.000030517578, 57.579898834228516], |, 2127.5999450683594, -20.40008544921875
2024-08-08 02:38:59,272 - == Cash: 100.86229515075684
2024-08-08 02:38:59,272 - == Total: 6293.442230224609
2024-08-08 03:38:59,281 - 2024-08-07 23:38:59.281498-04:00 - 23:38:59
2024-08-08 04:38:59,323 - 2024-08-08 00:38:59.323363-04:00 - 00:38:59
2024-08-08 05:38:59,423 - 2024-08-08 01:38:59.423797-04:00 - 01:38:59
2024-08-08 06:38:59,449 - 2024-08-08 02:38:59.449469-04:00 - 02:38:59
2024-08-08 07:38:59,513 - 2024-08-08 03:38:59.513492-04:00 - 03:38:59
2024-08-08 08:38:59,614 - 2024-08-08 04:38:59.613906-04:00 - 04:38:59
2024-08-08 09:38:59,714 - 2024-08-08 05:38:59.714354-04:00 - 05:38:59
2024-08-08 10:38:59,814 - 2024-08-08 06:38:59.814800-04:00 - 06:38:59
2024-08-08 11:38:59,915 - 2024-08-08 07:38:59.915227-04:00 - 07:38:59
