2024-07-01 12:29:40,585 - 2024-07-01 08:29:40.585538-04:00 - 08:29:40
2024-07-01 13:29:40,652 - 2024-07-01 09:29:40.651905-04:00 - 09:29:40
2024-07-01 14:29:40,752 - 2024-07-01 10:29:40.752329-04:00 - 10:29:40
2024-07-01 14:29:40,752 - Go selling...
2024-07-01 14:29:42,430 - 2024-07-01 10:29:40.752329-04:00 Predit on buy: spxl, 0.9, 0.017391658755885678, 0, 146.08399963378906
2024-07-01 14:29:43,818 - 2024-07-01 10:29:40.752329-04:00 Predit on buy: tqqq, 0.9, 0.02, 0, 73.7300033569336
2024-07-01 14:29:45,198 - 2024-07-01 10:29:40.752329-04:00 Predit on buy: tecl, 0.9, 0.02, 0, 96.41889953613281
2024-07-01 14:29:46,721 - 2024-07-01 10:29:40.752329-04:00 Predit on buy: soxl, 0.9, 0.8352233313102877, 0, 53.480098724365234
2024-07-01 14:29:48,115 - 2024-07-01 10:29:40.752329-04:00 Predit on buy: nvdl, 0.9, 0.8763470657721688, 0, 67.5
2024-07-01 14:29:49,490 - 2024-07-01 10:29:40.752329-04:00 Predit on buy: fngu, 0.9, 0.0, 0, 458.2799987792969
2024-07-01 14:29:49,498 - Stock to buy: []
2024-07-01 14:29:49,532 - 2024-07-01 10:29:40.752329-04:00 To sell for stop-loss: nvdl, at price 67.58409881591797, max is 73.6240005493164
2024-07-01 14:29:50,926 - Email error: (535, b'5.7.8 Username and Password not accepted. For more information, go to\n5.7.8  https://support.google.com/mail/?p=BadCredentials d75a77b69052e-44651498256sm31566171cf.64 - gsmtp')
2024-07-01 14:29:50,991 - 2024-07-01 10:29:40.752329-04:00 To sell for stop-loss: soxl, at price 53.4900016784668, max is 58.06999969482422
2024-07-01 14:29:52,378 - Email error: (535, b'5.7.8 Username and Password not accepted. For more information, go to\n5.7.8  https://support.google.com/mail/?p=BadCredentials 6a1803df08f44-6b59e368420sm33465016d6.23 - gsmtp')
2024-07-01 14:29:52,433 - 2024-07-01 10:29:40.752329-04:00 To sell for stop-loss: tecl, at price 96.41889953613281, max is 101.95600128173828
2024-07-01 14:29:53,978 - Email error: (535, b'5.7.8 Username and Password not accepted. For more information, go to\n5.7.8  https://support.google.com/mail/?p=BadCredentials 6a1803df08f44-6b5c5075d9dsm6154396d6.87 - gsmtp')
2024-07-01 15:29:54,009 - 2024-07-01 11:29:54.009485-04:00 - 11:29:54
2024-07-01 16:29:54,073 - 2024-07-01 12:29:54.073473-04:00 - 12:29:54
2024-07-01 17:29:54,174 - 2024-07-01 13:29:54.173950-04:00 - 13:29:54
2024-07-01 18:29:54,274 - 2024-07-01 14:29:54.274443-04:00 - 14:29:54
2024-07-01 18:29:54,274 - Go buying...
2024-07-01 18:29:55,807 - 2024-07-01 14:29:54.274443-04:00 Predit on buy: spxl, 0.9, 0.017391658755885678, 0, 146.49000549316406
2024-07-01 18:29:57,217 - 2024-07-01 14:29:54.274443-04:00 Predit on buy: tqqq, 0.9, 0.02, 0, 74.55989837646484
2024-07-01 18:29:58,633 - 2024-07-01 14:29:54.274443-04:00 Predit on buy: tecl, 0.9, 0.0, 0, 98.44000244140625
2024-07-01 18:30:00,132 - 2024-07-01 14:29:54.274443-04:00 Predit on buy: soxl, 0.9, 0.0, 0, 54.68619918823242
2024-07-01 18:30:01,587 - 2024-07-01 14:29:54.274443-04:00 Predit on buy: nvdl, 0.9, 0.04, 0, 70.08000183105469
2024-07-01 18:30:03,118 - 2024-07-01 14:29:54.274443-04:00 Predit on buy: fngu, 0.9, 0.0, 0, 470.3699951171875
2024-07-01 18:30:03,118 - Stock to buy: []
2024-07-01 19:30:03,219 - 2024-07-01 15:30:03.218959-04:00 - 15:30:03
2024-07-01 20:30:03,265 - 2024-07-01 16:30:03.265208-04:00 - 16:30:03
2024-07-01 21:30:03,329 - 2024-07-01 17:30:03.329519-04:00 - 17:30:03
2024-07-01 22:30:03,333 - 2024-07-01 18:30:03.333477-04:00 - 18:30:03
2024-07-01 23:30:03,434 - 2024-07-01 19:30:03.433917-04:00 - 19:30:03
2024-07-02 00:30:03,501 - 2024-07-01 20:30:03.501486-04:00 - 20:30:03
2024-07-02 01:30:03,577 - 2024-07-01 21:30:03.577477-04:00 - 21:30:03
2024-07-02 02:30:03,645 - 2024-07-01 22:30:03.645733-04:00 - 22:30:03
2024-07-02 02:30:03,646 - Go logging...
2024-07-02 02:30:04,813 - Email error: (535, b'5.7.8 Username and Password not accepted. For more information, go to\n5.7.8  https://support.google.com/mail/?p=BadCredentials 6a1803df08f44-6b5c4dd6f4csm11965626d6.19 - gsmtp')
2024-07-02 02:30:04,813 - ==== 2024-07-01 22:30:03.645733-04:00 ====
2024-07-02 02:30:04,813 - == Holds:
2024-07-02 02:30:04,814 - == Cash: 10214.649517059326
2024-07-02 02:30:04,814 - == Total: 10214.649517059326
2024-07-02 03:30:04,857 - 2024-07-01 23:30:04.857491-04:00 - 23:30:04
2024-07-02 04:30:04,921 - 2024-07-02 00:30:04.921512-04:00 - 00:30:04
2024-07-02 05:30:04,985 - 2024-07-02 01:30:04.985522-04:00 - 01:30:04
2024-07-02 06:30:05,025 - 2024-07-02 02:30:05.025499-04:00 - 02:30:05
2024-07-02 07:30:05,113 - 2024-07-02 03:30:05.113465-04:00 - 03:30:05
2024-07-02 08:30:05,214 - 2024-07-02 04:30:05.214041-04:00 - 04:30:05
2024-07-02 09:30:05,301 - 2024-07-02 05:30:05.301490-04:00 - 05:30:05
2024-07-02 10:30:05,402 - 2024-07-02 06:30:05.401967-04:00 - 06:30:05
2024-07-02 11:30:05,492 - 2024-07-02 07:30:05.492120-04:00 - 07:30:05
