2024-07-04 12:30:30,009 - 2024-07-04 08:30:30.009492-04:00 - 08:30:30
2024-07-04 13:30:30,041 - 2024-07-04 09:30:30.041472-04:00 - 09:30:30
2024-07-04 14:30:30,089 - 2024-07-04 10:30:30.089482-04:00 - 10:30:30
2024-07-04 14:30:30,089 - Go selling...
2024-07-04 15:30:30,190 - 2024-07-04 11:30:30.190201-04:00 - 11:30:30
2024-07-04 16:30:30,201 - 2024-07-04 12:30:30.201558-04:00 - 12:30:30
2024-07-04 17:30:30,233 - 2024-07-04 13:30:30.233511-04:00 - 13:30:30
2024-07-04 18:30:30,285 - 2024-07-04 14:30:30.285526-04:00 - 14:30:30
2024-07-04 18:30:30,285 - Go buying...
2024-07-04 18:30:31,805 - 2024-07-04 14:30:30.285526-04:00 Predit on buy: spxl, 0.9, 0.0, 0, 151.6699981689453
2024-07-04 18:30:33,227 - 2024-07-04 14:30:30.285526-04:00 Predit on buy: tqqq, 0.9, 0.0, 0, 79.2300033569336
2024-07-04 18:30:34,623 - 2024-07-04 14:30:30.285526-04:00 Predit on buy: tecl, 0.9, 0.0, 0, 104.91999816894531
2024-07-04 18:30:36,015 - 2024-07-04 14:30:30.285526-04:00 Predit on buy: soxl, 0.9, 0.0, 0, 60.38999938964844
2024-07-04 18:30:37,410 - 2024-07-04 14:30:30.285526-04:00 Predit on buy: nvdl, 0.9, 0.0, 0, 74.68000030517578
2024-07-04 18:30:38,824 - 2024-07-04 14:30:30.285526-04:00 Predit on buy: fngu, 0.9, 0.0, 0, 521.7999877929688
2024-07-04 18:30:38,824 - Stock to buy: []
2024-07-04 19:30:38,924 - 2024-07-04 15:30:38.924442-04:00 - 15:30:38
2024-07-04 20:30:39,025 - 2024-07-04 16:30:39.024905-04:00 - 16:30:39
2024-07-04 21:30:39,117 - 2024-07-04 17:30:39.117504-04:00 - 17:30:39
2024-07-04 22:30:39,129 - 2024-07-04 18:30:39.129483-04:00 - 18:30:39
2024-07-04 23:30:39,230 - 2024-07-04 19:30:39.230044-04:00 - 19:30:39
2024-07-05 00:30:39,330 - 2024-07-04 20:30:39.330497-04:00 - 20:30:39
2024-07-05 01:30:39,413 - 2024-07-04 21:30:39.413516-04:00 - 21:30:39
2024-07-05 02:30:39,473 - 2024-07-04 22:30:39.473478-04:00 - 22:30:39
2024-07-05 02:30:39,473 - Go logging...
2024-07-05 02:30:40,559 - Email error: (535, b'5.7.8 Username and Password not accepted. For more information, go to\n5.7.8  https://support.google.com/mail/?p=BadCredentials 6a1803df08f44-6b59e368444sm69019376d6.6 - gsmtp')
2024-07-05 02:30:40,559 - ==== 2024-07-04 22:30:39.473478-04:00 ====
2024-07-05 02:30:40,559 - == Holds:
2024-07-05 02:30:40,559 - == Cash: 10214.649517059326
2024-07-05 02:30:40,559 - == Total: 10214.649517059326
2024-07-05 03:30:40,652 - 2024-07-04 23:30:40.651925-04:00 - 23:30:40
2024-07-05 04:30:40,665 - 2024-07-05 00:30:40.665443-04:00 - 00:30:40
2024-07-05 05:30:40,765 - 2024-07-05 01:30:40.765830-04:00 - 01:30:40
2024-07-05 06:30:40,773 - 2024-07-05 02:30:40.773484-04:00 - 02:30:40
2024-07-05 07:30:40,841 - 2024-07-05 03:30:40.841490-04:00 - 03:30:40
2024-07-05 08:30:40,849 - 2024-07-05 04:30:40.849447-04:00 - 04:30:40
2024-07-05 09:30:40,857 - 2024-07-05 05:30:40.857483-04:00 - 05:30:40
2024-07-05 10:30:40,885 - 2024-07-05 06:30:40.885514-04:00 - 06:30:40
2024-07-05 11:30:40,986 - 2024-07-05 07:30:40.985932-04:00 - 07:30:40
