2024-07-18 12:33:20,769 - 2024-07-18 08:33:20.769480-04:00 - 08:33:20
2024-07-18 13:33:20,821 - 2024-07-18 09:33:20.821492-04:00 - 09:33:20
2024-07-18 14:33:20,898 - 2024-07-18 10:33:20.897866-04:00 - 10:33:20
2024-07-18 14:33:20,898 - Go selling...
2024-07-18 14:33:22,423 - 2024-07-18 10:33:20.897866-04:00 Predit on buy: spxl, 0.9, 0.02, 0, 155.86000061035156
2024-07-18 14:33:23,811 - 2024-07-18 10:33:20.897866-04:00 Predit on buy: tqqq, 0.9, 0.6411689020397761, 0, 74.1500015258789
2024-07-18 14:33:25,333 - 2024-07-18 10:33:20.897866-04:00 Predit on buy: tecl, 0.9, 0.8931165509682133, 0, 93.41999816894531
2024-07-18 14:33:26,800 - 2024-07-18 10:33:20.897866-04:00 Predit on buy: soxl, 0.9, 0.7701231373865645, 0, 52.2599983215332
2024-07-18 14:33:28,193 - 2024-07-18 10:33:20.897866-04:00 Predit on buy: nvdl, 0.9, 0.7480804741674307, 0, 63.691001892089844
2024-07-18 14:33:29,589 - 2024-07-18 10:33:20.897866-04:00 Predit on buy: fngu, 0.9, 0.762366188453145, 0, 453.3599853515625
2024-07-18 14:33:29,590 - Stock to buy: []
2024-07-18 14:33:29,634 - 2024-07-18 10:33:20.897866-04:00 To sell for stop-loss: nvdl, at price 63.63909912109375, max is 71.0
2024-07-18 14:33:30,795 - Email error: (535, b'5.7.8 Username and Password not accepted. For more information, go to\n5.7.8  https://support.google.com/mail/?p=BadCredentials af79cd13be357-7a1938b4fc8sm30877785a.3 - gsmtp')
2024-07-18 15:33:30,895 - 2024-07-18 11:33:30.895441-04:00 - 11:33:30
2024-07-18 16:33:30,996 - 2024-07-18 12:33:30.995890-04:00 - 12:33:30
2024-07-18 17:33:31,096 - 2024-07-18 13:33:31.096377-04:00 - 13:33:31
2024-07-18 18:33:31,185 - 2024-07-18 14:33:31.185469-04:00 - 14:33:31
2024-07-18 18:33:31,185 - Go buying...
2024-07-18 18:33:32,812 - 2024-07-18 14:33:31.185469-04:00 Predit on buy: spxl, 0.9, 0.8227593855660311, 0, 151.49510192871094
2024-07-18 18:33:34,226 - 2024-07-18 14:33:31.185469-04:00 Predit on buy: tqqq, 0.9, 0.966171185331825, 1, 72.41999816894531
2024-07-18 18:33:35,706 - 2024-07-18 14:33:31.185469-04:00 Predit on buy: tecl, 0.9, 0.9411319073083778, 1, 91.7699966430664
2024-07-18 18:33:37,318 - 2024-07-18 14:33:31.185469-04:00 Predit on buy: soxl, 0.9, 0.9143240856154625, 1, 50.125
2024-07-18 18:33:38,832 - 2024-07-18 14:33:31.185469-04:00 Predit on buy: nvdl, 0.9, 0.7409376170245735, 0, 64.47989654541016
2024-07-18 18:33:40,518 - 2024-07-18 14:33:31.185469-04:00 Predit on buy: fngu, 0.9, 0.9229116412043241, 1, 443.7200012207031
2024-07-18 18:33:40,518 - Stock to buy: [('tqqq', 72.41999816894531, 0.966171185331825), ('tecl', 91.7699966430664, 0.9411319073083778), ('fngu', 443.7200012207031, 0.9229116412043241), ('soxl', 50.125, 0.9143240856154625)]
2024-07-18 18:33:41,654 - Email error: (535, b'5.7.8 Username and Password not accepted. For more information, go to\n5.7.8  https://support.google.com/mail/?p=BadCredentials af79cd13be357-7a19396dd03sm52835385a.115 - gsmtp')
2024-07-18 18:33:41,655 - tqqq is bought at 72.41999816894531 with 41.0 on 2024-07-18 14:33:31.185469-04:00
2024-07-18 18:33:42,654 - Email error: (535, b'5.7.8 Username and Password not accepted. For more information, go to\n5.7.8  https://support.google.com/mail/?p=BadCredentials d75a77b69052e-44f96a9e7c4sm5145381cf.64 - gsmtp')
2024-07-18 18:33:42,654 - tecl is bought at 91.7699966430664 with 33.0 on 2024-07-18 14:33:31.185469-04:00
2024-07-18 18:33:43,762 - Email error: (535, b'5.7.8 Username and Password not accepted. For more information, go to\n5.7.8  https://support.google.com/mail/?p=BadCredentials af79cd13be357-7a19394f421sm53107285a.90 - gsmtp')
2024-07-18 18:33:43,762 - fngu is bought at 443.7200012207031 with 6.0 on 2024-07-18 14:33:31.185469-04:00
2024-07-18 19:33:43,788 - 2024-07-18 15:33:43.788381-04:00 - 15:33:43
2024-07-18 20:33:43,889 - 2024-07-18 16:33:43.889205-04:00 - 16:33:43
2024-07-18 21:33:43,989 - 2024-07-18 17:33:43.989758-04:00 - 17:33:43
2024-07-18 22:33:44,090 - 2024-07-18 18:33:44.090307-04:00 - 18:33:44
2024-07-18 23:33:44,113 - 2024-07-18 19:33:44.113487-04:00 - 19:33:44
2024-07-19 00:33:44,214 - 2024-07-18 20:33:44.213897-04:00 - 20:33:44
2024-07-19 01:33:44,314 - 2024-07-18 21:33:44.314366-04:00 - 21:33:44
2024-07-19 02:33:44,414 - 2024-07-18 22:33:44.414874-04:00 - 22:33:44
2024-07-19 02:33:44,415 - Go logging...
2024-07-19 02:33:45,522 - Email error: (535, b'5.7.8 Username and Password not accepted. For more information, go to\n5.7.8  https://support.google.com/mail/?p=BadCredentials af79cd13be357-7a19905a991sm22487285a.86 - gsmtp')
2024-07-19 02:33:45,522 - ==== 2024-07-18 22:33:44.414874-04:00 ====
2024-07-19 02:33:45,522 - == Holds:
2024-07-19 02:33:45,665 - tqqq, [41.0, 72.41999816894531, 2969.219924926758, 72.41999816894531], |, 2994.640037536621, 25.42011260986328
2024-07-19 02:33:45,718 - tecl, [33.0, 91.7699966430664, 3028.4098892211914, 91.7699966430664], |, 3082.8599395751953, 54.450050354003906
2024-07-19 02:33:45,751 - fngu, [6.0, 443.7200012207031, 2662.3200073242188, 443.7200012207031], |, 2676.3599853515625, 14.03997802734375
2024-07-19 02:33:45,752 - == Cash: 515.6199836730957
2024-07-19 02:33:45,752 - == Total: 9269.479946136475
2024-07-19 03:33:45,852 - 2024-07-18 23:33:45.852365-04:00 - 23:33:45
2024-07-19 04:33:45,933 - 2024-07-19 00:33:45.933420-04:00 - 00:33:45
2024-07-19 05:33:46,033 - 2024-07-19 01:33:46.033474-04:00 - 01:33:46
2024-07-19 06:33:46,134 - 2024-07-19 02:33:46.133955-04:00 - 02:33:46
2024-07-19 07:33:46,225 - 2024-07-19 03:33:46.225563-04:00 - 03:33:46
2024-07-19 08:33:46,276 - 2024-07-19 04:33:46.275914-04:00 - 04:33:46
2024-07-19 09:33:46,376 - 2024-07-19 05:33:46.376319-04:00 - 05:33:46
2024-07-19 10:33:46,457 - 2024-07-19 06:33:46.457475-04:00 - 06:33:46
2024-07-19 11:33:46,557 - 2024-07-19 07:33:46.557866-04:00 - 07:33:46
