2024-07-16 12:32:33,785 - 2024-07-16 08:32:33.785463-04:00 - 08:32:33
2024-07-16 13:32:33,886 - 2024-07-16 09:32:33.885888-04:00 - 09:32:33
2024-07-16 14:32:33,929 - 2024-07-16 10:32:33.929405-04:00 - 10:32:33
2024-07-16 14:32:33,929 - Go selling...
2024-07-16 14:32:35,519 - 2024-07-16 10:32:33.929405-04:00 Predit on buy: spxl, 0.9, 0.0, 0, 160.52000427246094
2024-07-16 14:32:37,010 - 2024-07-16 10:32:33.929405-04:00 Predit on buy: tqqq, 0.9, 0.0, 0, 80.61000061035156
2024-07-16 14:32:38,589 - 2024-07-16 10:32:33.929405-04:00 Predit on buy: tecl, 0.9, 0.065, 0, 104.48999786376953
2024-07-16 14:32:40,205 - 2024-07-16 10:32:33.929405-04:00 Predit on buy: soxl, 0.9, 0.02, 0, 63.48529815673828
2024-07-16 14:32:41,691 - 2024-07-16 10:32:33.929405-04:00 Predit on buy: nvdl, 0.9, 0.7953782237401431, 0, 71.46929931640625
2024-07-16 14:32:43,124 - 2024-07-16 10:32:33.929405-04:00 Predit on buy: fngu, 0.9, 0.8661112033746304, 0, 497.44830322265625
2024-07-16 14:32:43,134 - Stock to buy: []
2024-07-16 14:32:43,208 - 2024-07-16 10:32:33.929405-04:00 To sell for stop-loss: fngu, at price 497.44830322265625, max is 521.9057006835938
2024-07-16 14:32:44,217 - Email error: (535, b'5.7.8 Username and Password not accepted. For more information, go to\n5.7.8  https://support.google.com/mail/?p=BadCredentials 6a1803df08f44-6b761a58a39sm31246286d6.128 - gsmtp')
2024-07-16 15:32:44,326 - 2024-07-16 11:32:44.324789-04:00 - 11:32:44
2024-07-16 16:32:44,345 - 2024-07-16 12:32:44.345472-04:00 - 12:32:44
2024-07-16 17:32:44,446 - 2024-07-16 13:32:44.445900-04:00 - 13:32:44
2024-07-16 18:32:44,505 - 2024-07-16 14:32:44.505517-04:00 - 14:32:44
2024-07-16 18:32:44,505 - Go buying...
2024-07-16 18:32:46,020 - 2024-07-16 14:32:44.505517-04:00 Predit on buy: spxl, 0.9, 0.0, 0, 161.0
2024-07-16 18:32:47,526 - 2024-07-16 14:32:44.505517-04:00 Predit on buy: tqqq, 0.9, 0.02, 0, 80.54499816894531
2024-07-16 18:32:49,197 - 2024-07-16 14:32:44.505517-04:00 Predit on buy: tecl, 0.9, 0.09647625374943444, 0, 104.53829956054688
2024-07-16 18:32:50,791 - 2024-07-16 14:32:44.505517-04:00 Predit on buy: soxl, 0.9, 0.0, 0, 63.999900817871094
2024-07-16 18:32:52,509 - 2024-07-16 14:32:44.505517-04:00 Predit on buy: nvdl, 0.9, 0.9710801393728223, 1, 71.0
2024-07-16 18:32:54,033 - 2024-07-16 14:32:44.505517-04:00 Predit on buy: fngu, 0.9, 0.8813343175107882, 0, 496.57000732421875
2024-07-16 18:32:54,034 - Stock to buy: [('nvdl', 71.0, 0.9710801393728223)]
2024-07-16 18:32:55,259 - Email error: (535, b'5.7.8 Username and Password not accepted. For more information, go to\n5.7.8  https://support.google.com/mail/?p=BadCredentials d75a77b69052e-44f5b7f6b77sm37942971cf.48 - gsmtp')
2024-07-16 18:32:55,259 - nvdl is bought at 71.0 with 142.0 on 2024-07-16 14:32:44.505517-04:00
2024-07-16 19:32:55,362 - 2024-07-16 15:32:55.362846-04:00 - 15:32:55
2024-07-16 20:32:55,425 - 2024-07-16 16:32:55.425476-04:00 - 16:32:55
2024-07-16 21:32:55,526 - 2024-07-16 17:32:55.525962-04:00 - 17:32:55
2024-07-16 22:32:55,537 - 2024-07-16 18:32:55.537497-04:00 - 18:32:55
2024-07-16 23:32:55,638 - 2024-07-16 19:32:55.637978-04:00 - 19:32:55
2024-07-17 00:32:55,738 - 2024-07-16 20:32:55.738416-04:00 - 20:32:55
2024-07-17 01:32:55,839 - 2024-07-16 21:32:55.838861-04:00 - 21:32:55
2024-07-17 02:32:55,897 - 2024-07-16 22:32:55.897434-04:00 - 22:32:55
2024-07-17 02:32:55,897 - Go logging...
2024-07-17 02:32:57,101 - Email error: (535, b'5.7.8 Username and Password not accepted. For more information, go to\n5.7.8  https://support.google.com/mail/?p=BadCredentials 6a1803df08f44-6b761978d24sm37202176d6.36 - gsmtp')
2024-07-17 02:32:57,101 - ==== 2024-07-16 22:32:55.897434-04:00 ====
2024-07-17 02:32:57,101 - == Holds:
2024-07-17 02:32:57,260 - nvdl, [142.0, 71.0, 10082.0, 71.0], |, 10185.66047668457, 103.66047668457031
2024-07-17 02:32:57,260 - == Cash: 138.81772994995117
2024-07-17 02:32:57,260 - == Total: 10324.478206634521
2024-07-17 03:32:57,325 - 2024-07-16 23:32:57.325488-04:00 - 23:32:57
2024-07-17 04:32:57,426 - 2024-07-17 00:32:57.425981-04:00 - 00:32:57
2024-07-17 05:32:57,481 - 2024-07-17 01:32:57.481488-04:00 - 01:32:57
2024-07-17 06:32:57,569 - 2024-07-17 02:32:57.569479-04:00 - 02:32:57
2024-07-17 07:32:57,630 - 2024-07-17 03:32:57.625479-04:00 - 03:32:57
2024-07-17 08:32:57,730 - 2024-07-17 04:32:57.730801-04:00 - 04:32:57
2024-07-17 09:32:57,831 - 2024-07-17 05:32:57.831244-04:00 - 05:32:57
2024-07-17 10:32:57,930 - 2024-07-17 06:32:57.930030-04:00 - 06:32:57
2024-07-17 11:32:58,009 - 2024-07-17 07:32:58.009485-04:00 - 07:32:58
