2024-06-27 12:29:03,077 - 2024-06-27 08:29:03.077482-04:00 - 08:29:03
2024-06-27 13:29:03,097 - 2024-06-27 09:29:03.097476-04:00 - 09:29:03
2024-06-27 14:29:03,198 - 2024-06-27 10:29:03.197952-04:00 - 10:29:03
2024-06-27 14:29:03,198 - Go selling...
2024-06-27 14:29:04,821 - 2024-06-27 10:29:03.197952-04:00 Predit on buy: spxl, 0.9, 0.0, 0, 148.19000244140625
2024-06-27 14:29:06,222 - 2024-06-27 10:29:03.197952-04:00 Predit on buy: tqqq, 0.9, 0.0, 0, 75.39990234375
2024-06-27 14:29:07,629 - 2024-06-27 10:29:03.197952-04:00 Predit on buy: tecl, 0.9, 0.0, 0, 98.6050033569336
2024-06-27 14:29:09,192 - 2024-06-27 10:29:03.197952-04:00 Predit on buy: soxl, 0.9, 0.21966086968656268, 0, 54.81999969482422
2024-06-27 14:29:10,590 - 2024-06-27 10:29:03.197952-04:00 Predit on buy: nvdl, 0.9, 0.7299852360721926, 0, 70.93000030517578
2024-06-27 14:29:11,934 - 2024-06-27 10:29:03.197952-04:00 Predit on buy: fngu, 0.9, 0.0, 0, 457.2950134277344
2024-06-27 14:29:11,934 - Stock to buy: []
2024-06-27 14:29:13,417 - 2024-06-27 10:29:03.197952-04:00 To sell for predict: nvdl, 0.9, [0. 0.], 0, 70.83499908447266
2024-06-27 14:29:14,913 - 2024-06-27 10:29:03.197952-04:00 To sell for predict: soxl, 0.9, [0. 0.], 0, 54.79999923706055
2024-06-27 14:29:16,402 - 2024-06-27 10:29:03.197952-04:00 To sell for predict: tecl, 0.9, [0.    0.075], 0, 98.58000183105469
2024-06-27 15:29:16,502 - 2024-06-27 11:29:16.502570-04:00 - 11:29:16
2024-06-27 16:29:16,569 - 2024-06-27 12:29:16.569511-04:00 - 12:29:16
2024-06-27 17:29:16,629 - 2024-06-27 13:29:16.629099-04:00 - 13:29:16
2024-06-27 18:29:16,729 - 2024-06-27 14:29:16.729562-04:00 - 14:29:16
2024-06-27 18:29:16,729 - Go buying...
2024-06-27 19:29:16,814 - 2024-06-27 15:29:16.814289-04:00 - 15:29:16
2024-06-27 20:29:16,889 - 2024-06-27 16:29:16.889476-04:00 - 16:29:16
2024-06-27 21:29:16,990 - 2024-06-27 17:29:16.989925-04:00 - 17:29:16
2024-06-27 22:29:17,090 - 2024-06-27 18:29:17.090380-04:00 - 18:29:17
2024-06-27 23:29:17,191 - 2024-06-27 19:29:17.190899-04:00 - 19:29:17
2024-06-28 00:29:17,233 - 2024-06-27 20:29:17.233447-04:00 - 20:29:17
2024-06-28 01:29:17,334 - 2024-06-27 21:29:17.333881-04:00 - 21:29:17
2024-06-28 02:29:17,434 - 2024-06-27 22:29:17.434329-04:00 - 22:29:17
2024-06-28 02:29:17,434 - Go logging...
2024-06-28 02:29:18,943 - Email error: (535, b'5.7.8 Username and Password not accepted. For more information, go to\n5.7.8  https://support.google.com/mail/?p=BadCredentials d75a77b69052e-4465140bf35sm3626331cf.37 - gsmtp')
2024-06-28 02:29:18,943 - ==== 2024-06-27 22:29:17.434329-04:00 ====
2024-06-28 02:29:18,943 - == Holds:
2024-06-28 02:29:19,094 - nvdl, [50.0, 64.7699966430664, 3238.4998321533203, 71.12000274658203], |, 3506.999969482422, 268.50013732910156
2024-06-28 02:29:19,152 - soxl, [61.0, 53.90010070800781, 3287.9061431884766, 55.560001373291016], |, 3281.7999534606934, -6.106189727783203
2024-06-28 02:29:19,203 - tecl, [36.0, 93.66999816894531, 3372.1199340820312, 98.58000183105469], |, 3515.0399780273438, 142.9200439453125
2024-06-28 02:29:19,203 - == Cash: 101.47409057617188
2024-06-28 02:29:19,203 - == Total: 10405.31399154663
2024-06-28 03:29:19,303 - 2024-06-27 23:29:19.303533-04:00 - 23:29:19
2024-06-28 04:29:19,404 - 2024-06-28 00:29:19.403943-04:00 - 00:29:19
2024-06-28 05:29:19,417 - 2024-06-28 01:29:19.417501-04:00 - 01:29:19
2024-06-28 06:29:19,497 - 2024-06-28 02:29:19.497513-04:00 - 02:29:19
2024-06-28 07:29:19,509 - 2024-06-28 03:29:19.509479-04:00 - 03:29:19
2024-06-28 08:29:19,610 - 2024-06-28 04:29:19.609958-04:00 - 04:29:19
2024-06-28 09:29:19,710 - 2024-06-28 05:29:19.710419-04:00 - 05:29:19
2024-06-28 10:29:19,769 - 2024-06-28 06:29:19.769492-04:00 - 06:29:19
2024-06-28 11:29:19,865 - 2024-06-28 07:29:19.865481-04:00 - 07:29:19
