2024-08-06 12:38:26,753 - 2024-08-06 08:38:26.753476-04:00 - 08:38:26
2024-08-06 13:38:26,854 - 2024-08-06 09:38:26.853922-04:00 - 09:38:26
2024-08-06 14:38:26,954 - 2024-08-06 10:38:26.954379-04:00 - 10:38:26
2024-08-06 14:38:26,954 - Go selling...
2024-08-06 14:38:28,535 - 2024-08-06 10:38:26.954379-04:00 Predit on buy: spxl, 0.9, 0.6098777348777349, 0, 127.55000305175781
2024-08-06 14:38:29,993 - 2024-08-06 10:38:26.954379-04:00 Predit on buy: tqqq, 0.9, 0.6327323288777781, 0, 55.45370101928711
2024-08-06 14:38:31,328 - 2024-08-06 10:38:26.954379-04:00 Predit on buy: tecl, 0.9, 0.73145416603365, 0, 65.70999908447266
2024-08-06 14:38:32,818 - 2024-08-06 10:38:26.954379-04:00 Predit on buy: soxl, 0.9, 0.4848781353633477, 0, 29.020000457763672
2024-08-06 14:38:34,232 - 2024-08-06 10:38:26.954379-04:00 Predit on buy: nvdl, 0.9, 0.4455694755000291, 0, 46.617401123046875
2024-08-06 14:38:35,788 - 2024-08-06 10:38:26.954379-04:00 Predit on buy: fngu, 0.9, 0.6559301550143519, 0, 312.260009765625
2024-08-06 14:38:35,788 - Stock to buy: []
2024-08-06 14:38:37,392 - 2024-08-06 10:38:26.954379-04:00 To sell for predict: tqqq, 0.9, [0.   0.08], 0, 55.47999954223633
2024-08-06 14:38:38,896 - 2024-08-06 10:38:26.954379-04:00 To sell for predict: spxl, 0.9, [0.    0.075], 0, 127.58000183105469
2024-08-06 14:38:40,394 - 2024-08-06 10:38:26.954379-04:00 To sell for predict: soxl, 0.9, [0.        0.3439125], 0, 29.069900512695312
2024-08-06 15:38:40,457 - 2024-08-06 11:38:40.457480-04:00 - 11:38:40
2024-08-06 16:38:40,558 - 2024-08-06 12:38:40.557941-04:00 - 12:38:40
2024-08-06 17:38:40,652 - 2024-08-06 13:38:40.652392-04:00 - 13:38:40
2024-08-06 18:38:40,729 - 2024-08-06 14:38:40.729485-04:00 - 14:38:40
2024-08-06 18:38:40,729 - Go buying...
2024-08-06 19:38:40,830 - 2024-08-06 15:38:40.829979-04:00 - 15:38:40
2024-08-06 20:38:40,919 - 2024-08-06 16:38:40.919531-04:00 - 16:38:40
2024-08-06 21:38:41,020 - 2024-08-06 17:38:41.019980-04:00 - 17:38:41
2024-08-06 22:38:41,120 - 2024-08-06 18:38:41.120426-04:00 - 18:38:41
2024-08-06 23:38:41,221 - 2024-08-06 19:38:41.220902-04:00 - 19:38:41
2024-08-07 00:38:41,261 - 2024-08-06 20:38:41.261484-04:00 - 20:38:41
2024-08-07 01:38:41,362 - 2024-08-06 21:38:41.361954-04:00 - 21:38:41
2024-08-07 02:38:41,377 - 2024-08-06 22:38:41.377474-04:00 - 22:38:41
2024-08-07 02:38:41,377 - Go logging...
2024-08-07 02:38:42,490 - Email error: (535, b'5.7.8 Username and Password not accepted. For more information, go to\n5.7.8  https://support.google.com/mail/?p=BadCredentials 6a1803df08f44-6bb9c76f8adsm52562486d6.3 - gsmtp')
2024-08-07 02:38:42,490 - ==== 2024-08-06 22:38:41.377474-04:00 ====
2024-08-07 02:38:42,491 - == Holds:
2024-08-07 02:38:42,663 - soxl, [75.0, 27.89349937438965, 2092.0124530792236, 29.069900512695312], |, 2143.499994277954, 51.48754119873047
2024-08-07 02:38:42,756 - spxl, [17.0, 123.3916015625, 2097.6572265625, 127.58000183105469], |, 2141.149948120117, 43.49272155761719
2024-08-07 02:38:42,803 - tqqq, [40.0, 53.70000076293945, 2148.000030517578, 55.47999954223633], |, 2198.3999633789062, 50.399932861328125
2024-08-07 02:38:42,803 - == Cash: 100.86229515075684
2024-08-07 02:38:42,803 - == Total: 6583.912200927734
2024-08-07 03:38:42,903 - 2024-08-06 23:38:42.903843-04:00 - 23:38:42
2024-08-07 04:38:42,919 - 2024-08-07 00:38:42.919521-04:00 - 00:38:42
2024-08-07 05:38:43,020 - 2024-08-07 01:38:43.019955-04:00 - 01:38:43
2024-08-07 06:38:43,120 - 2024-08-07 02:38:43.120396-04:00 - 02:38:43
2024-08-07 07:38:43,220 - 2024-08-07 03:38:43.220815-04:00 - 03:38:43
2024-08-07 08:38:43,321 - 2024-08-07 04:38:43.321266-04:00 - 04:38:43
2024-08-07 09:38:43,373 - 2024-08-07 05:38:43.373885-04:00 - 05:38:43
2024-08-07 10:38:43,473 - 2024-08-07 06:38:43.473464-04:00 - 06:38:43
2024-08-07 11:38:43,574 - 2024-08-07 07:38:43.574056-04:00 - 07:38:43
