2024-06-28 12:29:19,970 - 2024-06-28 08:29:19.969915-04:00 - 08:29:19
2024-06-28 13:29:20,037 - 2024-06-28 09:29:20.037473-04:00 - 09:29:20
2024-06-28 14:29:20,073 - 2024-06-28 10:29:20.073437-04:00 - 10:29:20
2024-06-28 14:29:20,073 - Go selling...
2024-06-28 14:29:21,823 - 2024-06-28 10:29:20.073437-04:00 Predit on buy: spxl, 0.9, 0.0, 0, 150.55999755859375
2024-06-28 14:29:23,212 - 2024-06-28 10:29:20.073437-04:00 Predit on buy: tqqq, 0.9, 0.0, 0, 77.04010009765625
2024-06-28 14:29:24,593 - 2024-06-28 10:29:20.073437-04:00 Predit on buy: tecl, 0.9, 0.0, 0, 102.22000122070312
2024-06-28 14:29:26,510 - 2024-06-28 10:29:20.073437-04:00 Predit on buy: soxl, 0.9, 0.0, 0, 58.11000061035156
2024-06-28 14:29:27,903 - 2024-06-28 10:29:20.073437-04:00 Predit on buy: nvdl, 0.9, 0.0, 0, 73.69999694824219
2024-06-28 14:29:29,221 - 2024-06-28 10:29:20.073437-04:00 Predit on buy: fngu, 0.9, 0.0, 0, 468.0
2024-06-28 14:29:29,222 - Stock to buy: []
2024-06-28 14:29:30,791 - 2024-06-28 10:29:20.073437-04:00 To sell for predict: nvdl, 0.9, [0.         0.41139115], 0, 73.6240005493164
2024-06-28 14:29:32,213 - 2024-06-28 10:29:20.073437-04:00 To sell for predict: soxl, 0.9, [0.         0.62255533], 0, 58.06999969482422
2024-06-28 14:29:33,631 - 2024-06-28 10:29:20.073437-04:00 To sell for predict: tecl, 0.9, [0.03492951 0.74749904], 0, 101.95600128173828
2024-06-28 15:29:33,732 - 2024-06-28 11:29:33.731997-04:00 - 11:29:33
2024-06-28 16:29:33,817 - 2024-06-28 12:29:33.817804-04:00 - 12:29:33
2024-06-28 17:29:33,881 - 2024-06-28 13:29:33.881497-04:00 - 13:29:33
2024-06-28 18:29:33,929 - 2024-06-28 14:29:33.929409-04:00 - 14:29:33
2024-06-28 18:29:33,929 - Go buying...
2024-06-28 19:29:34,009 - 2024-06-28 15:29:34.009491-04:00 - 15:29:34
2024-06-28 20:29:34,041 - 2024-06-28 16:29:34.041476-04:00 - 16:29:34
2024-06-28 21:29:34,105 - 2024-06-28 17:29:34.105520-04:00 - 17:29:34
2024-06-28 22:29:34,206 - 2024-06-28 18:29:34.206018-04:00 - 18:29:34
2024-06-28 23:29:34,306 - 2024-06-28 19:29:34.306444-04:00 - 19:29:34
2024-06-29 00:29:34,407 - 2024-06-28 20:29:34.406939-04:00 - 20:29:34
2024-06-29 01:29:34,501 - 2024-06-28 21:29:34.501478-04:00 - 21:29:34
2024-06-29 02:29:34,513 - 2024-06-28 22:29:34.513482-04:00 - 22:29:34
2024-06-29 02:29:34,513 - Go logging...
2024-06-29 02:29:36,043 - Email error: (535, b'5.7.8 Username and Password not accepted. For more information, go to\n5.7.8  https://support.google.com/mail/?p=BadCredentials 6a1803df08f44-6b59e6131bcsm13004146d6.115 - gsmtp')
2024-06-29 02:29:36,044 - ==== 2024-06-28 22:29:34.513482-04:00 ====
2024-06-29 02:29:36,044 - == Holds:
2024-06-29 02:29:36,207 - nvdl, [50.0, 64.7699966430664, 3238.4998321533203, 73.6240005493164], |, 3477.5001525878906, 239.0003204345703
2024-06-29 02:29:36,250 - soxl, [61.0, 53.90010070800781, 3287.9061431884766, 58.06999969482422], |, 3376.9600372314453, 89.05389404296875
2024-06-29 02:29:36,292 - tecl, [36.0, 93.66999816894531, 3372.1199340820312, 101.95600128173828], |, 3505.679901123047, 133.55996704101562
2024-06-29 02:29:36,293 - == Cash: 101.47409057617188
2024-06-29 02:29:36,293 - == Total: 10461.614181518555
2024-06-29 03:29:36,393 - 2024-06-28 23:29:36.393838-04:00 - 23:29:36
2024-06-29 04:29:36,494 - 2024-06-29 00:29:36.494298-04:00 - 00:29:36
2024-06-29 05:29:36,594 - 2024-06-29 01:29:36.594790-04:00 - 01:29:36
2024-06-29 06:29:36,601 - 2024-06-29 02:29:36.601473-04:00 - 02:29:36
2024-06-29 07:29:36,609 - 2024-06-29 03:29:36.609495-04:00 - 03:29:36
2024-06-29 08:29:36,710 - 2024-06-29 04:29:36.710665-04:00 - 04:29:36
2024-06-29 09:29:36,811 - 2024-06-29 05:29:36.811097-04:00 - 05:29:36
2024-06-29 10:29:36,833 - 2024-06-29 06:29:36.833475-04:00 - 06:29:36
2024-06-29 11:29:36,934 - 2024-06-29 07:29:36.933890-04:00 - 07:29:36
