2024-08-01 12:37:05,762 - 2024-08-01 08:37:05.762592-04:00 - 08:37:05
2024-08-01 13:37:05,830 - 2024-08-01 09:37:05.830874-04:00 - 09:37:05
2024-08-01 14:37:05,853 - 2024-08-01 10:37:05.853495-04:00 - 10:37:05
2024-08-01 14:37:05,857 - Go selling...
2024-08-01 14:37:07,390 - 2024-08-01 10:37:05.853495-04:00 Predit on buy: spxl, 0.9, 0.0, 0, 147.25999450683594
2024-08-01 14:37:08,810 - 2024-08-01 10:37:05.853495-04:00 Predit on buy: tqqq, 0.9, 0.014992657283140993, 0, 67.36000061035156
2024-08-01 14:37:10,217 - 2024-08-01 10:37:05.853495-04:00 Predit on buy: tecl, 0.9, 0.0, 0, 82.5999984741211
2024-08-01 14:37:11,628 - 2024-08-01 10:37:05.853495-04:00 Predit on buy: soxl, 0.9, 0.8538511488511489, 0, 40.0099983215332
2024-08-01 14:37:13,101 - 2024-08-01 10:37:05.853495-04:00 Predit on buy: nvdl, 0.9, 0.0, 0, 57.440799713134766
2024-08-01 14:37:14,587 - 2024-08-01 10:37:05.853495-04:00 Predit on buy: fngu, 0.9, 0.0, 0, 409.6300048828125
2024-08-01 14:37:14,588 - Stock to buy: []
2024-08-01 14:37:16,209 - 2024-08-01 10:37:05.853495-04:00 To sell for predict: nvdl, 0.9, [0.86804984 0.04      ], 0, 57.4900016784668
2024-08-01 14:37:17,635 - 2024-08-01 10:37:05.853495-04:00 To sell for predict: fngu, 0.9, [0.92757576 0.12615385], 0, 409.6300048828125
2024-08-01 15:37:17,649 - 2024-08-01 11:37:17.649488-04:00 - 11:37:17
2024-08-01 16:37:17,689 - 2024-08-01 12:37:17.689472-04:00 - 12:37:17
2024-08-01 17:37:17,725 - 2024-08-01 13:37:17.725507-04:00 - 13:37:17
2024-08-01 18:37:17,826 - 2024-08-01 14:37:17.825894-04:00 - 14:37:17
2024-08-01 18:37:17,826 - Go buying...
2024-08-01 18:37:19,501 - 2024-08-01 14:37:17.825894-04:00 Predit on buy: spxl, 0.9, 0.7896189357058923, 0, 140.21499633789062
2024-08-01 18:37:21,115 - 2024-08-01 14:37:17.825894-04:00 Predit on buy: tqqq, 0.9, 0.9315843410534945, 1, 62.08000183105469
2024-08-01 18:37:22,508 - 2024-08-01 14:37:17.825894-04:00 Predit on buy: tecl, 0.9, 1.0, 1, 73.16000366210938
2024-08-01 18:37:23,933 - 2024-08-01 14:37:17.825894-04:00 Predit on buy: soxl, 0.9, 0.9353479853479854, 1, 34.13999938964844
2024-08-01 18:37:25,517 - 2024-08-01 14:37:17.825894-04:00 Predit on buy: nvdl, 0.9, 0.9004969866734573, 1, 49.5099983215332
2024-08-01 18:37:27,098 - 2024-08-01 14:37:17.825894-04:00 Predit on buy: fngu, 0.9, 0.9024225774225775, 1, 367.489990234375
2024-08-01 18:37:27,098 - Stock to buy: [('tecl', 73.16000366210938, 1.0), ('soxl', 34.13999938964844, 0.9353479853479854), ('tqqq', 62.08000183105469, 0.9315843410534945), ('fngu', 367.489990234375, 0.9024225774225775), ('nvdl', 49.5099983215332, 0.9004969866734573)]
2024-08-01 19:37:27,109 - 2024-08-01 15:37:27.109491-04:00 - 15:37:27
2024-08-01 20:37:27,129 - 2024-08-01 16:37:27.129479-04:00 - 16:37:27
2024-08-01 21:37:27,230 - 2024-08-01 17:37:27.229903-04:00 - 17:37:27
2024-08-01 22:37:27,326 - 2024-08-01 18:37:27.326234-04:00 - 18:37:27
2024-08-01 23:37:27,417 - 2024-08-01 19:37:27.417487-04:00 - 19:37:27
2024-08-02 00:37:27,518 - 2024-08-01 20:37:27.517918-04:00 - 20:37:27
2024-08-02 01:37:27,609 - 2024-08-01 21:37:27.609618-04:00 - 21:37:27
2024-08-02 02:37:27,641 - 2024-08-01 22:37:27.641481-04:00 - 22:37:27
2024-08-02 02:37:27,641 - Go logging...
2024-08-02 02:37:28,782 - Email error: (535, b'5.7.8 Username and Password not accepted. For more information, go to\n5.7.8  https://support.google.com/mail/?p=BadCredentials af79cd13be357-7a34f7968eesm46480285a.135 - gsmtp')
2024-08-02 02:37:28,783 - ==== 2024-08-01 22:37:27.641481-04:00 ====
2024-08-02 02:37:28,783 - == Holds:
2024-08-02 02:37:28,962 - fngu, [7.0, 391.25, 2738.75, 409.6300048828125], |, 2633.4000854492188, -105.34991455078125
2024-08-02 02:37:29,034 - nvdl, [101.0, 55.16999816894531, 5572.169815063477, 57.4900016784668], |, 5196.450077056885, -375.7197380065918
2024-08-02 02:37:29,034 - == Cash: 131.6599235534668
2024-08-02 02:37:29,034 - == Total: 7961.51008605957
2024-08-02 03:37:29,049 - 2024-08-01 23:37:29.049569-04:00 - 23:37:29
2024-08-02 04:37:29,150 - 2024-08-02 00:37:29.150001-04:00 - 00:37:29
2024-08-02 05:37:29,250 - 2024-08-02 01:37:29.250730-04:00 - 01:37:29
2024-08-02 06:37:29,297 - 2024-08-02 02:37:29.297464-04:00 - 02:37:29
2024-08-02 07:37:29,353 - 2024-08-02 03:37:29.353476-04:00 - 03:37:29
2024-08-02 08:37:29,401 - 2024-08-02 04:37:29.401503-04:00 - 04:37:29
2024-08-02 09:37:29,502 - 2024-08-02 05:37:29.501969-04:00 - 05:37:29
2024-08-02 10:37:29,602 - 2024-08-02 06:37:29.602510-04:00 - 06:37:29
2024-08-02 11:37:29,681 - 2024-08-02 07:37:29.681489-04:00 - 07:37:29
