2024-08-02 12:37:29,689 - 2024-08-02 08:37:29.689501-04:00 - 08:37:29
2024-08-02 13:37:29,753 - 2024-08-02 09:37:29.753481-04:00 - 09:37:29
2024-08-02 14:37:29,854 - 2024-08-02 10:37:29.854064-04:00 - 10:37:29
2024-08-02 14:37:29,854 - Go selling...
2024-08-02 14:37:32,087 - 2024-08-02 10:37:29.854064-04:00 Predit on buy: spxl, 0.9, 0.9603174603174602, 1, 131.96949768066406
2024-08-02 14:37:33,735 - 2024-08-02 10:37:29.854064-04:00 Predit on buy: tqqq, 0.9, 0.903274764451235, 1, 57.584999084472656
2024-08-02 14:37:35,305 - 2024-08-02 10:37:29.854064-04:00 Predit on buy: tecl, 0.9, 0.9097823791620187, 1, 66.47000122070312
2024-08-02 14:37:36,892 - 2024-08-02 10:37:29.854064-04:00 Predit on buy: soxl, 0.9, 0.9375457875457875, 1, 29.059900283813477
2024-08-02 14:37:38,426 - 2024-08-02 10:37:29.854064-04:00 Predit on buy: nvdl, 0.9, 0.8984716686973252, 0, 45.27000045776367
2024-08-02 14:37:39,932 - 2024-08-02 10:37:29.854064-04:00 Predit on buy: fngu, 0.9, 0.9375603474872747, 1, 332.2699890136719
2024-08-02 14:37:39,932 - Stock to buy: [('spxl', 131.96949768066406, 0.9603174603174602), ('fngu', 332.2699890136719, 0.9375603474872747), ('soxl', 29.059900283813477, 0.9375457875457875), ('tecl', 66.47000122070312, 0.9097823791620187), ('tqqq', 57.584999084472656, 0.903274764451235)]
2024-08-02 14:37:40,015 - 2024-08-02 10:37:29.854064-04:00 To sell for stop-loss: nvdl, at price 45.25, max is 57.4900016784668
2024-08-02 14:37:41,136 - Email error: (535, b'5.7.8 Username and Password not accepted. For more information, go to\n5.7.8  https://support.google.com/mail/?p=BadCredentials af79cd13be357-7a34f6e5d71sm91178985a.28 - gsmtp')
2024-08-02 15:37:41,229 - 2024-08-02 11:37:41.229478-04:00 - 11:37:41
2024-08-02 16:37:41,330 - 2024-08-02 12:37:41.329917-04:00 - 12:37:41
2024-08-02 17:37:41,405 - 2024-08-02 13:37:41.405493-04:00 - 13:37:41
2024-08-02 18:37:41,506 - 2024-08-02 14:37:41.506047-04:00 - 14:37:41
2024-08-02 18:37:41,506 - Go buying...
2024-08-02 18:37:43,136 - 2024-08-02 14:37:41.506047-04:00 Predit on buy: spxl, 0.9, 0.897340643574503, 0, 133.13999938964844
2024-08-02 18:37:44,686 - 2024-08-02 14:37:41.506047-04:00 Predit on buy: tqqq, 0.9, 0.8135607155511714, 0, 58.4901008605957
2024-08-02 18:37:46,126 - 2024-08-02 14:37:41.506047-04:00 Predit on buy: tecl, 0.9, 0.8404669783186407, 0, 68.12809753417969
2024-08-02 18:37:47,723 - 2024-08-02 14:37:41.506047-04:00 Predit on buy: soxl, 0.9, 0.9375457875457875, 1, 29.049999237060547
2024-08-02 18:37:49,390 - 2024-08-02 14:37:41.506047-04:00 Predit on buy: nvdl, 0.9, 0.9316214177978883, 1, 47.95000076293945
2024-08-02 18:37:50,839 - 2024-08-02 14:37:41.506047-04:00 Predit on buy: fngu, 0.9, 0.9530129124820661, 1, 343.6549987792969
2024-08-02 18:37:50,839 - Stock to buy: [('fngu', 343.6549987792969, 0.9530129124820661), ('soxl', 29.049999237060547, 0.9375457875457875), ('nvdl', 47.95000076293945, 0.9316214177978883)]
2024-08-02 18:37:51,887 - Email error: (535, b'5.7.8 Username and Password not accepted. For more information, go to\n5.7.8  https://support.google.com/mail/?p=BadCredentials 6a1803df08f44-6bb9c78ad54sm9451656d6.31 - gsmtp')
2024-08-02 18:37:51,888 - fngu is bought at 343.6549987792969 with 6.0 on 2024-08-02 14:37:41.506047-04:00
2024-08-02 18:37:52,857 - Email error: (535, b'5.7.8 Username and Password not accepted. For more information, go to\n5.7.8  https://support.google.com/mail/?p=BadCredentials 6a1803df08f44-6bb9c87f84dsm9288066d6.137 - gsmtp')
2024-08-02 18:37:52,857 - soxl is bought at 29.049999237060547 with 87.0 on 2024-08-02 14:37:41.506047-04:00
2024-08-02 19:37:52,893 - 2024-08-02 15:37:52.893517-04:00 - 15:37:52
2024-08-02 20:37:52,994 - 2024-08-02 16:37:52.994085-04:00 - 16:37:52
2024-08-02 21:37:53,094 - 2024-08-02 17:37:53.094562-04:00 - 17:37:53
2024-08-02 22:37:53,195 - 2024-08-02 18:37:53.195034-04:00 - 18:37:53
2024-08-02 23:37:53,295 - 2024-08-02 19:37:53.295490-04:00 - 19:37:53
2024-08-03 00:37:53,396 - 2024-08-02 20:37:53.395945-04:00 - 20:37:53
2024-08-03 01:37:53,496 - 2024-08-02 21:37:53.496374-04:00 - 21:37:53
2024-08-03 02:37:53,596 - 2024-08-02 22:37:53.596821-04:00 - 22:37:53
2024-08-03 02:37:53,597 - Go logging...
2024-08-03 02:37:54,687 - Email error: (535, b'5.7.8 Username and Password not accepted. For more information, go to\n5.7.8  https://support.google.com/mail/?p=BadCredentials 6a1803df08f44-6bb9c765e56sm12347546d6.11 - gsmtp')
2024-08-03 02:37:54,687 - ==== 2024-08-02 22:37:53.596821-04:00 ====
2024-08-03 02:37:54,687 - == Holds:
2024-08-03 02:37:54,886 - fngu, [13.0, 369.2830763596755, 4800.679992675781, 409.6300048828125], |, 4459.0, -341.67999267578125
2024-08-03 02:37:54,937 - soxl, [87.0, 29.049999237060547, 2527.3499336242676, 29.049999237060547], |, 2552.5800132751465, 25.230079650878906
2024-08-03 02:37:54,937 - == Cash: 112.62999725341797
2024-08-03 02:37:54,937 - == Total: 7124.210010528564
2024-08-03 03:37:55,037 - 2024-08-02 23:37:55.037479-04:00 - 23:37:55
2024-08-03 04:37:55,138 - 2024-08-03 00:37:55.137900-04:00 - 00:37:55
2024-08-03 05:37:55,161 - 2024-08-03 01:37:55.161482-04:00 - 01:37:55
2024-08-03 06:37:55,225 - 2024-08-03 02:37:55.225492-04:00 - 02:37:55
2024-08-03 07:37:55,326 - 2024-08-03 03:37:55.325931-04:00 - 03:37:55
2024-08-03 08:37:55,426 - 2024-08-03 04:37:55.426361-04:00 - 04:37:55
2024-08-03 09:37:55,449 - 2024-08-03 05:37:55.449502-04:00 - 05:37:55
2024-08-03 10:37:55,481 - 2024-08-03 06:37:55.481494-04:00 - 06:37:55
2024-08-03 11:37:55,522 - 2024-08-03 07:37:55.522480-04:00 - 07:37:55
