2024-06-26 12:28:46,307 - 2024-06-26 08:28:46.307487-04:00 - 08:28:46
2024-06-26 13:28:46,408 - 2024-06-26 09:28:46.407966-04:00 - 09:28:46
2024-06-26 14:28:46,508 - 2024-06-26 10:28:46.508374-04:00 - 10:28:46
2024-06-26 14:28:46,508 - Go selling...
2024-06-26 14:28:48,224 - 2024-06-26 10:28:46.508374-04:00 Predit on buy: spxl, 0.9, 0.0, 0, 145.99000549316406
2024-06-26 14:28:49,590 - 2024-06-26 10:28:46.508374-04:00 Predit on buy: tqqq, 0.9, 0.0, 0, 73.91010284423828
2024-06-26 14:28:50,914 - 2024-06-26 10:28:46.508374-04:00 Predit on buy: tecl, 0.9, 0.02, 0, 98.02899932861328
2024-06-26 14:28:52,701 - 2024-06-26 10:28:46.508374-04:00 Predit on buy: soxl, 0.9, 0.6553332214201779, 0, 54.88999938964844
2024-06-26 14:28:54,102 - 2024-06-26 10:28:46.508374-04:00 Predit on buy: nvdl, 0.9, 0.6003722403722404, 0, 71.16999816894531
2024-06-26 14:28:55,418 - 2024-06-26 10:28:46.508374-04:00 Predit on buy: fngu, 0.9, 0.0, 0, 434.8699951171875
2024-06-26 14:28:55,419 - Stock to buy: []
2024-06-26 14:28:57,015 - 2024-06-26 10:28:46.508374-04:00 To sell for predict: nvdl, 0.9, [0.70960052 0.        ], 0, 71.12000274658203
2024-06-26 14:28:58,427 - 2024-06-26 10:28:46.508374-04:00 To sell for predict: soxl, 0.9, [0.03333333 0.        ], 0, 55.560001373291016
2024-06-26 14:28:59,826 - 2024-06-26 10:28:46.508374-04:00 To sell for predict: tecl, 0.9, [0.07388116 0.03333333], 0, 98.02899932861328
2024-06-26 15:28:59,926 - 2024-06-26 11:28:59.926451-04:00 - 11:28:59
2024-06-26 16:28:59,961 - 2024-06-26 12:28:59.961471-04:00 - 12:28:59
2024-06-26 17:29:00,062 - 2024-06-26 13:29:00.061919-04:00 - 13:29:00
2024-06-26 18:29:00,153 - 2024-06-26 14:29:00.153478-04:00 - 14:29:00
2024-06-26 18:29:00,153 - Go buying...
2024-06-26 19:29:00,165 - 2024-06-26 15:29:00.165485-04:00 - 15:29:00
2024-06-26 20:29:00,197 - 2024-06-26 16:29:00.197477-04:00 - 16:29:00
2024-06-26 21:29:00,298 - 2024-06-26 17:29:00.297938-04:00 - 17:29:00
2024-06-26 22:29:00,398 - 2024-06-26 18:29:00.398385-04:00 - 18:29:00
2024-06-26 23:29:00,498 - 2024-06-26 19:29:00.498863-04:00 - 19:29:00
2024-06-27 00:29:00,570 - 2024-06-26 20:29:00.570346-04:00 - 20:29:00
2024-06-27 01:29:00,670 - 2024-06-26 21:29:00.670761-04:00 - 21:29:00
2024-06-27 02:29:00,701 - 2024-06-26 22:29:00.701460-04:00 - 22:29:00
2024-06-27 02:29:00,701 - Go logging...
2024-06-27 02:29:02,268 - Email error: (535, b'5.7.8 Username and Password not accepted. For more information, go to\n5.7.8  https://support.google.com/mail/?p=BadCredentials d75a77b69052e-44641e86cc8sm1554011cf.33 - gsmtp')
2024-06-27 02:29:02,268 - ==== 2024-06-26 22:29:00.701460-04:00 ====
2024-06-27 02:29:02,268 - == Holds:
2024-06-27 02:29:02,447 - nvdl, [50.0, 64.7699966430664, 3238.4998321533203, 71.12000274658203], |, 3651.4999389648438, 413.00010681152344
2024-06-27 02:29:02,498 - soxl, [61.0, 53.90010070800781, 3287.9061431884766, 55.560001373291016], |, 3341.5799255371094, 53.67378234863281
2024-06-27 02:29:02,553 - tecl, [36.0, 93.66999816894531, 3372.1199340820312, 98.02899932861328], |, 3511.0799560546875, 138.96002197265625
2024-06-27 02:29:02,553 - == Cash: 101.47409057617188
2024-06-27 02:29:02,553 - == Total: 10605.633911132812
2024-06-27 03:29:02,569 - 2024-06-26 23:29:02.569500-04:00 - 23:29:02
2024-06-27 04:29:02,577 - 2024-06-27 00:29:02.577495-04:00 - 00:29:02
2024-06-27 05:29:02,678 - 2024-06-27 01:29:02.677912-04:00 - 01:29:02
2024-06-27 06:29:02,681 - 2024-06-27 02:29:02.681469-04:00 - 02:29:02
2024-06-27 07:29:02,685 - 2024-06-27 03:29:02.685462-04:00 - 03:29:02
2024-06-27 08:29:02,781 - 2024-06-27 04:29:02.781499-04:00 - 04:29:02
2024-06-27 09:29:02,882 - 2024-06-27 05:29:02.881978-04:00 - 05:29:02
2024-06-27 10:29:02,893 - 2024-06-27 06:29:02.893476-04:00 - 06:29:02
2024-06-27 11:29:02,993 - 2024-06-27 07:29:02.993481-04:00 - 07:29:02
