2024-07-05 12:30:41,081 - 2024-07-05 08:30:41.081494-04:00 - 08:30:41
2024-07-05 13:30:41,161 - 2024-07-05 09:30:41.161512-04:00 - 09:30:41
2024-07-05 14:30:41,241 - 2024-07-05 10:30:41.241493-04:00 - 10:30:41
2024-07-05 14:30:41,241 - Go selling...
2024-07-05 15:30:41,342 - 2024-07-05 11:30:41.341994-04:00 - 11:30:41
2024-07-05 16:30:41,442 - 2024-07-05 12:30:41.442404-04:00 - 12:30:41
2024-07-05 17:30:41,465 - 2024-07-05 13:30:41.465472-04:00 - 13:30:41
2024-07-05 18:30:41,561 - 2024-07-05 14:30:41.561527-04:00 - 14:30:41
2024-07-05 18:30:41,561 - Go buying...
2024-07-05 18:30:43,324 - 2024-07-05 14:30:41.561527-04:00 Predit on buy: spxl, 0.9, 0.0, 0, 153.76499938964844
2024-07-05 18:30:44,796 - 2024-07-05 14:30:41.561527-04:00 Predit on buy: tqqq, 0.9, 0.0, 0, 81.4749984741211
2024-07-05 18:30:46,294 - 2024-07-05 14:30:41.561527-04:00 Predit on buy: tecl, 0.9, 0.0, 0, 106.05000305175781
2024-07-05 18:30:47,786 - 2024-07-05 14:30:41.561527-04:00 Predit on buy: soxl, 0.9, 0.0, 0, 61.060001373291016
2024-07-05 18:30:49,237 - 2024-07-05 14:30:41.561527-04:00 Predit on buy: nvdl, 0.9, 0.0, 0, 73.08999633789062
2024-07-05 18:30:50,716 - 2024-07-05 14:30:41.561527-04:00 Predit on buy: fngu, 0.9, 0.0, 0, 540.4600219726562
2024-07-05 18:30:50,716 - Stock to buy: []
2024-07-05 19:30:50,809 - 2024-07-05 15:30:50.809489-04:00 - 15:30:50
2024-07-05 20:30:50,819 - 2024-07-05 16:30:50.818873-04:00 - 16:30:50
2024-07-05 21:30:50,873 - 2024-07-05 17:30:50.873513-04:00 - 17:30:50
2024-07-05 22:30:50,909 - 2024-07-05 18:30:50.909843-04:00 - 18:30:50
2024-07-05 23:30:51,010 - 2024-07-05 19:30:51.010292-04:00 - 19:30:51
2024-07-06 00:30:51,110 - 2024-07-05 20:30:51.110862-04:00 - 20:30:51
2024-07-06 01:30:51,211 - 2024-07-05 21:30:51.211299-04:00 - 21:30:51
2024-07-06 02:30:51,311 - 2024-07-05 22:30:51.311715-04:00 - 22:30:51
2024-07-06 02:30:51,312 - Go logging...
2024-07-06 02:30:52,483 - Email error: (535, b'5.7.8 Username and Password not accepted. For more information, go to\n5.7.8  https://support.google.com/mail/?p=BadCredentials af79cd13be357-79d69307d6esm833650185a.118 - gsmtp')
2024-07-06 02:30:52,483 - ==== 2024-07-05 22:30:51.311715-04:00 ====
2024-07-06 02:30:52,483 - == Holds:
2024-07-06 02:30:52,483 - == Cash: 10214.649517059326
2024-07-06 02:30:52,483 - == Total: 10214.649517059326
2024-07-06 03:30:52,584 - 2024-07-05 23:30:52.584029-04:00 - 23:30:52
2024-07-06 04:30:52,601 - 2024-07-06 00:30:52.601481-04:00 - 00:30:52
2024-07-06 05:30:52,665 - 2024-07-06 01:30:52.665496-04:00 - 01:30:52
2024-07-06 06:30:52,766 - 2024-07-06 02:30:52.765944-04:00 - 02:30:52
2024-07-06 07:30:52,866 - 2024-07-06 03:30:52.866437-04:00 - 03:30:52
2024-07-06 08:30:52,921 - 2024-07-06 04:30:52.921510-04:00 - 04:30:52
2024-07-06 09:30:52,985 - 2024-07-06 05:30:52.985478-04:00 - 05:30:52
2024-07-06 10:30:53,017 - 2024-07-06 06:30:53.017502-04:00 - 06:30:53
2024-07-06 11:30:53,049 - 2024-07-06 07:30:53.049480-04:00 - 07:30:53
