2024-06-20 12:27:45,465 - 2024-06-20 08:27:45.465498-04:00 - 08:27:45
2024-06-20 13:27:45,497 - 2024-06-20 09:27:45.497499-04:00 - 09:27:45
2024-06-20 14:27:45,529 - 2024-06-20 10:27:45.529468-04:00 - 10:27:45
2024-06-20 14:27:45,529 - Go selling...
2024-06-20 15:27:45,593 - 2024-06-20 11:27:45.593483-04:00 - 11:27:45
2024-06-20 16:27:45,625 - 2024-06-20 12:27:45.625485-04:00 - 12:27:45
2024-06-20 17:27:45,657 - 2024-06-20 13:27:45.657514-04:00 - 13:27:45
2024-06-20 18:27:45,705 - 2024-06-20 14:27:45.705491-04:00 - 14:27:45
2024-06-20 18:27:45,705 - Go buying...
2024-06-20 18:27:47,205 - 2024-06-20 14:27:45.705491-04:00 Predit on buy: spxl, 0.9, 0.0, 0, 148.56500244140625
2024-06-20 18:27:48,606 - 2024-06-20 14:27:45.705491-04:00 Predit on buy: tqqq, 0.9, 0.02, 0, 75.47059631347656
2024-06-20 18:27:49,999 - 2024-06-20 14:27:45.705491-04:00 Predit on buy: tecl, 0.9, 0.02, 0, 101.27999877929688
2024-06-20 18:27:51,389 - 2024-06-20 14:27:45.705491-04:00 Predit on buy: soxl, 0.9, 0.5722474482441383, 0, 61.17940139770508
2024-06-20 18:27:52,909 - 2024-06-20 14:27:45.705491-04:00 Predit on buy: nvdl, 0.9, 0.0, 0, 81.77999877929688
2024-06-20 18:27:54,296 - 2024-06-20 14:27:45.705491-04:00 Predit on buy: fngu, 0.9, 0.0, 0, 437.1000061035156
2024-06-20 18:27:54,296 - Stock to buy: []
2024-06-20 19:27:54,349 - 2024-06-20 15:27:54.349479-04:00 - 15:27:54
2024-06-20 20:27:54,361 - 2024-06-20 16:27:54.361463-04:00 - 16:27:54
2024-06-20 21:27:54,461 - 2024-06-20 17:27:54.461864-04:00 - 17:27:54
2024-06-20 22:27:54,532 - 2024-06-20 18:27:54.532738-04:00 - 18:27:54
2024-06-20 23:27:54,621 - 2024-06-20 19:27:54.621484-04:00 - 19:27:54
2024-06-21 00:27:54,722 - 2024-06-20 20:27:54.721916-04:00 - 20:27:54
2024-06-21 01:27:54,822 - 2024-06-20 21:27:54.822312-04:00 - 21:27:54
2024-06-21 02:27:54,873 - 2024-06-20 22:27:54.873474-04:00 - 22:27:54
2024-06-21 02:27:54,873 - Go logging...
2024-06-21 02:27:56,499 - Email sent: 2024-06-20 22:27:54.873474-04:00 Log
2024-06-21 02:27:56,500 - ==== 2024-06-20 22:27:54.873474-04:00 ====
2024-06-21 02:27:56,500 - == Holds:
2024-06-21 02:27:56,500 - == Cash: 10000
2024-06-21 02:27:56,500 - == Total: 10000.0
2024-06-21 03:27:56,600 - 2024-06-20 23:27:56.600694-04:00 - 23:27:56
2024-06-21 04:27:56,697 - 2024-06-21 00:27:56.697480-04:00 - 00:27:56
2024-06-21 05:27:56,798 - 2024-06-21 01:27:56.797932-04:00 - 01:27:56
2024-06-21 06:27:56,898 - 2024-06-21 02:27:56.898391-04:00 - 02:27:56
2024-06-21 07:27:56,921 - 2024-06-21 03:27:56.921503-04:00 - 03:27:56
2024-06-21 08:27:57,022 - 2024-06-21 04:27:57.021898-04:00 - 04:27:57
2024-06-21 09:27:57,053 - 2024-06-21 05:27:57.053453-04:00 - 05:27:57
2024-06-21 10:27:57,085 - 2024-06-21 06:27:57.085485-04:00 - 06:27:57
2024-06-21 11:27:57,145 - 2024-06-21 07:27:57.145495-04:00 - 07:27:57
