2024-07-19 12:33:46,665 - 2024-07-19 08:33:46.663849-04:00 - 08:33:46
2024-07-19 13:33:46,766 - 2024-07-19 09:33:46.766793-04:00 - 09:33:46
2024-07-19 14:33:46,781 - 2024-07-19 10:33:46.781491-04:00 - 10:33:46
2024-07-19 14:33:46,781 - Go selling...
2024-07-19 14:33:48,618 - 2024-07-19 10:33:46.781491-04:00 Predit on buy: spxl, 0.9, 0.8715897362353248, 0, 150.17990112304688
2024-07-19 14:33:50,016 - 2024-07-19 10:33:46.781491-04:00 Predit on buy: tqqq, 0.9, 0.9393137254901962, 1, 71.91999816894531
2024-07-19 14:33:51,438 - 2024-07-19 10:33:46.781491-04:00 Predit on buy: tecl, 0.9, 0.9676470588235293, 1, 90.6500015258789
2024-07-19 14:33:53,094 - 2024-07-19 10:33:46.781491-04:00 Predit on buy: soxl, 0.9, 0.9608974358974359, 1, 48.560001373291016
2024-07-19 14:33:54,530 - 2024-07-19 10:33:46.781491-04:00 Predit on buy: nvdl, 0.9, 0.9288436400201107, 1, 62.82529830932617
2024-07-19 14:33:56,085 - 2024-07-19 10:33:46.781491-04:00 Predit on buy: fngu, 0.9, 0.9857142857142858, 1, 440.0050048828125
2024-07-19 14:33:56,086 - Stock to buy: [('fngu', 440.0050048828125, 0.9857142857142858), ('tecl', 90.6500015258789, 0.9676470588235293), ('soxl', 48.560001373291016, 0.9608974358974359), ('tqqq', 71.91999816894531, 0.9393137254901962), ('nvdl', 62.82529830932617, 0.9288436400201107)]
2024-07-19 14:33:57,714 - 2024-07-19 10:33:46.781491-04:00 To sell for predict: tqqq, 0.9, [0. 0.], 0, 71.86499786376953
2024-07-19 15:33:57,815 - 2024-07-19 11:33:57.815142-04:00 - 11:33:57
2024-07-19 16:33:57,915 - 2024-07-19 12:33:57.915637-04:00 - 12:33:57
2024-07-19 17:33:57,945 - 2024-07-19 13:33:57.945471-04:00 - 13:33:57
2024-07-19 18:33:57,977 - 2024-07-19 14:33:57.977479-04:00 - 14:33:57
2024-07-19 18:33:57,977 - Go buying...
2024-07-19 19:33:58,078 - 2024-07-19 15:33:58.077977-04:00 - 15:33:58
2024-07-19 20:33:58,178 - 2024-07-19 16:33:58.178431-04:00 - 16:33:58
2024-07-19 21:33:58,265 - 2024-07-19 17:33:58.265472-04:00 - 17:33:58
2024-07-19 22:33:58,297 - 2024-07-19 18:33:58.297479-04:00 - 18:33:58
2024-07-19 23:33:58,361 - 2024-07-19 19:33:58.361456-04:00 - 19:33:58
2024-07-20 00:33:58,461 - 2024-07-19 20:33:58.461859-04:00 - 20:33:58
2024-07-20 01:33:58,563 - 2024-07-19 21:33:58.562933-04:00 - 21:33:58
2024-07-20 02:33:58,663 - 2024-07-19 22:33:58.663368-04:00 - 22:33:58
2024-07-20 02:33:58,663 - Go logging...
2024-07-20 02:33:59,852 - Email error: (535, b'5.7.8 Username and Password not accepted. For more information, go to\n5.7.8  https://support.google.com/mail/?p=BadCredentials af79cd13be357-7a198fae658sm149328685a.20 - gsmtp')
2024-07-20 02:33:59,852 - ==== 2024-07-19 22:33:58.663368-04:00 ====
2024-07-20 02:33:59,852 - == Holds:
2024-07-20 02:34:00,048 - tqqq, [41.0, 72.41999816894531, 2969.219924926758, 72.41999816894531], |, 2913.4598999023438, -55.76002502441406
2024-07-20 02:34:00,145 - tecl, [33.0, 91.7699966430664, 3028.4098892211914, 91.7699966430664], |, 2938.9799194335938, -89.42996978759766
2024-07-20 02:34:00,178 - fngu, [6.0, 443.7200012207031, 2662.3200073242188, 443.7200012207031], |, 2586.0, -76.32000732421875
2024-07-20 02:34:00,179 - == Cash: 515.6199836730957
2024-07-20 02:34:00,179 - == Total: 8954.059803009033
2024-07-20 03:34:00,279 - 2024-07-19 23:34:00.279333-04:00 - 23:34:00
2024-07-20 04:34:00,338 - 2024-07-20 00:34:00.338588-04:00 - 00:34:00
2024-07-20 05:34:00,345 - 2024-07-20 01:34:00.345712-04:00 - 01:34:00
2024-07-20 06:34:00,365 - 2024-07-20 02:34:00.365478-04:00 - 02:34:00
2024-07-20 07:34:00,485 - 2024-07-20 03:34:00.477613-04:00 - 03:34:00
2024-07-20 08:34:00,594 - 2024-07-20 04:34:00.594563-04:00 - 04:34:00
2024-07-20 09:34:00,652 - 2024-07-20 05:34:00.652223-04:00 - 05:34:00
2024-07-20 10:34:00,661 - 2024-07-20 06:34:00.661459-04:00 - 06:34:00
2024-07-20 11:34:00,761 - 2024-07-20 07:34:00.761838-04:00 - 07:34:00
