2024-07-26 12:35:29,035 - 2024-07-26 08:35:29.035637-04:00 - 08:35:29
2024-07-26 13:35:29,136 - 2024-07-26 09:35:29.136103-04:00 - 09:35:29
2024-07-26 14:35:29,236 - 2024-07-26 10:35:29.236548-04:00 - 10:35:29
2024-07-26 14:35:29,236 - Go selling...
2024-07-26 14:35:30,830 - 2024-07-26 10:35:29.236548-04:00 Predit on buy: spxl, 0.9, 0.15621438966247023, 0, 142.16000366210938
2024-07-26 14:35:32,293 - 2024-07-26 10:35:29.236548-04:00 Predit on buy: tqqq, 0.9, 0.6550788397970775, 0, 64.04000091552734
2024-07-26 14:35:33,734 - 2024-07-26 10:35:29.236548-04:00 Predit on buy: tecl, 0.9, 0.7409376170245735, 0, 81.12999725341797
2024-07-26 14:35:35,434 - 2024-07-26 10:35:29.236548-04:00 Predit on buy: soxl, 0.9, 0.7578630828630828, 0, 40.97999954223633
2024-07-26 14:35:37,009 - 2024-07-26 10:35:29.236548-04:00 Predit on buy: nvdl, 0.9, 0.7681805431805431, 0, 55.974998474121094
2024-07-26 14:35:38,491 - 2024-07-26 10:35:29.236548-04:00 Predit on buy: fngu, 0.9, 0.9026882371573907, 1, 377.6300048828125
2024-07-26 14:35:38,491 - Stock to buy: [('fngu', 377.6300048828125, 0.9026882371573907)]
2024-07-26 14:35:38,553 - 2024-07-26 10:35:29.236548-04:00 To sell for stop-loss: tqqq, at price 64.05999755859375, max is 74.19999694824219
2024-07-26 14:35:39,893 - Email error: (535, b'5.7.8 Username and Password not accepted. For more information, go to\n5.7.8  https://support.google.com/mail/?p=BadCredentials af79cd13be357-7a1df4a3490sm64966985a.122 - gsmtp')
2024-07-26 15:35:39,993 - 2024-07-26 11:35:39.993486-04:00 - 11:35:39
2024-07-26 16:35:40,094 - 2024-07-26 12:35:40.094068-04:00 - 12:35:40
2024-07-26 17:35:40,194 - 2024-07-26 13:35:40.194513-04:00 - 13:35:40
2024-07-26 18:35:40,281 - 2024-07-26 14:35:40.281472-04:00 - 14:35:40
2024-07-26 18:35:40,281 - Go buying...
2024-07-26 18:35:41,827 - 2024-07-26 14:35:40.281472-04:00 Predit on buy: spxl, 0.9, 0.0, 0, 144.3800048828125
2024-07-26 18:35:43,325 - 2024-07-26 14:35:40.281472-04:00 Predit on buy: tqqq, 0.9, 0.5496189357058923, 0, 65.34500122070312
2024-07-26 18:35:44,792 - 2024-07-26 14:35:40.281472-04:00 Predit on buy: tecl, 0.9, 0.49291741224368435, 0, 82.91000366210938
2024-07-26 18:35:46,249 - 2024-07-26 14:35:40.281472-04:00 Predit on buy: soxl, 0.9, 0.5567617928487494, 0, 42.09000015258789
2024-07-26 18:35:47,728 - 2024-07-26 14:35:40.281472-04:00 Predit on buy: nvdl, 0.9, 0.7067126795956755, 0, 56.739898681640625
2024-07-26 18:35:49,133 - 2024-07-26 14:35:40.281472-04:00 Predit on buy: fngu, 0.9, 0.5130699033361438, 0, 386.4599914550781
2024-07-26 18:35:49,133 - Stock to buy: []
2024-07-26 19:35:49,145 - 2024-07-26 15:35:49.145465-04:00 - 15:35:49
2024-07-26 20:35:49,209 - 2024-07-26 16:35:49.209502-04:00 - 16:35:49
2024-07-26 21:35:49,310 - 2024-07-26 17:35:49.309997-04:00 - 17:35:49
2024-07-26 22:35:49,410 - 2024-07-26 18:35:49.410420-04:00 - 18:35:49
2024-07-26 23:35:49,510 - 2024-07-26 19:35:49.510850-04:00 - 19:35:49
2024-07-27 00:35:49,611 - 2024-07-26 20:35:49.611310-04:00 - 20:35:49
2024-07-27 01:35:49,625 - 2024-07-26 21:35:49.625490-04:00 - 21:35:49
2024-07-27 02:35:49,726 - 2024-07-26 22:35:49.725991-04:00 - 22:35:49
2024-07-27 02:35:49,726 - Go logging...
2024-07-27 02:35:50,888 - Email error: (535, b'5.7.8 Username and Password not accepted. For more information, go to\n5.7.8  https://support.google.com/mail/?p=BadCredentials af79cd13be357-7a1d73b3685sm236108985a.35 - gsmtp')
2024-07-27 02:35:50,888 - ==== 2024-07-26 22:35:49.725991-04:00 ====
2024-07-27 02:35:50,888 - == Holds:
2024-07-27 02:35:51,098 - fngu, [7.0, 391.25, 2738.75, 391.25], |, 2694.0899658203125, -44.6600341796875
2024-07-27 02:35:51,099 - == Cash: 5703.829738616943
2024-07-27 02:35:51,099 - == Total: 8397.919704437256
2024-07-27 03:35:51,193 - 2024-07-26 23:35:51.193479-04:00 - 23:35:51
2024-07-27 04:35:51,289 - 2024-07-27 00:35:51.289493-04:00 - 00:35:51
2024-07-27 05:35:51,390 - 2024-07-27 01:35:51.390001-04:00 - 01:35:51
2024-07-27 06:35:51,490 - 2024-07-27 02:35:51.490506-04:00 - 02:35:51
2024-07-27 07:35:51,569 - 2024-07-27 03:35:51.569880-04:00 - 03:35:51
2024-07-27 08:35:51,670 - 2024-07-27 04:35:51.670259-04:00 - 04:35:51
2024-07-27 09:35:51,769 - 2024-07-27 05:35:51.769493-04:00 - 05:35:51
2024-07-27 10:35:51,870 - 2024-07-27 06:35:51.869937-04:00 - 06:35:51
2024-07-27 11:35:51,970 - 2024-07-27 07:35:51.970361-04:00 - 07:35:51
