2024-07-29 12:35:55,262 - 2024-07-29 08:35:55.262151-04:00 - 08:35:55
2024-07-29 13:35:55,362 - 2024-07-29 09:35:55.362617-04:00 - 09:35:55
2024-07-29 14:35:55,463 - 2024-07-29 10:35:55.463040-04:00 - 10:35:55
2024-07-29 14:35:55,463 - Go selling...
2024-07-29 14:35:57,203 - 2024-07-29 10:35:55.463040-04:00 Predit on buy: spxl, 0.9, 0.02, 0, 144.22500610351562
2024-07-29 14:35:58,631 - 2024-07-29 10:35:55.463040-04:00 Predit on buy: tqqq, 0.9, 0.065, 0, 66.21990203857422
2024-07-29 14:36:00,094 - 2024-07-29 10:35:55.463040-04:00 Predit on buy: tecl, 0.9, 0.065, 0, 83.77999877929688
2024-07-29 14:36:01,531 - 2024-07-29 10:35:55.463040-04:00 Predit on buy: soxl, 0.9, 0.04850372060103275, 0, 43.529998779296875
2024-07-29 14:36:03,032 - 2024-07-29 10:35:55.463040-04:00 Predit on buy: nvdl, 0.9, 0.065, 0, 58.150001525878906
2024-07-29 14:36:04,526 - 2024-07-29 10:35:55.463040-04:00 Predit on buy: fngu, 0.9, 0.06153104535890166, 0, 397.75
2024-07-29 14:36:04,526 - Stock to buy: []
2024-07-29 14:36:06,035 - 2024-07-29 10:35:55.463040-04:00 To sell for predict: fngu, 0.9, [0.         0.03333333], 0, 397.75
2024-07-29 15:36:06,136 - 2024-07-29 11:36:06.136361-04:00 - 11:36:06
2024-07-29 16:36:06,145 - 2024-07-29 12:36:06.145494-04:00 - 12:36:06
2024-07-29 17:36:06,246 - 2024-07-29 13:36:06.245920-04:00 - 13:36:06
2024-07-29 18:36:06,280 - 2024-07-29 14:36:06.279938-04:00 - 14:36:06
2024-07-29 18:36:06,280 - Go buying...
2024-07-29 18:36:07,921 - 2024-07-29 14:36:06.279938-04:00 Predit on buy: spxl, 0.9, 0.0, 0, 144.30990600585938
2024-07-29 18:36:09,396 - 2024-07-29 14:36:06.279938-04:00 Predit on buy: tqqq, 0.9, 0.07560662309396561, 0, 65.41999816894531
2024-07-29 18:36:11,026 - 2024-07-29 14:36:06.279938-04:00 Predit on buy: tecl, 0.9, 0.7836080161167894, 0, 81.9000015258789
2024-07-29 18:36:12,535 - 2024-07-29 14:36:06.279938-04:00 Predit on buy: soxl, 0.9, 0.13751587459921277, 0, 42.04999923706055
2024-07-29 18:36:14,016 - 2024-07-29 14:36:06.279938-04:00 Predit on buy: nvdl, 0.9, 0.9369872714564249, 1, 55.16999816894531
2024-07-29 18:36:15,423 - 2024-07-29 14:36:06.279938-04:00 Predit on buy: fngu, 0.9, 0.065, 0, 392.0098876953125
2024-07-29 18:36:15,423 - Stock to buy: [('nvdl', 55.16999816894531, 0.9369872714564249)]
2024-07-29 18:36:16,576 - Email error: (535, b'5.7.8 Username and Password not accepted. For more information, go to\n5.7.8  https://support.google.com/mail/?p=BadCredentials 6a1803df08f44-6bb3fb01b05sm55088716d6.134 - gsmtp')
2024-07-29 18:36:16,576 - nvdl is bought at 55.16999816894531 with 101.0 on 2024-07-29 14:36:06.279938-04:00
2024-07-29 19:36:16,601 - 2024-07-29 15:36:16.601466-04:00 - 15:36:16
2024-07-29 20:36:16,702 - 2024-07-29 16:36:16.701933-04:00 - 16:36:16
2024-07-29 21:36:16,721 - 2024-07-29 17:36:16.721497-04:00 - 17:36:16
2024-07-29 22:36:16,822 - 2024-07-29 18:36:16.821899-04:00 - 18:36:16
2024-07-29 23:36:16,921 - 2024-07-29 19:36:16.921493-04:00 - 19:36:16
2024-07-30 00:36:17,022 - 2024-07-29 20:36:17.022004-04:00 - 20:36:17
2024-07-30 01:36:17,122 - 2024-07-29 21:36:17.122515-04:00 - 21:36:17
2024-07-30 02:36:17,209 - 2024-07-29 22:36:17.209495-04:00 - 22:36:17
2024-07-30 02:36:17,209 - Go logging...
2024-07-30 02:36:18,318 - Email error: (535, b'5.7.8 Username and Password not accepted. For more information, go to\n5.7.8  https://support.google.com/mail/?p=BadCredentials d75a77b69052e-44fe814603esm46836901cf.23 - gsmtp')
2024-07-30 02:36:18,318 - ==== 2024-07-29 22:36:17.209495-04:00 ====
2024-07-30 02:36:18,318 - == Holds:
2024-07-30 02:36:18,460 - fngu, [7.0, 391.25, 2738.75, 397.75], |, 2744.3499145507812, 5.59991455078125
2024-07-30 02:36:18,533 - nvdl, [101.0, 55.16999816894531, 5572.169815063477, 55.16999816894531], |, 5537.830184936523, -34.339630126953125
2024-07-30 02:36:18,533 - == Cash: 131.6599235534668
2024-07-30 02:36:18,533 - == Total: 8413.840023040771
2024-07-30 03:36:18,634 - 2024-07-29 23:36:18.634305-04:00 - 23:36:18
2024-07-30 04:36:18,729 - 2024-07-30 00:36:18.729493-04:00 - 00:36:18
2024-07-30 05:36:18,830 - 2024-07-30 01:36:18.829947-04:00 - 01:36:18
2024-07-30 06:36:18,872 - 2024-07-30 02:36:18.871927-04:00 - 02:36:18
2024-07-30 07:36:18,905 - 2024-07-30 03:36:18.905111-04:00 - 03:36:18
2024-07-30 08:36:18,916 - 2024-07-30 04:36:18.916081-04:00 - 04:36:18
2024-07-30 09:36:19,016 - 2024-07-30 05:36:19.016509-04:00 - 05:36:19
2024-07-30 10:36:19,117 - 2024-07-30 06:36:19.116966-04:00 - 06:36:19
2024-07-30 11:36:19,157 - 2024-07-30 07:36:19.157482-04:00 - 07:36:19
