2024-07-10 12:31:20,964 - 2024-07-10 08:31:20.964295-04:00 - 08:31:20
2024-07-10 13:31:20,993 - 2024-07-10 09:31:20.993512-04:00 - 09:31:20
2024-07-10 14:31:21,019 - 2024-07-10 10:31:21.019392-04:00 - 10:31:21
2024-07-10 14:31:21,019 - Go selling...
2024-07-10 15:31:21,025 - 2024-07-10 11:31:21.025487-04:00 - 11:31:21
2024-07-10 16:31:21,121 - 2024-07-10 12:31:21.120925-04:00 - 12:31:21
2024-07-10 17:31:21,221 - 2024-07-10 13:31:21.221340-04:00 - 13:31:21
2024-07-10 18:31:21,229 - 2024-07-10 14:31:21.229475-04:00 - 14:31:21
2024-07-10 18:31:21,229 - Go buying...
2024-07-10 18:31:22,987 - 2024-07-10 14:31:21.229475-04:00 Predit on buy: spxl, 0.9, 0.0, 0, 158.16000366210938
2024-07-10 18:31:24,391 - 2024-07-10 14:31:21.229475-04:00 Predit on buy: tqqq, 0.9, 0.0, 0, 84.61009979248047
2024-07-10 18:31:25,794 - 2024-07-10 14:31:21.229475-04:00 Predit on buy: tecl, 0.9, 0.0, 0, 111.01000213623047
2024-07-10 18:31:27,215 - 2024-07-10 14:31:21.229475-04:00 Predit on buy: soxl, 0.9, 0.0, 0, 68.01000213623047
2024-07-10 18:31:28,638 - 2024-07-10 14:31:21.229475-04:00 Predit on buy: nvdl, 0.9, 0.0, 0, 81.36499786376953
2024-07-10 18:31:30,114 - 2024-07-10 14:31:21.229475-04:00 Predit on buy: fngu, 0.9, 0.0, 0, 561.7600708007812
2024-07-10 18:31:30,114 - Stock to buy: []
2024-07-10 19:31:30,215 - 2024-07-10 15:31:30.214895-04:00 - 15:31:30
2024-07-10 20:31:30,265 - 2024-07-10 16:31:30.265472-04:00 - 16:31:30
2024-07-10 21:31:30,365 - 2024-07-10 17:31:30.365887-04:00 - 17:31:30
2024-07-10 22:31:30,466 - 2024-07-10 18:31:30.466300-04:00 - 18:31:30
2024-07-10 23:31:30,517 - 2024-07-10 19:31:30.517512-04:00 - 19:31:30
2024-07-11 00:31:30,559 - 2024-07-10 20:31:30.559647-04:00 - 20:31:30
2024-07-11 01:31:30,660 - 2024-07-10 21:31:30.660047-04:00 - 21:31:30
2024-07-11 02:31:30,681 - 2024-07-10 22:31:30.681461-04:00 - 22:31:30
2024-07-11 02:31:30,681 - Go logging...
2024-07-11 02:31:31,848 - Email error: (535, b'5.7.8 Username and Password not accepted. For more information, go to\n5.7.8  https://support.google.com/mail/?p=BadCredentials af79cd13be357-79f19089117sm246288385a.87 - gsmtp')
2024-07-11 02:31:31,848 - ==== 2024-07-10 22:31:30.681461-04:00 ====
2024-07-11 02:31:31,848 - == Holds:
2024-07-11 02:31:31,848 - == Cash: 10214.649517059326
2024-07-11 02:31:31,849 - == Total: 10214.649517059326
2024-07-11 03:31:31,949 - 2024-07-10 23:31:31.949159-04:00 - 23:31:31
2024-07-11 04:31:32,003 - 2024-07-11 00:31:32.002981-04:00 - 00:31:32
2024-07-11 05:31:32,004 - 2024-07-11 01:31:32.004764-04:00 - 01:31:32
2024-07-11 06:31:32,057 - 2024-07-11 02:31:32.057528-04:00 - 02:31:32
2024-07-11 07:31:32,078 - 2024-07-11 03:31:32.077863-04:00 - 03:31:32
2024-07-11 08:31:32,178 - 2024-07-11 04:31:32.178333-04:00 - 04:31:32
2024-07-11 09:31:32,249 - 2024-07-11 05:31:32.249473-04:00 - 05:31:32
2024-07-11 10:31:32,293 - 2024-07-11 06:31:32.293494-04:00 - 06:31:32
2024-07-11 11:31:32,376 - 2024-07-11 07:31:32.375921-04:00 - 07:31:32
