2024-07-31 12:36:41,433 - 2024-07-31 08:36:41.433485-04:00 - 08:36:41
2024-07-31 13:36:41,534 - 2024-07-31 09:36:41.533968-04:00 - 09:36:41
2024-07-31 14:36:41,634 - 2024-07-31 10:36:41.634465-04:00 - 10:36:41
2024-07-31 14:36:41,634 - Go selling...
2024-07-31 14:36:43,123 - 2024-07-31 10:36:41.634465-04:00 Predit on buy: spxl, 0.9, 0.0, 0, 149.05999755859375
2024-07-31 14:36:44,724 - 2024-07-31 10:36:41.634465-04:00 Predit on buy: tqqq, 0.9, 0.0, 0, 68.01000213623047
2024-07-31 14:36:46,318 - 2024-07-31 10:36:41.634465-04:00 Predit on buy: tecl, 0.9, 0.0, 0, 83.43000030517578
2024-07-31 14:36:47,794 - 2024-07-31 10:36:41.634465-04:00 Predit on buy: soxl, 0.9, 0.04, 0, 42.38010025024414
2024-07-31 14:36:49,290 - 2024-07-31 10:36:41.634465-04:00 Predit on buy: nvdl, 0.9, 0.02, 0, 57.34000015258789
2024-07-31 14:36:50,734 - 2024-07-31 10:36:41.634465-04:00 Predit on buy: fngu, 0.9, 0.0, 0, 407.489990234375
2024-07-31 14:36:50,734 - Stock to buy: []
2024-07-31 14:36:52,532 - 2024-07-31 10:36:41.634465-04:00 To sell for predict: nvdl, 0.9, [0.         0.87875223], 0, 57.31999969482422
2024-07-31 14:36:54,110 - 2024-07-31 10:36:41.634465-04:00 To sell for predict: fngu, 0.9, [0.         0.86524125], 0, 407.489990234375
2024-07-31 15:36:54,209 - 2024-07-31 11:36:54.209462-04:00 - 11:36:54
2024-07-31 16:36:54,237 - 2024-07-31 12:36:54.237544-04:00 - 12:36:54
2024-07-31 17:36:54,249 - 2024-07-31 13:36:54.249480-04:00 - 13:36:54
2024-07-31 18:36:54,350 - 2024-07-31 14:36:54.349970-04:00 - 14:36:54
2024-07-31 18:36:54,350 - Go buying...
2024-07-31 18:36:55,893 - 2024-07-31 14:36:54.349970-04:00 Predit on buy: spxl, 0.9, 0.0, 0, 148.9499969482422
2024-07-31 18:36:57,292 - 2024-07-31 14:36:54.349970-04:00 Predit on buy: tqqq, 0.9, 0.02, 0, 67.90989685058594
2024-07-31 18:36:58,708 - 2024-07-31 14:36:54.349970-04:00 Predit on buy: tecl, 0.9, 0.0, 0, 83.94000244140625
2024-07-31 18:37:00,214 - 2024-07-31 14:36:54.349970-04:00 Predit on buy: soxl, 0.9, 0.0, 0, 43.561100006103516
2024-07-31 18:37:01,616 - 2024-07-31 14:36:54.349970-04:00 Predit on buy: nvdl, 0.9, 0.0, 0, 58.48649978637695
2024-07-31 18:37:03,110 - 2024-07-31 14:36:54.349970-04:00 Predit on buy: fngu, 0.9, 0.0, 0, 404.7049865722656
2024-07-31 18:37:03,110 - Stock to buy: []
2024-07-31 19:37:03,202 - 2024-07-31 15:37:03.202482-04:00 - 15:37:03
2024-07-31 20:37:03,303 - 2024-07-31 16:37:03.302930-04:00 - 16:37:03
2024-07-31 21:37:03,305 - 2024-07-31 17:37:03.305484-04:00 - 17:37:03
2024-07-31 22:37:03,353 - 2024-07-31 18:37:03.353500-04:00 - 18:37:03
2024-07-31 23:37:03,453 - 2024-07-31 19:37:03.453887-04:00 - 19:37:03
2024-08-01 00:37:03,554 - 2024-07-31 20:37:03.554293-04:00 - 20:37:03
2024-08-01 01:37:03,654 - 2024-07-31 21:37:03.654700-04:00 - 21:37:03
2024-08-01 02:37:03,755 - 2024-07-31 22:37:03.755104-04:00 - 22:37:03
2024-08-01 02:37:03,755 - Go logging...
2024-08-01 02:37:04,823 - Email error: (535, b'5.7.8 Username and Password not accepted. For more information, go to\n5.7.8  https://support.google.com/mail/?p=BadCredentials af79cd13be357-7a1ddea0c2asm705720285a.27 - gsmtp')
2024-08-01 02:37:04,823 - ==== 2024-07-31 22:37:03.755104-04:00 ====
2024-08-01 02:37:04,823 - == Holds:
2024-08-01 02:37:04,952 - fngu, [7.0, 391.25, 2738.75, 407.489990234375], |, 2873.219940185547, 134.46994018554688
2024-08-01 02:37:05,005 - nvdl, [101.0, 55.16999816894531, 5572.169815063477, 57.31999969482422], |, 5993.340015411377, 421.1702003479004
2024-08-01 02:37:05,005 - == Cash: 131.6599235534668
2024-08-01 02:37:05,005 - == Total: 8998.21987915039
2024-08-01 03:37:05,031 - 2024-07-31 23:37:05.031472-04:00 - 23:37:05
2024-08-01 04:37:05,113 - 2024-08-01 00:37:05.113572-04:00 - 00:37:05
2024-08-01 05:37:05,177 - 2024-08-01 01:37:05.177430-04:00 - 01:37:05
2024-08-01 06:37:05,229 - 2024-08-01 02:37:05.229508-04:00 - 02:37:05
2024-08-01 07:37:05,315 - 2024-08-01 03:37:05.315293-04:00 - 03:37:05
2024-08-01 08:37:05,415 - 2024-08-01 04:37:05.415776-04:00 - 04:37:05
2024-08-01 09:37:05,465 - 2024-08-01 05:37:05.465500-04:00 - 05:37:05
2024-08-01 10:37:05,561 - 2024-08-01 06:37:05.561479-04:00 - 06:37:05
2024-08-01 11:37:05,662 - 2024-08-01 07:37:05.661914-04:00 - 07:37:05
